
Machine Name:LTQ_DEMO
Task ID: 142
Start: 2015-11-5 15:13:48
Convert/Check Raw files:
File existed: Swath_MEPCEJune7-Biorep2b.mzXML
Send to MSPLIT: 2015-11-05 15:13:48
Run MSPLIT on remote server: xtandem2.mshri.on.ca
Machine Name:LTQ_DEMO
Task ID: 142
Start: 2015-11-5 15:14:51
Convert/Check Raw files:
File existed: Swath_MEPCEJune7-Biorep2b.mzXML
Send to MSPLIT: 2015-11-05 15:14:51
Run MSPLIT on remote server: xtandem2.mshri.on.ca
Machine Name:LTQ_DEMO
Task ID: 142
Start: 2015-11-5 15:15:36
Convert/Check Raw files:
File existed: Swath_MEPCEJune7-Biorep2b.mzXML
Send to MSPLIT: 2015-11-05 15:15:36
Run MSPLIT on remote server: xtandem2.mshri.on.ca
Machine Name:LTQ_DEMO
Task ID: 142
Start: 2015-11-5 15:17:33
Convert/Check Raw files:
File existed: Swath_MEPCEJune7-Biorep2b.mzXML
Send to MSPLIT: 2015-11-05 15:17:33
Run MSPLIT on remote server: xtandem2.mshri.on.ca
Machine Name:LTQ_DEMO
Task ID: 142
Start: 2015-11-5 15:22:33
Convert/Check Raw files:
File existed: Swath_MEPCEJune7-Biorep2b.mzXML
Send to MSPLIT: 2015-11-05 15:22:33
Run MSPLIT on remote server: xtandem2.mshri.on.ca
Machine Name:LTQ_DEMO
Task ID: 142
Start: 2015-11-5 15:23:42
Convert/Check Raw files:
File existed: Swath_MEPCEJune7-Biorep2b.mzXML
Send to MSPLIT: 2015-11-05 15:23:42
Run MSPLIT on remote server: xtandem2.mshri.on.ca
Machine Name:LTQ_DEMO
Task ID: 142
Start: 2015-11-5 15:26:21
Convert/Check Raw files:
File existed: Swath_MEPCEJune7-Biorep2b.mzXML
Send to MSPLIT: 2015-11-05 15:26:21
Run MSPLIT on remote server: xtandem2.mshri.on.ca
Machine Name:LTQ_DEMO
Task ID: 142
Start: 2015-11-5 15:27:23
Convert/Check Raw files:
File existed: Swath_MEPCEJune7-Biorep2b.mzXML
Send to MSPLIT: 2015-11-05 15:27:23
Run MSPLIT on remote server: xtandem2.mshri.on.ca
Machine Name:LTQ_DEMO
Task ID: 142
Start: 2015-11-5 15:29:51
Convert/Check Raw files:
File existed: Swath_MEPCEJune7-Biorep2b.mzXML
Send to MSPLIT: 2015-11-05 15:29:51
Run MSPLIT on remote server: xtandem2.mshri.on.ca
Machine Name:LTQ_DEMO
Task ID: 142
Start: 2015-11-5 15:30:51
Convert/Check Raw files:
File existed: Swath_MEPCEJune7-Biorep2b.mzXML
Send to MSPLIT: 2015-11-05 15:30:51
Run MSPLIT on remote server: xtandem2.mshri.on.ca
Machine Name:LTQ_DEMO
Task ID: 142
Start: 2015-11-5 15:31:33
Convert/Check Raw files:
File existed: Swath_MEPCEJune7-Biorep2b.mzXML
Send to MSPLIT: 2015-11-05 15:31:33
Run MSPLIT on remote server: xtandem2.mshri.on.ca
Machine Name:LTQ_DEMO
Task ID: 142
Start: 2015-11-5 15:32:51
Convert/Check Raw files:
File existed: Swath_MEPCEJune7-Biorep2b.mzXML
Send to MSPLIT: 2015-11-05 15:32:51
Run MSPLIT on remote server: xtandem2.mshri.on.ca
Machine Name:LTQ_DEMO
Task ID: 142
Start: 2015-11-5 15:43:46
Convert/Check Raw files:
File existed: Swath_MEPCEJune7-Biorep2b.mzXML
Send to MSPLIT: 2015-11-05 15:43:46
Run MSPLIT on local server.
Machine Name:LTQ_DEMO
Task ID: 142
Start: 2015-11-5 15:50:52
Convert/Check Raw files:
File existed: Swath_MEPCEJune7-Biorep2b.mzXML
Send to MSPLIT: 2015-11-05 15:50:52
Run MSPLIT on remote server: xtandem2.mshri.on.ca
Machine Name:LTQ_DEMO
Task ID: 142
Start: 2015-11-5 15:57:16
Convert/Check Raw files:
File existed: Swath_MEPCEJune7-Biorep2b.mzXML
Send to MSPLIT: 2015-11-05 15:57:16
Run MSPLIT on remote server: xtandem2.mshri.on.ca
Machine Name:LTQ_DEMO
Task ID: 142
Start: 2015-11-5 16:08:03
Convert/Check Raw files:
File existed: Swath_MEPCEJune7-Biorep2b.mzXML
Send to MSPLIT: 2015-11-05 16:08:03
Run MSPLIT on remote server: xtandem2.mshri.on.ca
Machine Name:LTQ_DEMO
Task ID: 142
Start: 2015-11-5 16:09:32
Convert/Check Raw files:
File existed: Swath_MEPCEJune7-Biorep2b.mzXML
Send to MSPLIT: 2015-11-05 16:09:32
Run MSPLIT on remote server: xtandem2.mshri.on.ca
Machine Name:LTQ_DEMO
Task ID: 142
Start: 2015-11-5 16:22:03
Convert/Check Raw files:
File existed: Swath_MEPCEJune7-Biorep2b.mzXML
Send to MSPLIT: 2015-11-05 16:22:03
Run MSPLIT on remote server: xtandem2.mshri.on.ca
Machine Name:LTQ_DEMO
Task ID: 142
Start: 2015-11-5 16:24:21
Convert/Check Raw files:
File existed: Swath_MEPCEJune7-Biorep2b.mzXML
Send to MSPLIT: 2015-11-05 16:24:21
Run MSPLIT on remote server: xtandem2.mshri.on.ca
Machine Name:LTQ_DEMO
Task ID: 142
Start: 2015-11-5 16:26:59
Convert/Check Raw files:
File existed: Swath_MEPCEJune7-Biorep2b.mzXML
Send to MSPLIT: 2015-11-05 16:26:59
Run MSPLIT on remote server: xtandem2.mshri.on.ca
Machine Name:LTQ_DEMO
Task ID: 142
Start: 2015-11-5 16:28:06
Convert/Check Raw files:
File existed: Swath_MEPCEJune7-Biorep2b.mzXML
Send to MSPLIT: 2015-11-05 16:28:06
Run MSPLIT on remote server: xtandem2.mshri.on.ca
Machine Name:LTQ_DEMO
Task ID: 142
Start: 2015-11-5 16:34:39
Convert/Check Raw files:
File existed: Swath_MEPCEJune7-Biorep2b.mzXML
Send to MSPLIT: 2015-11-05 16:34:39
Run MSPLIT on remote server: xtandem2.mshri.on.ca
Machine Name:LTQ_DEMO
Task ID: 142
Start: 2015-11-5 16:39:55
Convert/Check Raw files:
File existed: Swath_MEPCEJune7-Biorep2b.mzXML
Send to MSPLIT: 2015-11-05 16:39:55
Run MSPLIT on remote server: xtandem2.mshri.on.ca
Machine Name:LTQ_DEMO
Task ID: 142
Start: 2015-11-5 16:46:34
Convert/Check Raw files:
File existed: Swath_MEPCEJune7-Biorep2b.mzXML
Send to MSPLIT: 2015-11-05 16:46:34
Run MSPLIT on remote server: xtandem2.mshri.on.ca
Machine Name:LTQ_DEMO
Task ID: 142
Start: 2015-11-5 16:51:20
Convert/Check Raw files:
File existed: Swath_MEPCEJune7-Biorep2b.mzXML
Send to MSPLIT: 2015-11-05 16:51:20
Run MSPLIT on remote server: xtandem2.mshri.on.ca
Machine Name:LTQ_DEMO
Task ID: 142
Start: 2015-11-5 16:54:27
Convert/Check Raw files:
File existed: Swath_MEPCEJune7-Biorep2b.mzXML
Send to MSPLIT: 2015-11-05 16:54:27
Run MSPLIT on remote server: xtandem2.mshri.on.ca
Machine Name:LTQ_DEMO
Task ID: 142
Start: 2015-11-5 16:55:08
Convert/Check Raw files:
File existed: Swath_MEPCEJune7-Biorep2b.mzXML
Send to MSPLIT: 2015-11-05 16:55:09
Run MSPLIT on remote server: xtandem2.mshri.on.ca
Machine Name:LTQ_DEMO
Task ID: 142
Start: 2015-11-6 11:14:29
Convert/Check Raw files:
File existed: Swath_MEPCEJune7-Biorep2b.mzXML
Send to MSPLIT: 2015-11-06 11:14:29
Run MSPLIT on remote server: xtandem2.mshri.on.ca
Machine Name:LTQ_DEMO
Task ID: 142
Start: 2015-11-6 11:30:00
Convert/Check Raw files:
File existed: Swath_MEPCEJune7-Biorep2b.mzXML
Send to MSPLIT: 2015-11-06 11:30:00
Run MSPLIT on local server.
Machine Name:LTQ_DEMO
Task ID: 142
Start: 2015-11-6 12:39:40
Convert/Check Raw files:
File existed: Swath_MEPCEJune7-Biorep2b.mzXML
Send to MSPLIT: 2015-11-06 12:39:40
Run MSPLIT on local server.