
Machine Name:LTQ_DEMO
Task ID: 138
Start: 2015-11-3 11:30:12
Machine Name:LTQ_DEMO
Task ID: 138
Start: 2015-11-3 11:32:10
Created file:H02_25576.mgf
Machine Name:LTQ_DEMO
Task ID: 138
Start: 2015-11-3 11:33:50
Machine Name:LTQ_DEMO
Task ID: 138
Start: 2015-11-3 11:34:29
Machine Name:LTQ_DEMO
Task ID: 138
Start: 2015-11-3 11:35:48
Machine Name:LTQ_DEMO
Task ID: 138
Start: 2015-11-3 11:36:20
Machine Name:LTQ_DEMO
Task ID: 138
Start: 2015-11-3 11:36:49
Machine Name:LTQ_DEMO
Task ID: 138
Start: 2015-11-3 11:38:23
Machine Name:LTQ_DEMO
Task ID: 138
Start: 2015-11-3 11:39:11
Machine Name:LTQ_DEMO
Task ID: 138
Start: 2015-11-3 11:39:26
Machine Name:LTQ_DEMO
Task ID: 138
Start: 2015-11-3 11:41:40
Machine Name:LTQ_DEMO
Task ID: 138
Start: 2015-11-3 11:42:19
Machine Name:LTQ_DEMO
Task ID: 138
Start: 2015-11-3 11:44:30
Created file:H02_25576.mgf
Machine Name:LTQ_DEMO
Task ID: 138
Start: 2015-11-3 11:45:07
File existed: H02_25576.mgf
Machine Name:LTQ_DEMO
Task ID: 138
Start: 2015-11-3 11:47:41
File existed: H02_25576.mgf
Machine Name:LTQ_DEMO
Task ID: 138
Start: 2015-11-3 11:52:33
File existed: H02_25576.mgf
Machine Name:LTQ_DEMO
Task ID: 138
Start: 2015-11-3 11:54:35
File existed: H02_25576.mzML
Machine Name:LTQ_DEMO
Task ID: 138
Start: 2015-11-3 11:54:53
File existed: H02_25576.mzML
Machine Name:LTQ_DEMO
Task ID: 138
Start: 2015-11-3 11:55:23
File existed: H02_25576.mzML
Machine Name:LTQ_DEMO
Task ID: 138
Start: 2015-11-3 12:06:39