
Machine Name:LTQ_DEMO
Task ID: 133
Start: 2015-08-20 16:43:48
Convert Raw files:
File existed: 12_WASL_pelletA.mzXML
File existed: 13_WASL_pelletB.mzXML
Send to MSPLIT: 2015-08-20 16:43:48
Run MSPLIT on remote server: xtandemserver.mshri.on.ca
Machine Name:LTQ_DEMO
Task ID: 133
Start: 2015-08-27 10:35:35
Convert/Check Raw files:
File existed: 12_WASL_pelletA.mzXML
File existed: 13_WASL_pelletB.mzXML
Send to MSPLIT: 2015-08-27 10:35:35
Run MSPLIT on remote server: xtandemserver.mshri.on.ca
Machine Name:LTQ_DEMO
Task ID: 133
Start: 2015-10-5 12:14:44
Convert/Check Raw files:
File existed: 12_WASL_pelletA.mzXML
File existed: 13_WASL_pelletB.mzXML
Send to MSPLIT: 2015-10-05 12:14:44
Machine Name:LTQ_DEMO
Task ID: 133
Start: 2015-10-5 12:16:22
Convert/Check Raw files:
File existed: 12_WASL_pelletA.mzXML
File existed: 13_WASL_pelletB.mzXML
Send to MSPLIT: 2015-10-05 12:16:22
Machine Name:LTQ_DEMO
Task ID: 133
Start: 2015-10-5 12:18:19
Convert/Check Raw files:
File existed: 12_WASL_pelletA.mzXML
File existed: 13_WASL_pelletB.mzXML
Send to MSPLIT: 2015-10-05 12:18:19
Machine Name:LTQ_DEMO
Task ID: 133
Start: 2015-10-5 12:22:40
Convert/Check Raw files:
File existed: 12_WASL_pelletA.mzXML
File existed: 13_WASL_pelletB.mzXML
Send to MSPLIT: 2015-10-05 12:22:40
Machine Name:LTQ_DEMO
Task ID: 133
Start: 2015-10-5 13:44:07
Convert/Check Raw files:
File existed: 12_WASL_pelletA.mzXML
File existed: 13_WASL_pelletB.mzXML
Send to MSPLIT: 2015-10-05 13:44:07
Run MSPLIT on local server.
Machine Name:LTQ_DEMO
Task ID: 133
Start: 2015-10-5 14:03:17
Convert/Check Raw files:
File existed: 12_WASL_pelletA.mzXML
File existed: 13_WASL_pelletB.mzXML
Send to MSPLIT: 2015-10-05 14:03:17
Run MSPLIT on local server.
Machine Name:LTQ_DEMO
Task ID: 133
Start: 2015-10-5 14:11:40
Convert/Check Raw files:
File existed: 12_WASL_pelletA.mzXML
File existed: 13_WASL_pelletB.mzXML
Send to MSPLIT: 2015-10-05 14:11:40
Run MSPLIT on local server.
Machine Name:LTQ_DEMO
Task ID: 133
Start: 2015-10-5 14:11:54
Convert/Check Raw files:
File existed: 12_WASL_pelletA.mzXML
File existed: 13_WASL_pelletB.mzXML
Send to MSPLIT: 2015-10-05 14:11:54
Run MSPLIT on local server.
Machine Name:LTQ_DEMO
Task ID: 133
Start: 2015-10-5 14:12:39
Convert/Check Raw files:
File existed: 12_WASL_pelletA.mzXML
File existed: 13_WASL_pelletB.mzXML
Send to MSPLIT: 2015-10-05 14:12:39
Run MSPLIT on local server.