
Machine Name:LTQ_DEMO
Task ID: 141
Start: 2015-11-4 15:09:52
Convert/Check Raw files:
File existed: Swath_MEPCEJune7-Biorep2b.mzXML
Send to MSPLIT: 2015-11-04 15:09:52
Run MSPLIT on local server.
Machine Name:LTQ_DEMO
Task ID: 141
Start: 2015-11-4 15:50:55
Convert/Check Raw files:
File existed: Swath_MEPCEJune7-Biorep2b.mzXML
Send to MSPLIT: 2015-11-04 15:50:55
Run MSPLIT on local server.
Machine Name:LTQ_DEMO
Task ID: 141
Start: 2015-11-4 15:55:35
Convert/Check Raw files:
File existed: Swath_MEPCEJune7-Biorep2b.mzXML
Send to MSPLIT: 2015-11-04 15:55:35
Run MSPLIT on local server.
Machine Name:LTQ_DEMO
Task ID: 141
Start: 2015-11-4 15:56:40
Convert/Check Raw files:
File existed: Swath_MEPCEJune7-Biorep2b.mzXML
Send to MSPLIT: 2015-11-04 15:56:40
Run MSPLIT on local server.
Machine Name:LTQ_DEMO
Task ID: 141
Start: 2015-11-4 15:57:51
Convert/Check Raw files:
File existed: Swath_MEPCEJune7-Biorep2b.mzXML
Send to MSPLIT: 2015-11-04 15:57:51
Run MSPLIT on local server.
Machine Name:LTQ_DEMO
Task ID: 141
Start: 2015-11-4 16:00:49
Convert/Check Raw files:
File existed: Swath_MEPCEJune7-Biorep2b.mzXML
Send to MSPLIT: 2015-11-04 16:00:49
Run MSPLIT on local server.
Machine Name:LTQ_DEMO
Task ID: 141
Start: 2015-11-4 16:03:59
Convert/Check Raw files:
File existed: Swath_MEPCEJune7-Biorep2b.mzXML
Send to MSPLIT: 2015-11-04 16:03:59
Run MSPLIT on local server.
Machine Name:LTQ_DEMO
Task ID: 141
Start: 2015-11-4 16:13:24
Convert/Check Raw files:
File existed: Swath_MEPCEJune7-Biorep2b.mzXML
Send to MSPLIT: 2015-11-04 16:13:25
Run MSPLIT on local server.
Machine Name:LTQ_DEMO
Task ID: 141
Start: 2015-11-4 16:14:29
Convert/Check Raw files:
File existed: Swath_MEPCEJune7-Biorep2b.mzXML
Send to MSPLIT: 2015-11-04 16:14:29
Run MSPLIT on local server.
Machine Name:LTQ_DEMO
Task ID: 141
Start: 2015-11-5 9:54:14
Convert/Check Raw files:
File existed: Swath_MEPCEJune7-Biorep2b.mzXML
Send to MSPLIT: 2015-11-05 9:54:14
Run MSPLIT on local server.
Machine Name:LTQ_DEMO
Task ID: 141
Start: 2015-11-5 11:07:21
Convert/Check Raw files:
Machine Name:LTQ_DEMO
Task ID: 141
Start: 2015-11-5 11:08:28
Convert/Check Raw files:
File existed: Swath_MEPCEJune7-Biorep2b.mzXML
Send to MSPLIT: 2015-11-05 11:08:28
Run MSPLIT on local server.