
Machine Name:LTQ_DEMO
Task ID: 3
Start: 2015-11-24 14:33:43
Convert/Check Raw files:
Machine Name:LTQ_DEMO
Task ID: 3
Start: 2015-11-24 14:35:58
Convert/Check Raw files:
Machine Name:LTQ_DEMO
Task ID: 3
Start: 2015-11-24 14:41:51
Convert/Check Raw files:
Machine Name:LTQ_DEMO
Task ID: 3
Start: 2015-11-24 14:58:16
Convert/Check Raw files:
Machine Name:LTQ_DEMO
Task ID: 3
Start: 2015-11-24 14:59:31
Convert/Check Raw files:
Machine Name:LTQ_DEMO
Task ID: 3
Start: 2015-11-24 15:02:14
Convert/Check Raw files:
Machine Name:LTQ_DEMO
Task ID: 3
Start: 2015-11-24 15:02:26
Convert/Check Raw files:
Machine Name:LTQ_DEMO
Task ID: 3
Start: 2015-11-24 15:03:44
Convert/Check Raw files:
Machine Name:LTQ_DEMO
Task ID: 3
Start: 2015-11-24 15:04:27
Convert/Check Raw files:
Machine Name:LTQ_DEMO
Task ID: 3
Start: 2015-11-24 15:04:59
Convert/Check Raw files:
Machine Name:LTQ_DEMO
Task ID: 3
Start: 2015-11-24 15:05:41
Convert/Check Raw files:
Machine Name:LTQ_DEMO
Task ID: 3
Start: 2015-11-24 15:10:11
Convert/Check Raw files:
File existed: Swath_EIF4aJune7-Biorep2.mzXML.gz
File existed: Swath_MEPCEJune7-Biorep3.mzXML.gz
Send to MSPLIT: 2015-11-24 15:10:11
Run MSPLIT on local server.