
Machine Name:LTQ_DEMO
Task ID: 137
Start: 2015-10-22 14:33:04
Created file:29934_CTCF_i2N_112414_BR1.mgf
File existed: 29934_CTCF_i2N_112414_BR1.mzML.gz
File existed: 29934_CTCF_i2N_112414_BR1.mzML.gz
File existed: 29934_CTCF_i2N_112414_BR1.mzML.gz
Machine Name:LTQ_DEMO
Task ID: 137
Start: 2015-10-27 12:04:26
Machine Name:LTQ_DEMO
Task ID: 137
Start: 2015-10-27 12:20:08
File existed: 29934_CTCF_i2N_112414_BR1.mzML.gz
Machine Name:LTQ_DEMO
Task ID: 137
Start: 2015-10-27 12:20:52
File existed: 29934_CTCF_i2N_112414_BR1.mzML.gz
Machine Name:LTQ_DEMO
Task ID: 137
Start: 2015-10-27 12:22:46
File existed: 29934_CTCF_i2N_112414_BR1.mzML.gz
Machine Name:LTQ_DEMO
Task ID: 137
Start: 2015-10-27 12:24:00
File existed: 29934_CTCF_i2N_112414_BR1.mzML.gz
Machine Name:LTQ_DEMO
Task ID: 137
Start: 2015-10-27 14:23:50
File existed: 29934_CTCF_i2N_112414_BR1.mzML.gz
File existed: 29934_CTCF_i2N_112414_BR1.mzML.gz
File existed: 29934_CTCF_i2N_112414_BR1.mzML.gz
File existed: 29934_CTCF_i2N_112414_BR1.mgf
Machine Name:LTQ_DEMO
Task ID: 137
Start: 2015-10-27 14:38:07
File existed: 29934_CTCF_i2N_112414_BR1.mzML.gz
Machine Name:LTQ_DEMO
Task ID: 137
Start: 2015-10-27 14:42:13
File existed: 29934_CTCF_i2N_112414_BR1.mzML.gz
Machine Name:LTQ_DEMO
Task ID: 137
Start: 2015-10-27 14:54:47
File existed: 29934_CTCF_i2N_112414_BR1.mzML.gz
File existed: 29934_CTCF_i2N_112414_BR1.mzML.gz
File existed: 29934_CTCF_i2N_112414_BR1.mgf