
Machine Name:LTQ_DEMO
Task ID: 23
Start: 2016-12-12 12:02:12
Convert/Check Raw files:
File existed: 4270_BirFl_CT_BioID_HEK_20160304_BR1_SWATH.mzXML.gz
File existed: 4269_BirFl_CT_BioID_HEK_20160304_BR1.mzXML
File existed: 4271_3xF_CT_BioID_HEK_20160304_BR1.mzXML
Machine Name:LTQ_DEMO
Task ID: 23
Start: 2016-12-12 14:31:35
Convert/Check Raw files:
File existed: 4270_BirFl_CT_BioID_HEK_20160304_BR1_SWATH.mzXML.gz
File existed: 4269_BirFl_CT_BioID_HEK_20160304_BR1.mzXML
File existed: 4271_3xF_CT_BioID_HEK_20160304_BR1.mzXML
Send to MSPLIT: 2016-12-12 14:31:35
Machine Name:LTQ_DEMO
Task ID: 23
Start: 2016-12-12 14:38:35
Convert/Check Raw files:
File existed: 4270_BirFl_CT_BioID_HEK_20160304_BR1_SWATH.mzXML.gz
File existed: 4269_BirFl_CT_BioID_HEK_20160304_BR1.mzXML
File existed: 4271_3xF_CT_BioID_HEK_20160304_BR1.mzXML
Send to MSPLIT: 2016-12-12 14:38:35
Machine Name:LTQ_DEMO
Task ID: 23
Start: 2016-12-12 14:59:38
Convert/Check Raw files:
File existed: 4270_BirFl_CT_BioID_HEK_20160304_BR1_SWATH.mzXML.gz
File existed: 4269_BirFl_CT_BioID_HEK_20160304_BR1.mzXML
File existed: 4271_3xF_CT_BioID_HEK_20160304_BR1.mzXML
Send to MSPLIT: 2016-12-12 14:59:38
Machine Name:LTQ_DEMO
Task ID: 23
Start: 2016-12-12 15:11:11
Convert/Check Raw files:
File existed: 4270_BirFl_CT_BioID_HEK_20160304_BR1_SWATH.mzXML.gz
File existed: 4269_BirFl_CT_BioID_HEK_20160304_BR1.mzXML
File existed: 4271_3xF_CT_BioID_HEK_20160304_BR1.mzXML
Machine Name:LTQ_DEMO
Task ID: 23
Start: 2016-12-12 15:20:43
Convert/Check Raw files:
File existed: 4270_BirFl_CT_BioID_HEK_20160304_BR1_SWATH.mzXML.gz
File existed: 4269_BirFl_CT_BioID_HEK_20160304_BR1.mzXML
File existed: 4271_3xF_CT_BioID_HEK_20160304_BR1.mzXML
Send to MSPLIT: 2016-12-12 15:20:43
Machine Name:LTQ_DEMO
Task ID: 23
Start: 2016-12-12 15:26:28
Convert/Check Raw files:
File existed: 4270_BirFl_CT_BioID_HEK_20160304_BR1_SWATH.mzXML.gz
File existed: 4269_BirFl_CT_BioID_HEK_20160304_BR1.mzXML
File existed: 4271_3xF_CT_BioID_HEK_20160304_BR1.mzXML
Send to MSPLIT: 2016-12-12 15:26:28
Machine Name:LTQ_DEMO
Task ID: 23
Start: 2016-12-12 15:27:11
Convert/Check Raw files:
File existed: 4270_BirFl_CT_BioID_HEK_20160304_BR1_SWATH.mzXML.gz
File existed: 4269_BirFl_CT_BioID_HEK_20160304_BR1.mzXML
File existed: 4271_3xF_CT_BioID_HEK_20160304_BR1.mzXML
Send to MSPLIT: 2016-12-12 15:27:11
Machine Name:LTQ_DEMO
Task ID: 23
Start: 2016-12-12 15:27:54
Convert/Check Raw files:
File existed: 4270_BirFl_CT_BioID_HEK_20160304_BR1_SWATH.mzXML.gz
File existed: 4269_BirFl_CT_BioID_HEK_20160304_BR1.mzXML
File existed: 4271_3xF_CT_BioID_HEK_20160304_BR1.mzXML
Send to MSPLIT: 2016-12-12 15:27:54
Run MSPLIT on local server.
Machine Name:LTQ_DEMO
Task ID: 23
Start: 2016-12-12 15:28:51
Convert/Check Raw files:
File existed: 4270_BirFl_CT_BioID_HEK_20160304_BR1_SWATH.mzXML.gz
File existed: 4269_BirFl_CT_BioID_HEK_20160304_BR1.mzXML
File existed: 4271_3xF_CT_BioID_HEK_20160304_BR1.mzXML
Send to MSPLIT: 2016-12-12 15:28:51
Run MSPLIT on local server.
Machine Name:LTQ_DEMO
Task ID: 23
Start: 2016-12-12 15:29:02
Convert/Check Raw files:
File existed: 4270_BirFl_CT_BioID_HEK_20160304_BR1_SWATH.mzXML.gz
File existed: 4269_BirFl_CT_BioID_HEK_20160304_BR1.mzXML
File existed: 4271_3xF_CT_BioID_HEK_20160304_BR1.mzXML
Send to MSPLIT: 2016-12-12 15:29:02
Run MSPLIT on local server.
Machine Name:LTQ_DEMO
Task ID: 23
Start: 2016-12-12 15:30:17
Convert/Check Raw files:
File existed: 4270_BirFl_CT_BioID_HEK_20160304_BR1_SWATH.mzXML.gz
File existed: 4269_BirFl_CT_BioID_HEK_20160304_BR1.mzXML
File existed: 4271_3xF_CT_BioID_HEK_20160304_BR1.mzXML
Send to MSPLIT: 2016-12-12 15:30:17
Run MSPLIT on local server.
Machine Name:LTQ_DEMO
Task ID: 23
Start: 2016-12-12 15:45:20
Convert/Check Raw files:
File existed: 4270_BirFl_CT_BioID_HEK_20160304_BR1_SWATH.mzXML.gz
File existed: 4269_BirFl_CT_BioID_HEK_20160304_BR1.mzXML
File existed: 4271_3xF_CT_BioID_HEK_20160304_BR1.mzXML
Send to MSPLIT: 2016-12-12 15:45:20
Run MSPLIT on local server.
Machine Name:LTQ_DEMO
Task ID: 23
Start: 2016-12-12 15:45:44
Convert/Check Raw files:
File existed: 4270_BirFl_CT_BioID_HEK_20160304_BR1_SWATH.mzXML.gz
File existed: 4269_BirFl_CT_BioID_HEK_20160304_BR1.mzXML
File existed: 4271_3xF_CT_BioID_HEK_20160304_BR1.mzXML
Send to MSPLIT: 2016-12-12 15:45:44
Run MSPLIT on local server.
Machine Name:LTQ_DEMO
Task ID: 23
Start: 2016-12-12 15:46:03
Convert/Check Raw files:
File existed: 4270_BirFl_CT_BioID_HEK_20160304_BR1_SWATH.mzXML.gz
File existed: 4269_BirFl_CT_BioID_HEK_20160304_BR1.mzXML
File existed: 4271_3xF_CT_BioID_HEK_20160304_BR1.mzXML
Send to MSPLIT: 2016-12-12 15:46:03
Run MSPLIT on local server.
Machine Name:LTQ_DEMO
Task ID: 23
Start: 2016-12-12 15:46:26
Convert/Check Raw files:
File existed: 4270_BirFl_CT_BioID_HEK_20160304_BR1_SWATH.mzXML.gz
File existed: 4269_BirFl_CT_BioID_HEK_20160304_BR1.mzXML
File existed: 4271_3xF_CT_BioID_HEK_20160304_BR1.mzXML
Send to MSPLIT: 2016-12-12 15:46:26
Run MSPLIT on local server.
Machine Name:LTQ_DEMO
Task ID: 23
Start: 2016-12-12 15:58:15
Convert/Check Raw files:
File existed: 4270_BirFl_CT_BioID_HEK_20160304_BR1_SWATH.mzXML.gz
File existed: 4269_BirFl_CT_BioID_HEK_20160304_BR1.mzXML
File existed: 4271_3xF_CT_BioID_HEK_20160304_BR1.mzXML
Send to MSPLIT: 2016-12-12 15:58:15
Run MSPLIT on local server.
Machine Name:LTQ_DEMO
Task ID: 23
Start: 2016-12-12 15:59:01
Convert/Check Raw files:
File existed: 4270_BirFl_CT_BioID_HEK_20160304_BR1_SWATH.mzXML.gz
File existed: 4269_BirFl_CT_BioID_HEK_20160304_BR1.mzXML
File existed: 4271_3xF_CT_BioID_HEK_20160304_BR1.mzXML
Send to MSPLIT: 2016-12-12 15:59:01
Run MSPLIT on local server.
Machine Name:LTQ_DEMO
Task ID: 23
Start: 2016-12-12 16:01:23
Convert/Check Raw files:
File existed: 4270_BirFl_CT_BioID_HEK_20160304_BR1_SWATH.mzXML.gz
File existed: 4269_BirFl_CT_BioID_HEK_20160304_BR1.mzXML
File existed: 4271_3xF_CT_BioID_HEK_20160304_BR1.mzXML
Send to MSPLIT: 2016-12-12 16:01:23
Run MSPLIT on local server.
Machine Name:LTQ_DEMO
Task ID: 23
Start: 2016-12-12 16:17:29
Convert/Check Raw files:
File existed: 4270_BirFl_CT_BioID_HEK_20160304_BR1_SWATH.mzXML.gz
File existed: 4269_BirFl_CT_BioID_HEK_20160304_BR1.mzXML
File existed: 4271_3xF_CT_BioID_HEK_20160304_BR1.mzXML
Send to MSPLIT: 2016-12-12 16:17:29
Run MSPLIT on local server.
Machine Name:LTQ_DEMO
Task ID: 23
Start: 2016-12-12 16:17:49
Convert/Check Raw files:
File existed: 4270_BirFl_CT_BioID_HEK_20160304_BR1_SWATH.mzXML.gz
File existed: 4269_BirFl_CT_BioID_HEK_20160304_BR1.mzXML
File existed: 4271_3xF_CT_BioID_HEK_20160304_BR1.mzXML
Send to MSPLIT: 2016-12-12 16:17:49
Run MSPLIT on local server.
Machine Name:LTQ_DEMO
Task ID: 23
Start: 2016-12-12 16:18:42
Convert/Check Raw files:
File existed: 4270_BirFl_CT_BioID_HEK_20160304_BR1_SWATH.mzXML.gz
File existed: 4269_BirFl_CT_BioID_HEK_20160304_BR1.mzXML
File existed: 4271_3xF_CT_BioID_HEK_20160304_BR1.mzXML
Send to MSPLIT: 2016-12-12 16:18:42
Run MSPLIT on local server.
Machine Name:LTQ_DEMO
Task ID: 23
Start: 2016-12-12 16:33:48
Convert/Check Raw files:
File existed: 4270_BirFl_CT_BioID_HEK_20160304_BR1_SWATH.mzXML.gz
File existed: 4269_BirFl_CT_BioID_HEK_20160304_BR1.mzXML
File existed: 4271_3xF_CT_BioID_HEK_20160304_BR1.mzXML
Send to MSPLIT: 2016-12-12 16:33:48
Run MSPLIT on local server.
Machine Name:LTQ_DEMO
Task ID: 23
Start: 2016-12-12 16:38:20
Convert/Check Raw files:
File existed: 4270_BirFl_CT_BioID_HEK_20160304_BR1_SWATH.mzXML.gz
File existed: 4269_BirFl_CT_BioID_HEK_20160304_BR1.mzXML
File existed: 4271_3xF_CT_BioID_HEK_20160304_BR1.mzXML
Send to MSPLIT: 2016-12-12 16:38:20
Run MSPLIT on local server.
Machine Name:LTQ_DEMO
Task ID: 23
Start: 2016-12-12 16:46:43
Convert/Check Raw files:
File existed: 4270_BirFl_CT_BioID_HEK_20160304_BR1_SWATH.mzXML.gz
File existed: 4269_BirFl_CT_BioID_HEK_20160304_BR1.mzXML
File existed: 4271_3xF_CT_BioID_HEK_20160304_BR1.mzXML
Send to MSPLIT: 2016-12-12 16:46:43
Run MSPLIT on local server.
Machine Name:LTQ_DEMO
Task ID: 23
Start: 2016-12-12 16:49:12
Convert/Check Raw files:
File existed: 4270_BirFl_CT_BioID_HEK_20160304_BR1_SWATH.mzXML.gz
File existed: 4269_BirFl_CT_BioID_HEK_20160304_BR1.mzXML
File existed: 4271_3xF_CT_BioID_HEK_20160304_BR1.mzXML
Send to MSPLIT: 2016-12-12 16:49:12
Run MSPLIT on local server.
Machine Name:LTQ_DEMO
Task ID: 23
Start: 2016-12-12 16:53:17
Convert/Check Raw files:
File existed: 4270_BirFl_CT_BioID_HEK_20160304_BR1_SWATH.mzXML.gz
File existed: 4269_BirFl_CT_BioID_HEK_20160304_BR1.mzXML
File existed: 4271_3xF_CT_BioID_HEK_20160304_BR1.mzXML
Send to MSPLIT: 2016-12-12 16:53:17
Run MSPLIT on local server.
Machine Name:LTQ_DEMO
Task ID: 23
Start: 2016-12-12 16:53:35
Convert/Check Raw files:
File existed: 4270_BirFl_CT_BioID_HEK_20160304_BR1_SWATH.mzXML.gz
File existed: 4269_BirFl_CT_BioID_HEK_20160304_BR1.mzXML
File existed: 4271_3xF_CT_BioID_HEK_20160304_BR1.mzXML
Send to MSPLIT: 2016-12-12 16:53:35
Run MSPLIT on local server.
Machine Name:LTQ_DEMO
Task ID: 23
Start: 2016-12-12 16:53:39
Convert/Check Raw files:
File existed: 4270_BirFl_CT_BioID_HEK_20160304_BR1_SWATH.mzXML.gz
File existed: 4269_BirFl_CT_BioID_HEK_20160304_BR1.mzXML
File existed: 4271_3xF_CT_BioID_HEK_20160304_BR1.mzXML
Send to MSPLIT: 2016-12-12 16:53:39
Run MSPLIT on local server.
Machine Name:LTQ_DEMO
Task ID: 23
Start: 2016-12-12 16:55:04
Convert/Check Raw files:
File existed: 4270_BirFl_CT_BioID_HEK_20160304_BR1_SWATH.mzXML.gz
File existed: 4269_BirFl_CT_BioID_HEK_20160304_BR1.mzXML
File existed: 4271_3xF_CT_BioID_HEK_20160304_BR1.mzXML
Send to MSPLIT: 2016-12-12 16:55:04
Run MSPLIT on local server.
Machine Name:LTQ_DEMO
Task ID: 23
Start: 2016-12-12 16:55:59
Convert/Check Raw files:
File existed: 4270_BirFl_CT_BioID_HEK_20160304_BR1_SWATH.mzXML.gz
File existed: 4269_BirFl_CT_BioID_HEK_20160304_BR1.mzXML
File existed: 4271_3xF_CT_BioID_HEK_20160304_BR1.mzXML
Send to MSPLIT: 2016-12-12 16:55:59
Run MSPLIT on local server.
Machine Name:LTQ_DEMO
Task ID: 23
Start: 2016-12-12 16:56:18
Convert/Check Raw files:
File existed: 4270_BirFl_CT_BioID_HEK_20160304_BR1_SWATH.mzXML.gz
File existed: 4269_BirFl_CT_BioID_HEK_20160304_BR1.mzXML
File existed: 4271_3xF_CT_BioID_HEK_20160304_BR1.mzXML
Send to MSPLIT: 2016-12-12 16:56:19
Run MSPLIT on local server.
Machine Name:LTQ_DEMO
Task ID: 23
Start: 2016-12-12 17:00:32
Convert/Check Raw files:
File existed: 4270_BirFl_CT_BioID_HEK_20160304_BR1_SWATH.mzXML.gz
File existed: 4269_BirFl_CT_BioID_HEK_20160304_BR1.mzXML
File existed: 4271_3xF_CT_BioID_HEK_20160304_BR1.mzXML
Send to MSPLIT: 2016-12-12 17:00:32
Run MSPLIT on local server.
Machine Name:LTQ_DEMO
Task ID: 23
Start: 2016-12-12 17:00:52
Convert/Check Raw files:
File existed: 4270_BirFl_CT_BioID_HEK_20160304_BR1_SWATH.mzXML.gz
File existed: 4269_BirFl_CT_BioID_HEK_20160304_BR1.mzXML
File existed: 4271_3xF_CT_BioID_HEK_20160304_BR1.mzXML
Send to MSPLIT: 2016-12-12 17:00:52
Run MSPLIT on local server.
Machine Name:LTQ_DEMO
Task ID: 23
Start: 2016-12-13 13:24:14
Convert/Check Raw files:
File existed: 4270_BirFl_CT_BioID_HEK_20160304_BR1_SWATH.mzXML.gz
File existed: 4269_BirFl_CT_BioID_HEK_20160304_BR1.mzXML
File existed: 4271_3xF_CT_BioID_HEK_20160304_BR1.mzXML
Send to MSPLIT: 2016-12-13 13:24:14
Run MSPLIT on local server.
Machine Name:LTQ_DEMO
Task ID: 23
Start: 2016-12-13 13:24:50
Convert/Check Raw files:
File existed: 4270_BirFl_CT_BioID_HEK_20160304_BR1_SWATH.mzXML.gz
File existed: 4269_BirFl_CT_BioID_HEK_20160304_BR1.mzXML
File existed: 4271_3xF_CT_BioID_HEK_20160304_BR1.mzXML
Send to MSPLIT: 2016-12-13 13:24:50
Run MSPLIT on local server.
Machine Name:LTQ_DEMO
Task ID: 23
Start: 2016-12-13 13:27:17
Convert/Check Raw files:
File existed: 4270_BirFl_CT_BioID_HEK_20160304_BR1_SWATH.mzXML.gz
File existed: 4269_BirFl_CT_BioID_HEK_20160304_BR1.mzXML
File existed: 4271_3xF_CT_BioID_HEK_20160304_BR1.mzXML
Send to MSPLIT: 2016-12-13 13:27:17
Run MSPLIT on local server.
Machine Name:LTQ_DEMO
Task ID: 23
Start: 2016-12-13 13:28:40
Convert/Check Raw files:
File existed: 4270_BirFl_CT_BioID_HEK_20160304_BR1_SWATH.mzXML.gz
File existed: 4269_BirFl_CT_BioID_HEK_20160304_BR1.mzXML
File existed: 4271_3xF_CT_BioID_HEK_20160304_BR1.mzXML
Send to MSPLIT: 2016-12-13 13:28:40
Run MSPLIT on local server.
Machine Name:LTQ_DEMO
Task ID: 23
Start: 2016-12-13 15:37:18
Convert/Check Raw files:
File existed: 4270_BirFl_CT_BioID_HEK_20160304_BR1_SWATH.mzXML.gz
File existed: 4269_BirFl_CT_BioID_HEK_20160304_BR1.mzXML
File existed: 4271_3xF_CT_BioID_HEK_20160304_BR1.mzXML
Send to MSPLIT: 2016-12-13 15:37:18
Run MSPLIT on local server.
Machine Name:LTQ_DEMO
Task ID: 23
Start: 2016-12-13 15:40:21
Convert/Check Raw files:
File existed: 4270_BirFl_CT_BioID_HEK_20160304_BR1_SWATH.mzXML.gz
File existed: 4269_BirFl_CT_BioID_HEK_20160304_BR1.mzXML
File existed: 4271_3xF_CT_BioID_HEK_20160304_BR1.mzXML
Send to MSPLIT: 2016-12-13 15:40:21
Run MSPLIT on local server.
Machine Name:LTQ_DEMO
Task ID: 23
Start: 2016-12-13 15:40:32
Convert/Check Raw files:
File existed: 4270_BirFl_CT_BioID_HEK_20160304_BR1_SWATH.mzXML.gz
File existed: 4269_BirFl_CT_BioID_HEK_20160304_BR1.mzXML
File existed: 4271_3xF_CT_BioID_HEK_20160304_BR1.mzXML
Send to MSPLIT: 2016-12-13 15:40:33
Run MSPLIT on local server.
Machine Name:LTQ_DEMO
Task ID: 23
Start: 2016-12-13 15:47:54
Convert/Check Raw files:
File existed: 4270_BirFl_CT_BioID_HEK_20160304_BR1_SWATH.mzXML.gz
File existed: 4269_BirFl_CT_BioID_HEK_20160304_BR1.mzXML
File existed: 4271_3xF_CT_BioID_HEK_20160304_BR1.mzXML
Send to MSPLIT: 2016-12-13 15:47:54
Run MSPLIT on local server.
Machine Name:LTQ_DEMO
Task ID: 23
Start: 2016-12-13 15:48:23
Convert/Check Raw files:
File existed: 4270_BirFl_CT_BioID_HEK_20160304_BR1_SWATH.mzXML.gz
File existed: 4269_BirFl_CT_BioID_HEK_20160304_BR1.mzXML
File existed: 4271_3xF_CT_BioID_HEK_20160304_BR1.mzXML
Send to MSPLIT: 2016-12-13 15:48:23
Run MSPLIT on local server.
Machine Name:LTQ_DEMO
Task ID: 23
Start: 2016-12-13 15:49:05
Convert/Check Raw files:
File existed: 4270_BirFl_CT_BioID_HEK_20160304_BR1_SWATH.mzXML.gz
File existed: 4269_BirFl_CT_BioID_HEK_20160304_BR1.mzXML
File existed: 4271_3xF_CT_BioID_HEK_20160304_BR1.mzXML
Send to MSPLIT: 2016-12-13 15:49:05
Run MSPLIT on local server.
Machine Name:LTQ_DEMO
Task ID: 23
Start: 2016-12-13 15:54:44
Convert/Check Raw files:
File existed: 4270_BirFl_CT_BioID_HEK_20160304_BR1_SWATH.mzXML.gz
File existed: 4269_BirFl_CT_BioID_HEK_20160304_BR1.mzXML
File existed: 4271_3xF_CT_BioID_HEK_20160304_BR1.mzXML
Send to MSPLIT: 2016-12-13 15:54:44
Run MSPLIT on local server.
Machine Name:LTQ_DEMO
Task ID: 23
Start: 2016-12-13 15:56:36
Convert/Check Raw files:
File existed: 4270_BirFl_CT_BioID_HEK_20160304_BR1_SWATH.mzXML.gz
File existed: 4269_BirFl_CT_BioID_HEK_20160304_BR1.mzXML
File existed: 4271_3xF_CT_BioID_HEK_20160304_BR1.mzXML
Send to MSPLIT: 2016-12-13 15:56:36
Run MSPLIT on local server.
Machine Name:LTQ_DEMO
Task ID: 23
Start: 2016-12-13 16:06:58
Convert/Check Raw files:
File existed: 4270_BirFl_CT_BioID_HEK_20160304_BR1_SWATH.mzXML.gz
File existed: 4269_BirFl_CT_BioID_HEK_20160304_BR1.mzXML
File existed: 4271_3xF_CT_BioID_HEK_20160304_BR1.mzXML
Send to MSPLIT: 2016-12-13 16:06:58
Run MSPLIT on local server.
Machine Name:LTQ_DEMO
Task ID: 23
Start: 2016-12-14 12:18:45
Convert/Check Raw files:
File existed: 4270_BirFl_CT_BioID_HEK_20160304_BR1_SWATH.mzXML.gz
File existed: 4269_BirFl_CT_BioID_HEK_20160304_BR1.mzXML
File existed: 4271_3xF_CT_BioID_HEK_20160304_BR1.mzXML
Send to MSPLIT: 2016-12-14 12:18:45
Run MSPLIT on local server.
Machine Name:LTQ_DEMO
Task ID: 23
Start: 2016-12-14 12:19:46
Convert/Check Raw files:
File existed: 4270_BirFl_CT_BioID_HEK_20160304_BR1_SWATH.mzXML.gz
File existed: 4269_BirFl_CT_BioID_HEK_20160304_BR1.mzXML
File existed: 4271_3xF_CT_BioID_HEK_20160304_BR1.mzXML
Send to MSPLIT: 2016-12-14 12:19:46
Run MSPLIT on local server.
Machine Name:LTQ_DEMO
Task ID: 23
Start: 2016-12-14 12:20:27
Convert/Check Raw files:
File existed: 4270_BirFl_CT_BioID_HEK_20160304_BR1_SWATH.mzXML.gz
File existed: 4269_BirFl_CT_BioID_HEK_20160304_BR1.mzXML
File existed: 4271_3xF_CT_BioID_HEK_20160304_BR1.mzXML
Send to MSPLIT: 2016-12-14 12:20:27
Run MSPLIT on local server.
Machine Name:LTQ_DEMO
Task ID: 23
Start: 2016-12-14 12:21:17
Convert/Check Raw files:
File existed: 4270_BirFl_CT_BioID_HEK_20160304_BR1_SWATH.mzXML.gz
File existed: 4269_BirFl_CT_BioID_HEK_20160304_BR1.mzXML
File existed: 4271_3xF_CT_BioID_HEK_20160304_BR1.mzXML
Send to MSPLIT: 2016-12-14 12:21:17
Run MSPLIT on local server.
Machine Name:LTQ_DEMO
Task ID: 23
Start: 2016-12-14 12:21:30
Convert/Check Raw files:
File existed: 4270_BirFl_CT_BioID_HEK_20160304_BR1_SWATH.mzXML.gz
File existed: 4269_BirFl_CT_BioID_HEK_20160304_BR1.mzXML
File existed: 4271_3xF_CT_BioID_HEK_20160304_BR1.mzXML
Send to MSPLIT: 2016-12-14 12:21:30
Run MSPLIT on local server.
Machine Name:LTQ_DEMO
Task ID: 23
Start: 2016-12-14 12:21:45
Convert/Check Raw files:
File existed: 4270_BirFl_CT_BioID_HEK_20160304_BR1_SWATH.mzXML.gz
File existed: 4269_BirFl_CT_BioID_HEK_20160304_BR1.mzXML
File existed: 4271_3xF_CT_BioID_HEK_20160304_BR1.mzXML
Send to MSPLIT: 2016-12-14 12:21:45
Run MSPLIT on local server.
Machine Name:LTQ_DEMO
Task ID: 23
Start: 2016-12-14 16:47:19
Convert/Check Raw files:
File existed: 4270_BirFl_CT_BioID_HEK_20160304_BR1_SWATH.mzXML.gz
File existed: 4269_BirFl_CT_BioID_HEK_20160304_BR1.mzXML
File existed: 4271_3xF_CT_BioID_HEK_20160304_BR1.mzXML
Send to MSPLIT: 2016-12-14 16:47:19
Run MSPLIT on local server.
Machine Name:LTQ_DEMO
Task ID: 23
Start: 2016-12-14 16:50:42
Convert/Check Raw files:
File existed: 4270_BirFl_CT_BioID_HEK_20160304_BR1_SWATH.mzXML.gz
File existed: 4269_BirFl_CT_BioID_HEK_20160304_BR1.mzXML
File existed: 4271_3xF_CT_BioID_HEK_20160304_BR1.mzXML
Send to MSPLIT: 2016-12-14 16:50:42
Run MSPLIT on local server.
Machine Name:LTQ_DEMO
Task ID: 23
Start: 2016-12-15 11:44:23
Convert/Check Raw files:
File existed: 4270_BirFl_CT_BioID_HEK_20160304_BR1_SWATH.mzXML.gz
File existed: 4269_BirFl_CT_BioID_HEK_20160304_BR1.mzXML
File existed: 4271_3xF_CT_BioID_HEK_20160304_BR1.mzXML
Send to MSPLIT: 2016-12-15 11:44:23
Run MSPLIT on local server.
Machine Name:LTQ_DEMO
Task ID: 23
Start: 2016-12-15 11:45:10
Convert/Check Raw files:
File existed: 4270_BirFl_CT_BioID_HEK_20160304_BR1_SWATH.mzXML.gz
File existed: 4269_BirFl_CT_BioID_HEK_20160304_BR1.mzXML
File existed: 4271_3xF_CT_BioID_HEK_20160304_BR1.mzXML
Send to MSPLIT: 2016-12-15 11:45:10
Run MSPLIT on local server.
Machine Name:LTQ_DEMO
Task ID: 23
Start: 2016-12-15 11:45:33
Convert/Check Raw files:
File existed: 4270_BirFl_CT_BioID_HEK_20160304_BR1_SWATH.mzXML.gz
File existed: 4269_BirFl_CT_BioID_HEK_20160304_BR1.mzXML
File existed: 4271_3xF_CT_BioID_HEK_20160304_BR1.mzXML
Send to MSPLIT: 2016-12-15 11:45:33
Run MSPLIT on local server.
Machine Name:LTQ_DEMO
Task ID: 23
Start: 2016-12-15 12:13:23
Convert/Check Raw files:
File existed: 4270_BirFl_CT_BioID_HEK_20160304_BR1_SWATH.mzXML.gz
File existed: 4269_BirFl_CT_BioID_HEK_20160304_BR1.mzXML
File existed: 4271_3xF_CT_BioID_HEK_20160304_BR1.mzXML
Send to MSPLIT: 2016-12-15 12:13:23
Run MSPLIT on local server.
Machine Name:LTQ_DEMO
Task ID: 23
Start: 2016-12-15 12:15:05
Convert/Check Raw files:
File existed: 4270_BirFl_CT_BioID_HEK_20160304_BR1_SWATH.mzXML.gz
File existed: 4269_BirFl_CT_BioID_HEK_20160304_BR1.mzXML
File existed: 4271_3xF_CT_BioID_HEK_20160304_BR1.mzXML
Send to MSPLIT: 2016-12-15 12:15:05
Run MSPLIT on local server.
Machine Name:LTQ_DEMO
Task ID: 23
Start: 2016-12-15 12:34:29
Convert/Check Raw files:
File existed: 4270_BirFl_CT_BioID_HEK_20160304_BR1_SWATH.mzXML.gz
File existed: 4269_BirFl_CT_BioID_HEK_20160304_BR1.mzXML
File existed: 4271_3xF_CT_BioID_HEK_20160304_BR1.mzXML
Send to MSPLIT: 2016-12-15 12:34:29
Run MSPLIT on local server.
Machine Name:LTQ_DEMO
Task ID: 23
Start: 2016-12-15 12:38:11
Convert/Check Raw files:
File existed: 4270_BirFl_CT_BioID_HEK_20160304_BR1_SWATH.mzXML.gz
File existed: 4269_BirFl_CT_BioID_HEK_20160304_BR1.mzXML
File existed: 4271_3xF_CT_BioID_HEK_20160304_BR1.mzXML
Send to MSPLIT: 2016-12-15 12:38:11
Run MSPLIT on local server.
Machine Name:LTQ_DEMO
Task ID: 23
Start: 2016-12-15 12:42:25
Convert/Check Raw files:
File existed: 4270_BirFl_CT_BioID_HEK_20160304_BR1_SWATH.mzXML.gz
Send to MSPLIT: 2016-12-15 12:42:25
Run MSPLIT on local server.
Machine Name:LTQ_DEMO
Task ID: 23
Start: 2016-12-15 12:43:23
Convert/Check Raw files:
File existed: 4270_BirFl_CT_BioID_HEK_20160304_BR1_SWATH.mzXML.gz
File existed: 4269_BirFl_CT_BioID_HEK_20160304_BR1.mzXML
File existed: 4271_3xF_CT_BioID_HEK_20160304_BR1.mzXML
Send to MSPLIT: 2016-12-15 12:43:23
Run MSPLIT on local server.
Machine Name:LTQ_DEMO
Task ID: 23
Start: 2016-12-15 12:44:39
Convert/Check Raw files:
File existed: 4270_BirFl_CT_BioID_HEK_20160304_BR1_SWATH.mzXML.gz
File existed: 4269_BirFl_CT_BioID_HEK_20160304_BR1.mzXML
File existed: 4271_3xF_CT_BioID_HEK_20160304_BR1.mzXML
Send to MSPLIT: 2016-12-15 12:44:39
Run MSPLIT on local server.
Machine Name:LTQ_DEMO
Task ID: 23
Start: 2016-12-15 12:45:07
Convert/Check Raw files:
File existed: 4270_BirFl_CT_BioID_HEK_20160304_BR1_SWATH.mzXML.gz
File existed: 4269_BirFl_CT_BioID_HEK_20160304_BR1.mzXML
File existed: 4271_3xF_CT_BioID_HEK_20160304_BR1.mzXML
Send to MSPLIT: 2016-12-15 12:45:07
Run MSPLIT on local server.
Machine Name:LTQ_DEMO
Task ID: 23
Start: 2016-12-15 12:46:46
Convert/Check Raw files:
File existed: 4270_BirFl_CT_BioID_HEK_20160304_BR1_SWATH.mzXML.gz
File existed: 4269_BirFl_CT_BioID_HEK_20160304_BR1.mzXML
File existed: 4271_3xF_CT_BioID_HEK_20160304_BR1.mzXML
Send to MSPLIT: 2016-12-15 12:46:46
Run MSPLIT on local server.
Machine Name:LTQ_DEMO
Task ID: 23
Start: 2016-12-15 12:48:44
Convert/Check Raw files:
File existed: 4270_BirFl_CT_BioID_HEK_20160304_BR1_SWATH.mzXML.gz
File existed: 4269_BirFl_CT_BioID_HEK_20160304_BR1.mzXML
File existed: 4271_3xF_CT_BioID_HEK_20160304_BR1.mzXML
Send to MSPLIT: 2016-12-15 12:48:44
Run MSPLIT on local server.
Machine Name:LTQ_DEMO
Task ID: 23
Start: 2016-12-15 12:50:56
Convert/Check Raw files:
File existed: 4270_BirFl_CT_BioID_HEK_20160304_BR1_SWATH.mzXML.gz
File existed: 4269_BirFl_CT_BioID_HEK_20160304_BR1.mzXML
File existed: 4271_3xF_CT_BioID_HEK_20160304_BR1.mzXML
Send to MSPLIT: 2016-12-15 12:50:56
Run MSPLIT on local server.
Machine Name:LTQ_DEMO
Task ID: 23
Start: 2016-12-15 12:52:13
Convert/Check Raw files:
File existed: 4270_BirFl_CT_BioID_HEK_20160304_BR1_SWATH.mzXML.gz
Send to MSPLIT: 2016-12-15 12:52:13
Run MSPLIT on local server.
Machine Name:LTQ_DEMO
Task ID: 23
Start: 2016-12-15 14:55:31
Convert/Check Raw files:
File existed: 4270_BirFl_CT_BioID_HEK_20160304_BR1_SWATH.mzXML.gz
Send to MSPLIT: 2016-12-15 14:55:32
Run MSPLIT on local server.
Machine Name:LTQ_DEMO
Task ID: 23
Start: 2016-12-15 14:56:42
Convert/Check Raw files:
File existed: 4270_BirFl_CT_BioID_HEK_20160304_BR1_SWATH.mzXML.gz
Send to MSPLIT: 2016-12-15 14:56:42
Run MSPLIT on local server.
Machine Name:LTQ_DEMO
Task ID: 23
Start: 2016-12-15 14:57:01
Convert/Check Raw files:
File existed: 4270_BirFl_CT_BioID_HEK_20160304_BR1_SWATH.mzXML.gz
Send to MSPLIT: 2016-12-15 14:57:01
Run MSPLIT on local server.
Machine Name:LTQ_DEMO
Task ID: 23
Start: 2016-12-15 15:44:16
Convert/Check Raw files:
File existed: 4270_BirFl_CT_BioID_HEK_20160304_BR1_SWATH.mzXML.gz
Send to MSPLIT: 2016-12-15 15:44:16
Run MSPLIT on local server.
Machine Name:LTQ_DEMO
Task ID: 23
Start: 2016-12-15 15:51:28
Convert/Check Raw files:
File existed: 4270_BirFl_CT_BioID_HEK_20160304_BR1_SWATH.mzXML.gz
Send to MSPLIT: 2016-12-15 15:51:28
Run MSPLIT on local server.
Machine Name:LTQ_DEMO
Task ID: 23
Start: 2016-12-15 15:54:41
Convert/Check Raw files:
File existed: 4270_BirFl_CT_BioID_HEK_20160304_BR1_SWATH.mzXML.gz
Send to MSPLIT: 2016-12-15 15:54:41
Run MSPLIT on local server.
Machine Name:LTQ_DEMO
Task ID: 23
Start: 2016-12-15 15:57:39
Convert/Check Raw files:
File existed: 4270_BirFl_CT_BioID_HEK_20160304_BR1_SWATH.mzXML.gz
Send to MSPLIT: 2016-12-15 15:57:39
Run MSPLIT on local server.
Machine Name:LTQ_DEMO
Task ID: 23
Start: 2016-12-15 15:58:08
Convert/Check Raw files:
File existed: 4270_BirFl_CT_BioID_HEK_20160304_BR1_SWATH.mzXML.gz
Send to MSPLIT: 2016-12-15 15:58:08
Run MSPLIT on local server.
Machine Name:LTQ_DEMO
Task ID: 23
Start: 2016-12-15 16:12:45
Convert/Check Raw files:
File existed: 4270_BirFl_CT_BioID_HEK_20160304_BR1_SWATH.mzXML.gz
Send to MSPLIT: 2016-12-15 16:12:45
Run MSPLIT on local server.
Machine Name:LTQ_DEMO
Task ID: 23
Start: 2016-12-15 16:13:15
Convert/Check Raw files:
File existed: 4270_BirFl_CT_BioID_HEK_20160304_BR1_SWATH.mzXML.gz
Send to MSPLIT: 2016-12-15 16:13:15
Run MSPLIT on local server.
Machine Name:LTQ_DEMO
Task ID: 23
Start: 2016-12-15 16:14:26
Convert/Check Raw files:
File existed: 4270_BirFl_CT_BioID_HEK_20160304_BR1_SWATH.mzXML.gz
File existed: 4269_BirFl_CT_BioID_HEK_20160304_BR1.mzXML
File existed: 4271_3xF_CT_BioID_HEK_20160304_BR1.mzXML
Send to MSPLIT: 2016-12-15 16:14:26
Run MSPLIT on local server.
Machine Name:LTQ_DEMO
Task ID: 23
Start: 2016-12-15 16:15:31
Convert/Check Raw files:
File existed: 4270_BirFl_CT_BioID_HEK_20160304_BR1_SWATH.mzXML.gz
File existed: 4269_BirFl_CT_BioID_HEK_20160304_BR1.mzXML
File existed: 4271_3xF_CT_BioID_HEK_20160304_BR1.mzXML
Send to MSPLIT: 2016-12-15 16:15:31
Run MSPLIT on local server.
Machine Name:LTQ_DEMO
Task ID: 23
Start: 2016-12-15 16:15:58
Convert/Check Raw files:
File existed: 4270_BirFl_CT_BioID_HEK_20160304_BR1_SWATH.mzXML.gz
Send to MSPLIT: 2016-12-15 16:15:58
Run MSPLIT on local server.
Machine Name:LTQ_DEMO
Task ID: 23
Start: 2016-12-15 16:16:22
Convert/Check Raw files:
File existed: 4270_BirFl_CT_BioID_HEK_20160304_BR1_SWATH.mzXML.gz
Send to MSPLIT: 2016-12-15 16:16:22
Run MSPLIT on local server.
Machine Name:LTQ_DEMO
Task ID: 23
Start: 2016-12-16 10:55:45
Convert/Check Raw files:
File existed: 4270_BirFl_CT_BioID_HEK_20160304_BR1_SWATH.mzXML.gz
Send to MSPLIT: 2016-12-16 10:55:45
Run MSPLIT on local server.
Machine Name:LTQ_DEMO
Task ID: 23
Start: 2016-12-16 11:03:15
Convert/Check Raw files:
File existed: 4270_BirFl_CT_BioID_HEK_20160304_BR1_SWATH.mzXML.gz
Send to MSPLIT: 2016-12-16 11:03:15
Machine Name:LTQ_DEMO
Task ID: 23
Start: 2016-12-16 11:04:16
Convert/Check Raw files:
File existed: 4270_BirFl_CT_BioID_HEK_20160304_BR1_SWATH.mzXML.gz
Send to MSPLIT: 2016-12-16 11:04:16
Machine Name:LTQ_DEMO
Task ID: 23
Start: 2016-12-16 11:05:11
Convert/Check Raw files:
File existed: 4270_BirFl_CT_BioID_HEK_20160304_BR1_SWATH.mzXML.gz
Send to MSPLIT: 2016-12-16 11:05:11
Run MSPLIT on local server.
Machine Name:LTQ_DEMO
Task ID: 23
Start: 2016-12-16 11:51:53
Convert/Check Raw files:
File existed: 4270_BirFl_CT_BioID_HEK_20160304_BR1_SWATH.mzXML.gz
Send to MSPLIT: 2016-12-16 11:51:53
Run MSPLIT on local server.
Machine Name:LTQ_DEMO
Task ID: 23
Start: 2016-12-16 11:53:35
Convert/Check Raw files:
File existed: 4270_BirFl_CT_BioID_HEK_20160304_BR1_SWATH.mzXML.gz
Send to MSPLIT: 2016-12-16 11:53:35
Run MSPLIT on local server.
Machine Name:LTQ_DEMO
Task ID: 23
Start: 2016-12-16 11:56:46
Convert/Check Raw files:
File existed: 4270_BirFl_CT_BioID_HEK_20160304_BR1_SWATH.mzXML.gz
Send to MSPLIT: 2016-12-16 11:56:46
Run MSPLIT on local server.
Machine Name:LTQ_DEMO
Task ID: 23
Start: 2016-12-16 12:05:51
Convert/Check Raw files:
File existed: 4270_BirFl_CT_BioID_HEK_20160304_BR1_SWATH.mzXML.gz
Send to MSPLIT: 2016-12-16 12:05:52
Run MSPLIT on local server.
Machine Name:LTQ_DEMO
Task ID: 23
Start: 2016-12-16 14:46:47
Convert/Check Raw files:
File existed: 4270_BirFl_CT_BioID_HEK_20160304_BR1_SWATH.mzXML.gz
Send to MSPLIT: 2016-12-16 14:46:47
Run MSPLIT on local server.
Machine Name:LTQ_DEMO
Task ID: 23
Start: 2016-12-16 15:50:30
Convert/Check Raw files:
File existed: 4270_BirFl_CT_BioID_HEK_20160304_BR1_SWATH.mzXML.gz
Send to MSPLIT: 2016-12-16 15:50:31
Run MSPLIT on local server.
Machine Name:LTQ_DEMO
Task ID: 23
Start: 2016-12-16 17:02:24
Convert/Check Raw files:
File existed: 4270_BirFl_CT_BioID_HEK_20160304_BR1_SWATH.mzXML.gz
Send to MSPLIT: 2016-12-16 17:02:24
Run MSPLIT on local server.
Machine Name:LTQ_DEMO
Task ID: 23
Start: 2016-12-19 11:00:11
Convert/Check Raw files:
File existed: 4270_BirFl_CT_BioID_HEK_20160304_BR1_SWATH.mzXML.gz
Send to MSPLIT: 2016-12-19 11:00:11
Run MSPLIT on local server.
Machine Name:LTQ_DEMO
Task ID: 23
Start: 2016-12-19 11:04:43
Convert/Check Raw files:
File existed: 4270_BirFl_CT_BioID_HEK_20160304_BR1_SWATH.mzXML.gz
Send to MSPLIT: 2016-12-19 11:04:43
Run MSPLIT on local server.
Machine Name:LTQ_DEMO
Task ID: 23
Start: 2016-12-19 11:05:05
Convert/Check Raw files:
File existed: 4270_BirFl_CT_BioID_HEK_20160304_BR1_SWATH.mzXML.gz
Send to MSPLIT: 2016-12-19 11:05:05
Run MSPLIT on local server.
Machine Name:LTQ_DEMO
Task ID: 23
Start: 2016-12-19 11:08:09
Convert/Check Raw files:
File existed: 4270_BirFl_CT_BioID_HEK_20160304_BR1_SWATH.mzXML.gz
Send to MSPLIT: 2016-12-19 11:08:09
Run MSPLIT on local server.
Machine Name:LTQ_DEMO
Task ID: 23
Start: 2016-12-19 11:12:11
Convert/Check Raw files:
File existed: 4270_BirFl_CT_BioID_HEK_20160304_BR1_SWATH.mzXML.gz
Send to MSPLIT: 2016-12-19 11:12:11
Run MSPLIT on local server.
Machine Name:LTQ_DEMO
Task ID: 23
Start: 2016-12-19 11:15:28
Convert/Check Raw files:
File existed: 4270_BirFl_CT_BioID_HEK_20160304_BR1_SWATH.mzXML.gz
Send to MSPLIT: 2016-12-19 11:15:28
Machine Name:LTQ_DEMO
Task ID: 23
Start: 2016-12-19 11:17:33
Convert/Check Raw files:
File existed: 4270_BirFl_CT_BioID_HEK_20160304_BR1_SWATH.mzXML.gz
Send to MSPLIT: 2016-12-19 11:17:33
Machine Name:LTQ_DEMO
Task ID: 23
Start: 2016-12-19 11:17:57
Convert/Check Raw files:
File existed: 4270_BirFl_CT_BioID_HEK_20160304_BR1_SWATH.mzXML.gz
Send to MSPLIT: 2016-12-19 11:17:57
Machine Name:LTQ_DEMO
Task ID: 23
Start: 2016-12-19 11:37:05
Convert/Check Raw files:
File existed: 4270_BirFl_CT_BioID_HEK_20160304_BR1_SWATH.mzXML.gz
Send to MSPLIT: 2016-12-19 11:37:05
Machine Name:LTQ_DEMO
Task ID: 23
Start: 2016-12-19 11:37:56
Convert/Check Raw files:
File existed: 4270_BirFl_CT_BioID_HEK_20160304_BR1_SWATH.mzXML.gz
Send to MSPLIT: 2016-12-19 11:37:56
Run MSPLIT on local server.
Machine Name:LTQ_DEMO
Task ID: 23
Start: 2016-12-19 11:42:01
Convert/Check Raw files:
File existed: 4270_BirFl_CT_BioID_HEK_20160304_BR1_SWATH.mzXML.gz
Send to MSPLIT: 2016-12-19 11:42:01
Run MSPLIT on local server.
Machine Name:LTQ_DEMO
Task ID: 23
Start: 2016-12-19 11:57:34
Convert/Check Raw files:
File existed: 4270_BirFl_CT_BioID_HEK_20160304_BR1_SWATH.mzXML.gz
Send to MSPLIT: 2016-12-19 11:57:34
Run MSPLIT on local server.
Machine Name:LTQ_DEMO
Task ID: 23
Start: 2016-12-19 11:58:32
Convert/Check Raw files:
File existed: 4270_BirFl_CT_BioID_HEK_20160304_BR1_SWATH.mzXML.gz
Send to MSPLIT: 2016-12-19 11:58:32
Run MSPLIT on local server.
Machine Name:LTQ_DEMO
Task ID: 23
Start: 2016-12-19 12:00:11
Convert/Check Raw files:
File existed: 4270_BirFl_CT_BioID_HEK_20160304_BR1_SWATH.mzXML.gz
Send to MSPLIT: 2016-12-19 12:00:11
Run MSPLIT on local server.
Machine Name:LTQ_DEMO
Task ID: 23
Start: 2016-12-19 12:13:10
Convert/Check Raw files:
File existed: 4270_BirFl_CT_BioID_HEK_20160304_BR1_SWATH.mzXML.gz
Send to MSPLIT: 2016-12-19 12:13:10
Run MSPLIT on local server.
Machine Name:LTQ_DEMO
Task ID: 23
Start: 2016-12-19 12:13:25
Convert/Check Raw files:
File existed: 4270_BirFl_CT_BioID_HEK_20160304_BR1_SWATH.mzXML.gz
Send to MSPLIT: 2016-12-19 12:13:25
Run MSPLIT on local server.
Machine Name:LTQ_DEMO
Task ID: 23
Start: 2016-12-19 12:16:08
Convert/Check Raw files:
File existed: 4270_BirFl_CT_BioID_HEK_20160304_BR1_SWATH.mzXML.gz
Send to MSPLIT: 2016-12-19 12:16:08
Run MSPLIT on local server.
Machine Name:LTQ_DEMO
Task ID: 23
Start: 2016-12-19 12:21:21
Convert/Check Raw files:
File existed: 4270_BirFl_CT_BioID_HEK_20160304_BR1_SWATH.mzXML.gz
Send to MSPLIT: 2016-12-19 12:21:21
Run MSPLIT on local server.
Machine Name:LTQ_DEMO
Task ID: 23
Start: 2016-12-19 12:23:43
Convert/Check Raw files:
File existed: 4270_BirFl_CT_BioID_HEK_20160304_BR1_SWATH.mzXML.gz
Send to MSPLIT: 2016-12-19 12:23:43
Run MSPLIT on local server.
Machine Name:LTQ_DEMO
Task ID: 23
Start: 2016-12-19 12:25:18
Convert/Check Raw files:
File existed: 4270_BirFl_CT_BioID_HEK_20160304_BR1_SWATH.mzXML.gz
Send to MSPLIT: 2016-12-19 12:25:18
Run MSPLIT on local server.
Machine Name:LTQ_DEMO
Task ID: 23
Start: 2016-12-19 12:25:40
Convert/Check Raw files:
File existed: 4270_BirFl_CT_BioID_HEK_20160304_BR1_SWATH.mzXML.gz
Send to MSPLIT: 2016-12-19 12:25:40
Run MSPLIT on local server.
Machine Name:LTQ_DEMO
Task ID: 23
Start: 2016-12-19 12:48:24
Convert/Check Raw files:
File existed: 4270_BirFl_CT_BioID_HEK_20160304_BR1_SWATH.mzXML.gz
Send to MSPLIT: 2016-12-19 12:48:24
Run MSPLIT on local server.
Machine Name:LTQ_DEMO
Task ID: 23
Start: 2016-12-19 13:04:03
Convert/Check Raw files:
File existed: 4270_BirFl_CT_BioID_HEK_20160304_BR1_SWATH.mzXML.gz
Send to MSPLIT: 2016-12-19 13:04:03
Run MSPLIT on local server.
Machine Name:LTQ_DEMO
Task ID: 23
Start: 2016-12-19 14:05:13
Convert/Check Raw files:
File existed: 4270_BirFl_CT_BioID_HEK_20160304_BR1_SWATH.mzXML.gz
File existed: 4269_BirFl_CT_BioID_HEK_20160304_BR1.mzXML
File existed: 4271_3xF_CT_BioID_HEK_20160304_BR1.mzXML
Send to MSPLIT: 2016-12-19 14:05:13
Run MSPLIT on local server.
Machine Name:LTQ_DEMO
Task ID: 23
Start: 2016-12-19 14:28:50
Convert/Check Raw files:
File existed: 4272_3xF_CT_BioID_HEK_20160304_BR1_SWATH.mzXML.gz
Send to MSPLIT: 2016-12-19 14:28:50
Run MSPLIT on local server.
Machine Name:LTQ_DEMO
Task ID: 23
Start: 2016-12-19 14:29:13
Convert/Check Raw files:
File existed: 4272_3xF_CT_BioID_HEK_20160304_BR1_SWATH.mzXML.gz
Send to MSPLIT: 2016-12-19 14:29:13
Run MSPLIT on local server.
Machine Name:LTQ_DEMO
Task ID: 23
Start: 2016-12-19 14:57:07
Convert/Check Raw files:
Machine Name:LTQ_DEMO
Task ID: 23
Start: 2016-12-19 14:58:23
Convert/Check Raw files:
File existed: 4270_BirFl_CT_BioID_HEK_20160304_BR1_SWATH.mzXML.gz
Send to MSPLIT: 2016-12-19 14:58:23
Run MSPLIT on local server.
Machine Name:LTQ_DEMO
Task ID: 23
Start: 2016-12-19 15:14:10
Convert/Check Raw files:
File existed: 4270_BirFl_CT_BioID_HEK_20160304_BR1_SWATH.mzXML.gz
Send to MSPLIT: 2016-12-19 15:14:10
Run MSPLIT on local server.
Machine Name:LTQ_DEMO
Task ID: 23
Start: 2016-12-19 15:15:53
Convert/Check Raw files:
File existed: 4270_BirFl_CT_BioID_HEK_20160304_BR1_SWATH.mzXML.gz
Send to MSPLIT: 2016-12-19 15:15:53
Run MSPLIT on local server.
Machine Name:LTQ_DEMO
Task ID: 23
Start: 2016-12-19 15:16:09
Convert/Check Raw files:
File existed: 4270_BirFl_CT_BioID_HEK_20160304_BR1_SWATH.mzXML.gz
Send to MSPLIT: 2016-12-19 15:16:09
Run MSPLIT on local server.
Machine Name:LTQ_DEMO
Task ID: 23
Start: 2016-12-19 15:16:54
Convert/Check Raw files:
File existed: 4270_BirFl_CT_BioID_HEK_20160304_BR1_SWATH.mzXML.gz
Send to MSPLIT: 2016-12-19 15:16:54
Run MSPLIT on local server.
Machine Name:LTQ_DEMO
Task ID: 23
Start: 2016-12-19 17:46:30
Convert/Check Raw files:
File existed: 4270_BirFl_CT_BioID_HEK_20160304_BR1_SWATH.mzXML.gz
File existed: 4272_3xF_CT_BioID_HEK_20160304_BR1_SWATH.mzXML.gz
File existed: 4269_BirFl_CT_BioID_HEK_20160304_BR1.mzXML
File existed: 4271_3xF_CT_BioID_HEK_20160304_BR1.mzXML
Send to MSPLIT: 2016-12-19 17:46:30
Run MSPLIT on local server.