
Machine Name:LTQ_DEMO
Task ID: 135
Start: 2015-10-15 11:27:57
Machine Name:LTQ_DEMO
Task ID: 135
Start: 2015-10-15 11:29:33
Machine Name:LTQ_DEMO
Task ID: 135
Start: 2015-10-15 11:33:01
Machine Name:LTQ_DEMO
Task ID: 135
Start: 2015-10-15 11:33:22
Machine Name:LTQ_DEMO
Task ID: 135
Start: 2015-10-15 11:34:48
Machine Name:LTQ_DEMO
Task ID: 135
Start: 2015-10-15 11:35:18
Machine Name:LTQ_DEMO
Task ID: 135
Start: 2015-10-15 11:40:22
Created file:G01_12236.mgf
File existed: G01_12236.mzML
File existed: G01_12236.mzML
File existed: G01_12236.mzML