
Machine Name:LTQ_DEMO
Task ID: 8
Start: 2016-02-12 11:08:47
File existed: A01_12762.mgf
Machine Name:LTQ_DEMO
Task ID: 8
Start: 2016-02-12 11:09:20
File existed: A01_12762.mgf
Machine Name:LTQ_DEMO
Task ID: 8
Start: 2016-02-12 11:10:24
File existed: A01_12762.mzXML
Machine Name:LTQ_DEMO
Task ID: 8
Start: 2016-02-12 11:15:03
File existed: A01_12762.mzXML
Machine Name:LTQ_DEMO
Task ID: 8
Start: 2016-02-12 11:19:53
File existed: A01_12762.mzXML
Machine Name:LTQ_DEMO
Task ID: 8
Start: 2016-02-12 11:20:09
File existed: A01_12762.mzXML
Machine Name:LTQ_DEMO
Task ID: 8
Start: 2016-02-12 11:21:26
File existed: A01_12762.mzXML
Machine Name:LTQ_DEMO
Task ID: 8
Start: 2016-02-12 11:24:55
File existed: A01_12762.mzXML
Machine Name:LTQ_DEMO
Task ID: 8
Start: 2016-02-12 11:26:05
File existed: A01_12762.mzXML
Machine Name:LTQ_DEMO
Task ID: 8
Start: 2016-02-12 11:34:06
File existed: A01_12762.mzXML
Machine Name:LTQ_DEMO
Task ID: 8
Start: 2016-02-12 14:03:16
File existed: A01_12762.mzXML
Machine Name:LTQ_DEMO
Task ID: 8
Start: 2016-02-12 14:04:09
Machine Name:LTQ_DEMO
Task ID: 8
Start: 2016-02-12 14:06:08
File existed: A01_12762.mzXML
Machine Name:LTQ_DEMO
Task ID: 8
Start: 2016-02-12 14:08:09
File existed: A01_12762.mzXML
Machine Name:LTQ_DEMO
Task ID: 8
Start: 2016-02-12 14:27:00
File existed: A01_12762.mzXML
Machine Name:LTQ_DEMO
Task ID: 8
Start: 2016-02-12 14:31:17
File existed: A01_12762.mzXML
Machine Name:LTQ_DEMO
Task ID: 8
Start: 2016-02-12 14:35:16
File existed: A01_12762.mzXML
Machine Name:LTQ_DEMO
Task ID: 8
Start: 2016-02-12 14:39:53
Machine Name:LTQ_DEMO
Task ID: 8
Start: 2016-02-16 15:55:36
File existed: A01_12762.mzXML
Machine Name:LTQ_DEMO
Task ID: 8
Start: 2016-02-16 15:57:43
File existed: A01_12762.mzXML
Machine Name:LTQ_DEMO
Task ID: 8
Start: 2016-02-16 15:57:51
File existed: A01_12762.mzXML
Machine Name:LTQ_DEMO
Task ID: 8
Start: 2016-02-16 15:58:10
Machine Name:LTQ_DEMO; Task ID: 8; Start: 2016-03-7 11:05:14
File existed: A01_12762.mzXML
Machine Name:LTQ_DEMO; Task ID: 8; Start: 2016-03-7 11:10:50
File existed: A01_12762.mzXML
Machine Name:LTQ_DEMO; Task ID: 8; Start: 2016-03-7 11:19:20
File existed: A01_12762.mzXML
Machine Name:LTQ_DEMO; Task ID: 8; Start: 2016-03-7 11:23:52
Created file:A01_12762.mzML
Machine Name:LTQ_DEMO; Task ID: 8; Start: 2016-03-7 11:32:57
File existed: A01_12762.mzML
Machine Name:LTQ_DEMO; Task ID: 8; Start: 2016-03-7 11:34:34
File existed: A01_12762.mzML