
Machine Name:LTQ_DEMO
Task ID: 7
Start: 2016-02-11 10:28:24
Machine Name:LTQ_DEMO
Task ID: 7
Start: 2016-02-11 10:29:02
Machine Name:LTQ_DEMO
Task ID: 7
Start: 2016-02-11 10:31:38
Machine Name:LTQ_DEMO
Task ID: 7
Start: 2016-02-11 10:52:53
Machine Name:LTQ_DEMO
Task ID: 7
Start: 2016-02-11 10:53:56
Machine Name:LTQ_DEMO
Task ID: 7
Start: 2016-02-11 14:13:59
Machine Name:LTQ_DEMO
Task ID: 7
Start: 2016-02-11 14:19:40
Machine Name:LTQ_DEMO
Task ID: 7
Start: 2016-02-11 14:33:12
Warning: can not convert A01_12762.RAW to mgf in /mnt/prohitsTest/Prohits_Storage/LTQ_DEMO/Uploaded2/
warning: A01_12762.RAW file type willn't be supported by Mascot
Machine Name:LTQ_DEMO
Task ID: 7
Start: 2016-02-11 14:35:26
Machine Name:LTQ_DEMO
Task ID: 7
Start: 2016-02-11 14:39:58
Machine Name:LTQ_DEMO
Task ID: 7
Start: 2016-02-11 14:47:38
Created file:A01_12762.mgf
Machine Name:LTQ_DEMO
Task ID: 7
Start: 2016-02-11 14:48:02
File existed: A01_12762.mgf
Machine Name:LTQ_DEMO
Task ID: 7
Start: 2016-02-11 14:48:37
File existed: A01_12762.mgf
Machine Name:LTQ_DEMO
Task ID: 7
Start: 2016-02-11 14:49:28
File existed: A01_12762.mzXML
Machine Name:LTQ_DEMO
Task ID: 7
Start: 2016-02-11 14:51:43
Machine Name:LTQ_DEMO
Task ID: 7
Start: 2016-02-11 15:01:36
Created file:A01_12762.mzXML
Machine Name:LTQ_DEMO
Task ID: 7
Start: 2016-02-11 15:15:07
File existed: A01_12762.mzXML
Machine Name:LTQ_DEMO
Task ID: 7
Start: 2016-02-11 15:15:54
Machine Name:LTQ_DEMO
Task ID: 7
Start: 2016-02-11 17:25:40
Machine Name:LTQ_DEMO
Task ID: 7
Start: 2016-02-11 17:43:16
Machine Name:LTQ_DEMO
Task ID: 7
Start: 2016-02-12 9:57:44
Machine Name:LTQ_DEMO
Task ID: 7
Start: 2016-02-12 10:06:16
Created file:bsa0414_50f_Brett_03.mgf
Machine Name:LTQ_DEMO
Task ID: 7
Start: 2016-02-12 10:09:14
File existed: bsa0414_50f_Brett_03.mgf
Machine Name:LTQ_DEMO
Task ID: 7
Start: 2016-02-12 10:09:45
File existed: bsa0414_50f_Brett_03.mgf
File existed: bsa0414_50f_Brett_03.mzXML
File existed: bsa0414_50f_Brett_03.mzXML
Machine Name:LTQ_DEMO
Task ID: 7
Start: 2016-02-12 10:11:56
Machine Name:LTQ_DEMO; Task ID: 7; Start: 2016-03-2 13:52:45
Machine Name:LTQ_DEMO; Task ID: 7; Start: 2016-03-2 14:06:22
Machine Name:LTQ_DEMO; Task ID: 7; Start: 2016-03-2 14:06:46
Machine Name:LTQ_DEMO; Task ID: 7; Start: 2016-03-2 14:09:31
Machine Name:LTQ_DEMO; Task ID: 7; Start: 2016-03-2 14:10:01
Machine Name:LTQ_DEMO; Task ID: 7; Start: 2016-03-2 14:42:38
Machine Name:LTQ_DEMO; Task ID: 7; Start: 2016-03-2 14:48:55
Machine Name:LTQ_DEMO; Task ID: 7; Start: 2016-03-2 15:12:14
Machine Name:LTQ_DEMO; Task ID: 7; Start: 2016-03-2 15:15:54
Machine Name:LTQ_DEMO; Task ID: 7; Start: 2016-03-2 15:26:59
Created file:A01_12762.mzXML
Machine Name:LTQ_DEMO; Task ID: 7; Start: 2016-03-2 15:27:12
File existed: A01_12762.mzXML
Machine Name:LTQ_DEMO; Task ID: 7; Start: 2016-03-2 15:30:14
Created file:A01_12762.mzXML
Machine Name:LTQ_DEMO; Task ID: 7; Start: 2016-03-2 15:32:59
File existed: A01_12762.mzXML
Machine Name:LTQ_DEMO; Task ID: 7; Start: 2016-03-2 15:33:28
Created file:A01_12762.mzXML
Machine Name:LTQ_DEMO; Task ID: 7; Start: 2016-03-2 15:34:09
Created file:A01_12762.mzML
Machine Name:LTQ_DEMO; Task ID: 7; Start: 2016-03-2 15:34:57
File existed: A01_12762.mzML
Machine Name:LTQ_DEMO; Task ID: 7; Start: 2016-03-2 15:35:23
File existed: A01_12762.mgf
Machine Name:LTQ_DEMO; Task ID: 7; Start: 2016-03-2 15:42:15
Machine Name:LTQ_DEMO; Task ID: 7; Start: 2016-03-2 15:43:52
Machine Name:LTQ_DEMO; Task ID: 7; Start: 2016-03-2 15:45:08
Created file:A01_12762.mzXML
Machine Name:LTQ_DEMO; Task ID: 7; Start: 2016-03-2 16:02:18
Machine Name:LTQ_DEMO; Task ID: 7; Start: 2016-03-2 16:08:38
Machine Name:LTQ_DEMO; Task ID: 7; Start: 2016-03-2 16:09:28
Machine Name:LTQ_DEMO; Task ID: 7; Start: 2016-03-2 16:10:49
Machine Name:LTQ_DEMO; Task ID: 7; Start: 2016-03-2 16:11:32
Created file:A01_12762.mzML
Machine Name:LTQ_DEMO
Task ID: 7
Start: 2016-03-24 14:02:18
Machine Name:LTQ_DEMO
Task ID: 7
Start: 2016-03-24 14:09:32
Machine Name:LTQ_DEMO
Task ID: 7
Start: 2016-03-24 14:16:47
Machine Name:LTQ_DEMO
Task ID: 7
Start: 2016-03-24 14:20:29
Machine Name:LTQ_DEMO
Task ID: 7
Start: 2016-03-24 14:28:17
Machine Name:LTQ_DEMO
Task ID: 7
Start: 2016-03-24 14:47:38
Created file:bsa0414_50f_Brett_03.mgf
Machine Name:LTQ_DEMO
Task ID: 7
Start: 2016-03-24 14:58:07
Machine Name:LTQ_DEMO
Task ID: 7
Start: 2016-03-24 15:00:13
Created file:bsa0414_50f_Brett_03.mgf
Machine Name:LTQ_DEMO
Task ID: 7
Start: 2016-03-24 15:11:00
Created file:bsa0414_50f_Brett_03.mgf
Machine Name:LTQ_DEMO
Task ID: 7
Start: 2016-03-24 15:20:13
Machine Name:LTQ_DEMO
Task ID: 7
Start: 2016-03-24 15:21:27
Machine Name:LTQ_DEMO
Task ID: 7
Start: 2016-03-24 15:24:10
Machine Name:LTQ_DEMO
Task ID: 7
Start: 2016-03-24 15:24:27
Machine Name:LTQ_DEMO
Task ID: 7
Start: 2016-03-24 15:39:01
Machine Name:LTQ_DEMO
Task ID: 7
Start: 2016-03-24 15:39:46
Machine Name:LTQ_DEMO
Task ID: 7
Start: 2016-03-24 15:41:53
Machine Name:LTQ_DEMO
Task ID: 7
Start: 2016-03-24 15:42:09
Machine Name:LTQ_DEMO
Task ID: 7
Start: 2016-03-24 15:43:00
Machine Name:LTQ_DEMO
Task ID: 7
Start: 2016-03-24 15:51:19
Machine Name:LTQ_DEMO
Task ID: 7
Start: 2016-03-24 15:56:23
Machine Name:LTQ_DEMO
Task ID: 7
Start: 2016-03-24 16:02:16
Machine Name:LTQ_DEMO
Task ID: 7
Start: 2016-03-24 16:04:51
Machine Name:LTQ_DEMO
Task ID: 7
Start: 2016-03-24 16:14:51
Machine Name:LTQ_DEMO
Task ID: 7
Start: 2016-03-24 16:18:07
Machine Name:LTQ_DEMO
Task ID: 7
Start: 2016-03-24 16:19:10
Machine Name:LTQ_DEMO
Task ID: 7
Start: 2016-03-24 16:20:13
Machine Name:LTQ_DEMO
Task ID: 7
Start: 2016-03-24 16:23:10
Machine Name:LTQ_DEMO
Task ID: 7
Start: 2016-03-24 16:23:31
Machine Name:LTQ_DEMO
Task ID: 7
Start: 2016-03-24 16:23:48
Machine Name:LTQ_DEMO
Task ID: 7
Start: 2016-03-24 16:24:22
Machine Name:LTQ_DEMO
Task ID: 7
Start: 2016-03-24 16:25:18
Machine Name:LTQ_DEMO
Task ID: 7
Start: 2016-03-24 16:26:20
Machine Name:LTQ_DEMO
Task ID: 7
Start: 2016-03-24 16:26:46
Machine Name:LTQ_DEMO
Task ID: 7
Start: 2016-03-24 16:29:57
Created file:bsa0414_50f_Brett_03.mgf
Machine Name:LTQ_DEMO
Task ID: 7
Start: 2016-03-24 16:32:02
Machine Name:LTQ_DEMO
Task ID: 7
Start: 2016-03-24 16:36:41
Created file:bsa0414_50f_Brett_03.mzML
Machine Name:LTQ_DEMO
Task ID: 7
Start: 2016-03-24 16:43:36
Created file:bsa0414_50f_Brett_03.mzML
Machine Name:LTQ_DEMO
Task ID: 7
Start: 2016-03-24 16:45:36
Created file:bsa0414_50f_Brett_03.mzML
Machine Name:LTQ_DEMO
Task ID: 7
Start: 2016-03-24 16:45:54
Created file:bsa0414_50f_Brett_03.mzML
Machine Name:LTQ_DEMO
Task ID: 7
Start: 2016-03-24 16:46:10
Created file:bsa0414_50f_Brett_03.mgf
Machine Name:LTQ_DEMO
Task ID: 7
Start: 2016-03-24 16:53:14
Created file:bsa0414_50f_Brett_03.mgf
Machine Name:LTQ_DEMO
Task ID: 7
Start: 2016-03-24 16:54:24
File existed: bsa0414_50f_Brett_03.mgf
Machine Name:LTQ_DEMO
Task ID: 7
Start: 2016-03-24 16:54:39
File existed: bsa0414_50f_Brett_03.mgf
Machine Name:LTQ_DEMO
Task ID: 7
Start: 2016-03-24 16:55:49
File existed: bsa0414_50f_Brett_03.mgf
Machine Name:LTQ_DEMO
Task ID: 7
Start: 2016-03-24 16:56:06
Created file:bsa0414_50f_Brett_03.mzML
Machine Name:LTQ_DEMO
Task ID: 7
Start: 2016-03-24 16:56:19
File existed: bsa0414_50f_Brett_03.mzML
Machine Name:LTQ_DEMO
Task ID: 7
Start: 2016-03-24 16:59:27
Created file:bsa0414_50f_Brett_03.mzML
Machine Name:LTQ_DEMO
Task ID: 7
Start: 2016-03-24 17:04:00
File existed: bsa0414_50f_Brett_03.mzML