
Machine Name:LTQ_DEMO
Task ID: 6
Start: 2015-12-1 11:26:16
Machine Name:LTQ_DEMO
Task ID: 6
Start: 2015-12-1 11:29:23
Machine Name:LTQ_DEMO
Task ID: 6
Start: 2015-12-1 11:36:14
Machine Name:LTQ_DEMO
Task ID: 6
Start: 2015-12-1 11:53:20
Machine Name:LTQ_DEMO
Task ID: 6
Start: 2015-12-1 11:53:56
Machine Name:LTQ_DEMO
Task ID: 6
Start: 2015-12-1 11:54:44
Machine Name:LTQ_DEMO
Task ID: 6
Start: 2015-12-1 11:57:23
Created file:G01_12236.mgf
Machine Name:LTQ_DEMO
Task ID: 6
Start: 2015-12-1 11:57:47
File existed: G01_12236.mgf
Machine Name:LTQ_DEMO
Task ID: 6
Start: 2015-12-1 11:57:51
File existed: G01_12236.mgf
Machine Name:LTQ_DEMO
Task ID: 6
Start: 2015-12-1 11:57:52
File existed: G01_12236.mgf
Machine Name:LTQ_DEMO
Task ID: 6
Start: 2015-12-1 11:58:25
File existed: G01_12236.mgf
Machine Name:LTQ_DEMO
Task ID: 6
Start: 2015-12-1 11:59:48
Machine Name:LTQ_DEMO
Task ID: 6
Start: 2015-12-1 12:01:23
Created file:G01_12236.mzML
Machine Name:LTQ_DEMO
Task ID: 6
Start: 2015-12-1 12:03:01
File existed: G01_12236.mzML
Machine Name:LTQ_DEMO
Task ID: 6
Start: 2015-12-1 12:03:11
File existed: G01_12236.mzML
Machine Name:LTQ_DEMO
Task ID: 6
Start: 2015-12-1 12:03:27
File existed: G01_12236.mzML
Machine Name:LTQ_DEMO
Task ID: 6
Start: 2015-12-1 12:03:42
File existed: G01_12236.mzML
Machine Name:LTQ_DEMO
Task ID: 6
Start: 2015-12-1 12:04:59
Created file:A01_12762.mgf
Machine Name:LTQ_DEMO
Task ID: 6
Start: 2015-12-1 12:05:04
File existed: A01_12762.mgf
Machine Name:LTQ_DEMO
Task ID: 6
Start: 2015-12-1 12:05:13
File existed: A01_12762.mgf
Machine Name:LTQ_DEMO
Task ID: 6
Start: 2015-12-1 12:05:35
Machine Name:LTQ_DEMO
Task ID: 6
Start: 2015-12-1 12:05:54
Machine Name:LTQ_DEMO
Task ID: 6
Start: 2015-12-1 12:06:11
Machine Name:LTQ_DEMO
Task ID: 6
Start: 2015-12-1 12:06:22
Machine Name:LTQ_DEMO
Task ID: 6
Start: 2015-12-1 12:06:35