
X! TANDEM CYCLONE TPP (2011.12.01.1 - LabKey, Insilicos, ISB) 

Loading spectra (mzParser). loaded.
Spectra matching criteria = 1825
Pluggable scoring enabled.
Starting threads ............ started.
Computing models:
	Spectrum-to-	sequences modelled = 23 ks
Model refinement:
	partial cleavage ..... done.
	partial cleavage 1 ..... done.
	modified N-terminus ..... done.
	finishing refinement ... done.
Merging results:
	from 23456789101112

Creating report:
	initial calculations  ..... done.
	sorting  ..... done.
	finding repeats ..... done.
	evaluating results ..... done.
	calculating expectations ..... done.
	writing results ..... done.

Valid models = 12
False positive rate (reversed sequences) = 0



X! TANDEM CYCLONE TPP (2011.12.01.1 - LabKey, Insilicos, ISB) 

Loading spectra (mzParser). loaded.
Spectra matching criteria = 1825
Pluggable scoring enabled.
Starting threads ............ started.
Computing models:
	Spectrum-to-	sequences modelled = 23 ks
Model refinement:
	partial cleavage ..... done.
	partial cleavage 1 ..... done.
	modified N-terminus ..... done.
	finishing refinement ... done.
Merging results:
	from 23456789101112

Creating report:
	initial calculations  ..... done.
	sorting  ..... done.
	finding repeats ..... done.
	evaluating results ..... done.
	calculating expectations ..... done.
	writing results ..... done.

Valid models = 12
False positive rate (reversed sequences) = 0



X! TANDEM CYCLONE TPP (2011.12.01.1 - LabKey, Insilicos, ISB) 

Loading spectra (mzParser). loaded.
Spectra matching criteria = 1825
Pluggable scoring enabled.
Starting threads ............ started.
Computing models:
	Spectrum-to-	sequences modelled = 23 ks
Model refinement:
	partial cleavage ..... done.
	partial cleavage 1 ..... done.
	modified N-terminus ..... done.
	finishing refinement ... done.
Merging results:
	from 23456789101112

Creating report:
	initial calculations  ..... done.
	sorting  ..... done.
	finding repeats ..... done.
	evaluating results ..... done.
	calculating expectations ..... done.
	writing results ..... done.

Valid models = 12
False positive rate (reversed sequences) = 0



X! TANDEM CYCLONE TPP (2011.12.01.1 - LabKey, Insilicos, ISB) 

Loading spectra (mzParser). loaded.
Spectra matching criteria = 1825
Pluggable scoring enabled.
Starting threads ............ started.
Computing models:
	Spectrum-to-	sequences modelled = 23 ks
Model refinement:
	partial cleavage ..... done.
	partial cleavage 1 ..... done.
	modified N-terminus ..... done.
	finishing refinement ... done.
Merging results:
	from 23456789101112

Creating report:
	initial calculations  ..... done.
	sorting  ..... done.
	finding repeats ..... done.
	evaluating results ..... done.
	calculating expectations ..... done.
	writing results ..... done.

Valid models = 12
False positive rate (reversed sequences) = 0


