=====================================
August 18, 2015, 2:10 pm
Sent to: jianpzhang@gmail.com
Sent by: frank@gmail.com
Subject: ssssssss
URL: 
Status: sent mail

=====================================
August 21, 2015, 10:11 am
Sent to: jpzhang@lunenfeld.ca
Sent by: frank@gmail.com
Subject: aaaaaaaaaaaaaa
URL: 
Status: sent mail

=====================================
December 1, 2015, 11:00 am
Sent to: jpzhang@lunenfeld.ca
Sent by: admin@test
Subject: aaa
URL: 
Status: sent mail

=====================================
December 1, 2015, 11:02 am
Sent to: jianpzhang@gmail.com
Sent by: admin@test
Subject: bbb
URL: 
Status: sent mail

