
SAINT 2: Start time  2015-07-30 14:37:48
Folder:/mnt/thegpm/Prohits_dev/ProhitsStorage/Prohits_Data/SAINT_results/saint_2/
SaintName:tt
ProjectID:2
UserID:1
run saint in Prohits server
Working Dir: /mnt/thegpm/Prohits_dev/ProhitsStorage/Prohits_Data/SAINT_results/saint_2/

cd /mnt/thegpm/Prohits_dev/ProhitsStorage/Prohits_Data/SAINT_results/saint_2/
/mnt/thegpm/Prohits_dev/EXT/Prohits_SAINT/SAINT_v2.5.0/bin/saint-reformat inter_2.dat prey.dat bait.dat 2
####cd /mnt/thegpm/Prohits_dev/ProhitsStorage/Prohits_Data/SAINT_results/saint_2/
/mnt/thegpm/Prohits_dev/EXT/Prohits_SAINT/SAINT_v2.5.0/bin/saint-reformat inter_2.dat prey.dat bait.dat 2
##start time:2015-07-30 14:37:48Duplicate Warning: Preys must be unique in the prey file...fixed.
Some prey(s) are missing from the prey file.
Check PreysNotInList file in reformat_log folder and insert them in the prey file.
There may be duplicates in this list.
Some prey(s) are missing from the prey file.
Check PreysNotInList file in reformat_log folder and insert them in the prey file.
There may be duplicates in this list.

cd /mnt/thegpm/Prohits_dev/ProhitsStorage/Prohits_Data/SAINT_results/saint_2/
GSL_RNG_SEED=123 /mnt/thegpm/Prohits_dev/EXT/Prohits_SAINT/SAINT_v2.5.0/bin/saint-spc-ctrl interaction.new prey.new bait.new 2000 5000 0 1 1
####cd /mnt/thegpm/Prohits_dev/ProhitsStorage/Prohits_Data/SAINT_results/saint_2/
GSL_RNG_SEED=123 /mnt/thegpm/Prohits_dev/EXT/Prohits_SAINT/SAINT_v2.5.0/bin/saint-spc-ctrl interaction.new prey.new bait.new 2000 5000 0 1 1
##start time:2015-07-30 14:37:48GSL_RNG_SEED=123
Reading data and mapping interactions
Burn-in Period
100	200	300	400	500	600	700	800	900	1000	1100	1200	1300	1400	1500	1600	1700	1800	1900	2000	
Main Iterations
100	200	300	400	500	600	700	800	900	1000	1100	1200	1300	1400	1500	1600	1700	1800	1900	2000	2100	2200	2300	2400	2500	2600	2700	2800	2900	3000	3100	3200	3300	3400	3500	3600	3700	3800	3900	4000	4100	4200	4300	4400	4500	4600	4700	4800	4900	5000	

SAINT 3: Start time  2015-07-30 14:39:43
Folder:/mnt/thegpm/Prohits_dev/ProhitsStorage/Prohits_Data/SAINT_results/saint_3/
SaintName:rr
ProjectID:2
UserID:1
run saint in Prohits server
Working Dir: /mnt/thegpm/Prohits_dev/ProhitsStorage/Prohits_Data/SAINT_results/saint_3/

cd /mnt/thegpm/Prohits_dev/ProhitsStorage/Prohits_Data/SAINT_results/saint_3/
/mnt/thegpm/Prohits_dev/EXT/Prohits_SAINT/SAINTexpress_v3.3/bin/SAINTexpress-spc -L2 -R2 inter.dat prey.dat bait.dat iRefIndex.dat
####cd /mnt/thegpm/Prohits_dev/ProhitsStorage/Prohits_Data/SAINT_results/saint_3/
/mnt/thegpm/Prohits_dev/EXT/Prohits_SAINT/SAINTexpress_v3.3/bin/SAINTexpress-spc -L2 -R2 inter.dat prey.dat bait.dat iRefIndex.dat
##start time:2015-07-30 14:39:43Input files are: inter.dat, prey.dat, bait.dat, iRefIndex.dat
Interaction file: "inter.dat"
Prey file: "prey.dat"
Bait file: "bait.dat"
GO file: "iRefIndex.dat"
Parsing prey file prey.dat ...done.
Parsing prey file bait.dat ...done.
Parsing interaction file inter.dat ...done.
Setting matrix indices for each interaction...done.
Creating matrix...done.
Creating a list of unique interactions...done.

SAINT 4: Start time  2015-08-28 16:47:31
Folder:/mnt/thegpm/Prohits_dev/ProhitsStorage/Prohits_Data/SAINT_results/saint_4/
SaintName:TR
ProjectID:2
UserID:1
Error: SAINT cannot be run. Please set correct bin path for 'SAINT_SERVER_PATH' and 'SAINT_SERVER_EXPRESS_PATH'  in conf file
SAINT 5: Start time  2015-10-27 11:51:58
Folder:/mnt/thegpm/Prohits_dev/ProhitsStorage/Prohits_Data/SAINT_results/saint_5/
SaintName:aaaa
ProjectID:2
UserID:1
run saint in Prohits server
Working Dir: /mnt/thegpm/Prohits_dev/ProhitsStorage/Prohits_Data/SAINT_results/saint_5/

cd /mnt/thegpm/Prohits_dev/ProhitsStorage/Prohits_Data/SAINT_results/saint_5/
/mnt/thegpm/Prohits_dev/EXT/Prohits_SAINT/SAINTexpress_v3.3/bin/SAINTexpress-spc -R2 inter.dat prey.dat bait.dat iRefIndex.dat
####cd /mnt/thegpm/Prohits_dev/ProhitsStorage/Prohits_Data/SAINT_results/saint_5/
/mnt/thegpm/Prohits_dev/EXT/Prohits_SAINT/SAINTexpress_v3.3/bin/SAINTexpress-spc -R2 inter.dat prey.dat bait.dat iRefIndex.dat
##start time:2015-10-27 11:51:58Input files are: inter.dat, prey.dat, bait.dat, iRefIndex.dat
Interaction file: "inter.dat"
Prey file: "prey.dat"
Bait file: "bait.dat"
GO file: "iRefIndex.dat"
Parsing prey file prey.dat ...done.
Parsing prey file bait.dat ...done.
Parsing interaction file inter.dat ...done.
Setting matrix indices for each interaction...done.
Creating matrix...done.
Creating a list of unique interactions...done.

SAINT 6: Start time  2015-10-27 12:16:55
Folder:/mnt/thegpm/Prohits_dev/ProhitsStorage/Prohits_Data/SAINT_results/saint_6/
SaintName:ddddd
ProjectID:2
UserID:1
run saint in Prohits server
Working Dir: /mnt/thegpm/Prohits_dev/ProhitsStorage/Prohits_Data/SAINT_results/saint_6/

cd /mnt/thegpm/Prohits_dev/ProhitsStorage/Prohits_Data/SAINT_results/saint_6/
/mnt/thegpm/Prohits_dev/EXT/Prohits_SAINT/SAINTexpress_v3.3/bin/SAINTexpress-spc -R2 inter.dat prey.dat bait.dat iRefIndex.dat
####cd /mnt/thegpm/Prohits_dev/ProhitsStorage/Prohits_Data/SAINT_results/saint_6/
/mnt/thegpm/Prohits_dev/EXT/Prohits_SAINT/SAINTexpress_v3.3/bin/SAINTexpress-spc -R2 inter.dat prey.dat bait.dat iRefIndex.dat
##start time:2015-10-27 12:16:55Input files are: inter.dat, prey.dat, bait.dat, iRefIndex.dat
Interaction file: "inter.dat"
Prey file: "prey.dat"
Bait file: "bait.dat"
GO file: "iRefIndex.dat"
Parsing prey file prey.dat ...done.
Parsing prey file bait.dat ...done.
Parsing interaction file inter.dat ...done.
Setting matrix indices for each interaction...done.
Creating matrix...done.
Creating a list of unique interactions...done.

SAINT 34: Start time  2015-11-06 12:02:10
Folder:/var/www/html/Prohits/ProhitsStorage/Prohits_Data/SAINT_results/saint_34/
SaintName:test1
ProjectID:3
UserID:1
run saint in Prohits server
Working Dir: /var/www/html/Prohits/ProhitsStorage/Prohits_Data/SAINT_results/saint_34/

cd /var/www/html/Prohits/ProhitsStorage/Prohits_Data/SAINT_results/saint_34/
/var/www/html/Prohits/EXT/Prohits_SAINT/SAINTexpress_v3.3/bin/SAINTexpress-spc -L2 -R2 inter.dat prey.dat bait.dat iRefIndex.dat
####cd /var/www/html/Prohits/ProhitsStorage/Prohits_Data/SAINT_results/saint_34/
/var/www/html/Prohits/EXT/Prohits_SAINT/SAINTexpress_v3.3/bin/SAINTexpress-spc -L2 -R2 inter.dat prey.dat bait.dat iRefIndex.dat
##start time:2015-11-06 12:02:10Input files are: inter.dat, prey.dat, bait.dat, iRefIndex.dat
Interaction file: "inter.dat"
Prey file: "prey.dat"
Bait file: "bait.dat"
GO file: "iRefIndex.dat"
Parsing prey file prey.dat ...done.
Parsing prey file bait.dat ...done.
Parsing interaction file inter.dat ...done.
Setting matrix indices for each interaction...done.
Creating matrix...done.
Creating a list of unique interactions...done.

SAINT 35: Start time  2015-11-06 14:29:11
Folder:/var/www/html/Prohits/ProhitsStorage/Prohits_Data/SAINT_results/saint_35/
SaintName:test2
ProjectID:3
UserID:1
run saint in Prohits server
Working Dir: /var/www/html/Prohits/ProhitsStorage/Prohits_Data/SAINT_results/saint_35/

cd /var/www/html/Prohits/ProhitsStorage/Prohits_Data/SAINT_results/saint_35/
/var/www/html/Prohits/EXT/Prohits_SAINT/SAINT_v2.5.0/bin/saint-reformat inter_2.dat prey.dat bait.dat 2
####cd /var/www/html/Prohits/ProhitsStorage/Prohits_Data/SAINT_results/saint_35/
/var/www/html/Prohits/EXT/Prohits_SAINT/SAINT_v2.5.0/bin/saint-reformat inter_2.dat prey.dat bait.dat 2
##start time:2015-11-06 14:29:11
cd /var/www/html/Prohits/ProhitsStorage/Prohits_Data/SAINT_results/saint_35/
GSL_RNG_SEED=123 /var/www/html/Prohits/EXT/Prohits_SAINT/SAINT_v2.5.0/bin/saint-spc-ctrl interaction.new prey.new bait.new 2000 5000 0 1 1
####cd /var/www/html/Prohits/ProhitsStorage/Prohits_Data/SAINT_results/saint_35/
GSL_RNG_SEED=123 /var/www/html/Prohits/EXT/Prohits_SAINT/SAINT_v2.5.0/bin/saint-spc-ctrl interaction.new prey.new bait.new 2000 5000 0 1 1
##start time:2015-11-06 14:29:11GSL_RNG_SEED=123
Reading data and mapping interactions
Burn-in Period
100	200	300	400	500	600	700	800	900	1000	1100	1200	1300	1400	1500	1600	1700	1800	1900	2000	
Main Iterations
100	200	300	400	500	600	700	800	900	1000	1100	1200	1300	1400	1500	1600	1700	1800	1900	2000	2100	2200	2300	2400	2500	2600	2700	2800	2900	3000	3100	3200	3300	3400	3500	3600	3700	3800	3900	4000	4100	4200	4300	4400	4500	4600	4700	4800	4900	5000	

SAINT 1: Start time  2015-11-25 12:23:54
Folder:/var/www/html/Prohits/ProhitsStorage/Prohits_Data/SAINT_results/saint_1/
SaintName:TEST
ProjectID:2
UserID:1
run saint in Prohits server
Working Dir: /var/www/html/Prohits/ProhitsStorage/Prohits_Data/SAINT_results/saint_1/

cd /var/www/html/Prohits/ProhitsStorage/Prohits_Data/SAINT_results/saint_1/
/var/www/html/Prohits/EXT/Prohits_SAINT/SAINTexpress_v3.3/bin/SAINTexpress-spc -R2 inter.dat prey.dat bait.dat iRefIndex.dat
####cd /var/www/html/Prohits/ProhitsStorage/Prohits_Data/SAINT_results/saint_1/
/var/www/html/Prohits/EXT/Prohits_SAINT/SAINTexpress_v3.3/bin/SAINTexpress-spc -R2 inter.dat prey.dat bait.dat iRefIndex.dat
##start time:2015-11-25 12:23:54Input files are: inter.dat, prey.dat, bait.dat, iRefIndex.dat
Interaction file: "inter.dat"
Prey file: "prey.dat"
Bait file: "bait.dat"
GO file: "iRefIndex.dat"
Parsing prey file prey.dat ...done.
Parsing prey file bait.dat ...done.
Parsing interaction file inter.dat ...done.
Setting matrix indices for each interaction...done.
Creating matrix...done.
Creating a list of unique interactions...done.

SAINT 2: Start time  2015-11-25 13:47:52
Folder:/var/www/html/Prohits/ProhitsStorage/Prohits_Data/SAINT_results/saint_2/
SaintName:EXP
ProjectID:3
UserID:1
run saint in Prohits server
Working Dir: /var/www/html/Prohits/ProhitsStorage/Prohits_Data/SAINT_results/saint_2/

cd /var/www/html/Prohits/ProhitsStorage/Prohits_Data/SAINT_results/saint_2/
/var/www/html/Prohits/EXT/Prohits_SAINT/SAINTexpress_v3.3/bin/SAINTexpress-spc -L1 -R2 inter.dat prey.dat bait.dat iRefIndex.dat
####cd /var/www/html/Prohits/ProhitsStorage/Prohits_Data/SAINT_results/saint_2/
/var/www/html/Prohits/EXT/Prohits_SAINT/SAINTexpress_v3.3/bin/SAINTexpress-spc -L1 -R2 inter.dat prey.dat bait.dat iRefIndex.dat
##start time:2015-11-25 13:47:52Input files are: inter.dat, prey.dat, bait.dat, iRefIndex.dat
Interaction file: "inter.dat"
Prey file: "prey.dat"
Bait file: "bait.dat"
GO file: "iRefIndex.dat"
Parsing prey file prey.dat ...done.
Parsing prey file bait.dat ...done.
Parsing interaction file inter.dat ...done.
Setting matrix indices for each interaction...done.
Creating matrix...done.
Creating a list of unique interactions...done.

SAINT 3: Start time  2015-11-25 14:05:45
Folder:/var/www/html/Prohits/ProhitsStorage/Prohits_Data/SAINT_results/saint_3/
SaintName:gene Level
ProjectID:2
UserID:1
run saint in Prohits server
Working Dir: /var/www/html/Prohits/ProhitsStorage/Prohits_Data/SAINT_results/saint_3/

cd /var/www/html/Prohits/ProhitsStorage/Prohits_Data/SAINT_results/saint_3/
/var/www/html/Prohits/EXT/Prohits_SAINT/SAINTexpress_v3.3/bin/SAINTexpress-spc -R2 inter.dat prey.dat bait.dat iRefIndex.dat
####cd /var/www/html/Prohits/ProhitsStorage/Prohits_Data/SAINT_results/saint_3/
/var/www/html/Prohits/EXT/Prohits_SAINT/SAINTexpress_v3.3/bin/SAINTexpress-spc -R2 inter.dat prey.dat bait.dat iRefIndex.dat
##start time:2015-11-25 14:05:45Input files are: inter.dat, prey.dat, bait.dat, iRefIndex.dat
Interaction file: "inter.dat"
Prey file: "prey.dat"
Bait file: "bait.dat"
GO file: "iRefIndex.dat"
Parsing prey file prey.dat ...done.
Parsing prey file bait.dat ...done.
Parsing interaction file inter.dat ...done.
Setting matrix indices for each interaction...done.
Creating matrix...done.
Creating a list of unique interactions...done.

SAINT 4: Start time  2015-11-25 14:07:29
Folder:/var/www/html/Prohits/ProhitsStorage/Prohits_Data/SAINT_results/saint_4/
SaintName:gene Level2
ProjectID:2
UserID:1
run saint in Prohits server
Working Dir: /var/www/html/Prohits/ProhitsStorage/Prohits_Data/SAINT_results/saint_4/

cd /var/www/html/Prohits/ProhitsStorage/Prohits_Data/SAINT_results/saint_4/
/var/www/html/Prohits/EXT/Prohits_SAINT/SAINTexpress_v3.3/bin/SAINTexpress-spc -R2 inter.dat prey.dat bait.dat
####cd /var/www/html/Prohits/ProhitsStorage/Prohits_Data/SAINT_results/saint_4/
/var/www/html/Prohits/EXT/Prohits_SAINT/SAINTexpress_v3.3/bin/SAINTexpress-spc -R2 inter.dat prey.dat bait.dat
##start time:2015-11-25 14:07:29Input files are: inter.dat, prey.dat, bait.dat
Interaction file: "inter.dat"
Prey file: "prey.dat"
Bait file: "bait.dat"
GO file: ""
Parsing prey file prey.dat ...done.
Parsing prey file bait.dat ...done.
Parsing interaction file inter.dat ...done.
Setting matrix indices for each interaction...done.
Creating matrix...done.
Creating a list of unique interactions...done.
