

Table:LTQ_DEMO; Task ID: 128; Start Time: 2015-08-5 12:25:30; Raw data files: 2
Warning: the file dosen't exist: /mnt/thegpm/Prohits_dev/ProhitsStorage/LTQ_DEMO/Demo_Human_GelFree_P3/12_WASL_pelletA.RAW

Table:LTQ_DEMO; Task ID: 128. File cannot be converted. The task has been stopped. /mnt/thegpm/Prohits_dev/ProhitsStorage/LTQ_DEMO/Demo_Human_GelFree_P3/12_WASL_pelletA.RAW

Table:LTQ_DEMO; Task ID: 128; Start Time: 2015-08-5 14:37:12; Raw data files: 2
Created file:12_WASL_pelletA.mzXML

Table:LTQ_DEMO; Task ID: 128; Start Time: 2015-08-5 14:40:26; Raw data files: 2
Created file:13_WASL_pelletB.mzXML

Table:LTQ_DEMO; Task ID: 128; Start Time: 2015-08-5 14:41:27; Raw data files: 2

Table:LTQ_DEMO; Task ID: 128; Start Time: 2015-08-5 14:41:30; Raw data files: 2

Table:LTQ_DEMO; Task ID: 128; Start Time: 2015-08-5 14:41:46; Raw data files: 2

Table:LTQ_DEMO; Task ID: 128; Start Time: 2015-08-5 14:43:56; Raw data files: 2

Table:LTQ_DEMO; Task ID: 128; Start Time: 2015-08-5 14:44:34; Raw data files: 2

Table:LTQ_DEMO; Task ID: 129; Start Time: 2015-08-5 15:06:28; Raw data files: 2
Table:LTQ_DEMO task ID: 129 has been stopped.

Table:LTQ_DEMO; Task ID: 129; Start Time: 2015-08-5 15:08:14; Raw data files: 2

Table:LTQ_DEMO; Task ID: 131; Start Time: 2015-08-5 15:20:28; Raw data files: 2

Table:LTQ_DEMO; Task ID: 131; Start Time: 2015-08-5 15:30:28; Raw data files: 2

Table:LTQ_DEMO; Task ID: 131; Start Time: 2015-08-5 15:31:38; Raw data files: 2

Table:LTQ_DEMO; Task ID: 131; Start Time: 2015-08-5 15:33:22; Raw data files: 2
Created file:12_WASL_pelletA.mzXML

Table:LTQ_DEMO; Task ID: 131; Start Time: 2015-08-5 15:33:55; Raw data files: 2

Table:LTQ_DEMO; Task ID: 131; Start Time: 2015-08-5 15:35:47; Raw data files: 2

Table:LTQ_DEMO; Task ID: 131; Start Time: 2015-08-5 15:47:39; Raw data files: 2

Table:LTQ_DEMO; Task ID: 131; Start Time: 2015-08-6 10:29:00; Raw data files: 2

Table:LTQ_DEMO; Task ID: 131; Start Time: 2015-08-6 10:29:37; Raw data files: 2

Table:LTQ_DEMO; Task ID: 131; Start Time: 2015-08-6 10:31:05; Raw data files: 2

Table:LTQ_DEMO; Task ID: 131; Start Time: 2015-08-6 10:35:57; Raw data files: 2

Table:LTQ_DEMO; Task ID: 131; Start Time: 2015-08-6 10:59:40; Raw data files: 2

Table:LTQ_DEMO; Task ID: 131; Start Time: 2015-08-6 11:03:48; Raw data files: 2

Table:LTQ_DEMO; Task ID: 131; Start Time: 2015-08-6 11:07:09; Raw data files: 2

Table:LTQ_DEMO; Task ID: 131; Start Time: 2015-08-6 11:07:22; Raw data files: 2

Table:LTQ_DEMO; Task ID: 131; Start Time: 2015-08-6 11:09:39; Raw data files: 2

Table:LTQ_DEMO; Task ID: 131; Start Time: 2015-08-6 11:14:04; Raw data files: 2

Table:LTQ_DEMO; Task ID: 131; Start Time: 2015-08-6 11:19:28; Raw data files: 2

Table:LTQ_DEMO; Task ID: 131; Start Time: 2015-08-6 11:19:46; Raw data files: 2

Table:LTQ_DEMO; Task ID: 131; Start Time: 2015-08-6 11:31:42; Raw data files: 2

Table:LTQ_DEMO; Task ID: 131; Start Time: 2015-08-6 11:32:19; Raw data files: 2

Table:LTQ_DEMO; Task ID: 131; Start Time: 2015-08-6 11:33:18; Raw data files: 2

Table:LTQ_DEMO; Task ID: 131; Start Time: 2015-08-6 11:38:04; Raw data files: 2

Table:LTQ_DEMO; Task ID: 131; Start Time: 2015-08-6 11:38:14; Raw data files: 2

Table:LTQ_DEMO; Task ID: 131; Start Time: 2015-08-6 11:51:14; Raw data files: 2

Table:LTQ_DEMO; Task ID: 131; Start Time: 2015-08-6 11:52:12; Raw data files: 2

Table:LTQ_DEMO; Task ID: 131; Start Time: 2015-08-6 11:52:54; Raw data files: 2

Table:LTQ_DEMO; Task ID: 131; Start Time: 2015-08-6 11:53:24; Raw data files: 2

Table:LTQ_DEMO; Task ID: 131; Start Time: 2015-08-6 11:54:49; Raw data files: 2

Table:LTQ_DEMO; Task ID: 131; Start Time: 2015-08-6 11:55:02; Raw data files: 2

Table:LTQ_DEMO; Task ID: 131; Start Time: 2015-08-6 12:00:09; Raw data files: 2

Table:LTQ_DEMO; Task ID: 131; Start Time: 2015-08-6 12:01:44; Raw data files: 2

Table:LTQ_DEMO; Task ID: 131; Start Time: 2015-08-6 12:02:46; Raw data files: 2

Table:LTQ_DEMO; Task ID: 131; Start Time: 2015-08-6 12:06:09; Raw data files: 2

Table:LTQ_DEMO; Task ID: 131; Start Time: 2015-08-6 12:06:57; Raw data files: 2

Table:LTQ_DEMO; Task ID: 131; Start Time: 2015-08-6 12:07:42; Raw data files: 2

Table:LTQ_DEMO; Task ID: 131; Start Time: 2015-08-6 12:09:11; Raw data files: 2

Table:LTQ_DEMO; Task ID: 131; Start Time: 2015-08-6 12:10:09; Raw data files: 2

Table:LTQ_DEMO; Task ID: 131; Start Time: 2015-08-6 12:10:57; Raw data files: 2

Table:LTQ_DEMO; Task ID: 131; Start Time: 2015-08-6 12:11:03; Raw data files: 2

Table:LTQ_DEMO; Task ID: 131; Start Time: 2015-08-6 12:11:33; Raw data files: 2

Table:LTQ_DEMO; Task ID: 131; Start Time: 2015-08-6 12:12:30; Raw data files: 2

Table:LTQ_DEMO; Task ID: 131; Start Time: 2015-08-6 12:13:37; Raw data files: 2

Table:LTQ_DEMO; Task ID: 131; Start Time: 2015-08-6 12:14:12; Raw data files: 2

Table:LTQ_DEMO; Task ID: 131; Start Time: 2015-08-6 12:21:50; Raw data files: 2

Table:LTQ_DEMO; Task ID: 131; Start Time: 2015-08-6 12:22:36; Raw data files: 2

Table:LTQ_DEMO; Task ID: 131; Start Time: 2015-08-6 12:22:57; Raw data files: 2

Table:LTQ_DEMO; Task ID: 131; Start Time: 2015-08-6 12:25:51; Raw data files: 2

Table:LTQ_DEMO; Task ID: 131; Start Time: 2015-08-6 12:26:09; Raw data files: 2

Table:LTQ_DEMO; Task ID: 131; Start Time: 2015-08-6 12:27:24; Raw data files: 2

Table:LTQ_DEMO; Task ID: 132; Start Time: 2015-08-6 13:38:49; Raw data files: 1

Table:LTQ_DEMO; Task ID: 133; Start Time: 2015-08-6 13:50:36; Raw data files: 2
Created file:12_WASL_pelletA.mzXML

Table:LTQ_DEMO; Task ID: 133; Start Time: 2015-08-6 13:52:55; Raw data files: 2

Table:LTQ_DEMO; Task ID: 134; Start Time: 2015-08-6 14:04:39; Raw data files: 2
Created file:12_WASL_pelletA.mzXML

Table:LTQ_DEMO; Task ID: 134; Start Time: 2015-08-6 14:10:18; Raw data files: 2
Table:LTQ_DEMO task ID: 134 has been stopped.

Table:LTQ_DEMO; Task ID: 134; Start Time: 2015-08-6 14:12:53; Raw data files: 2
update LTQ_DEMOSearchResults set DataFiles='/mnt/thegpm/gpm/archive/LTQ_DEMO/task134/27_13_WASL_pelletB_GI_searched.txt', Date=now() where WellID='Array' and TaskID='134' and SearchEngines='MSPLIT'
update LTQ_DEMOSearchResults set DataFiles='/mnt/thegpm/gpm/archive/LTQ_DEMO/task134/184_Swath_EIF4aJune7-Biorep1_GI_searched.txt', Date=now() where WellID='Array' and TaskID='134' and SearchEngines='MSPLIT'
UPDATE LTQ_DEMOSearchTasks SET Status='Finished' WHERE ID='134'
update LTQ_DEMOSearchResults set DataFiles='/mnt/thegpm/gpm/archive/LTQ_DEMO/task134/27_13_WASL_pelletB_GI_searched.txt', Date=now() where WellID='Array' and TaskID='134' and SearchEngines='MSPLIT'
update LTQ_DEMOSearchResults set DataFiles='/mnt/thegpm/gpm/archive/LTQ_DEMO/task134/184_Swath_EIF4aJune7-Biorep1_GI_searched.txt', Date=now() where WellID='Array' and TaskID='134' and SearchEngines='MSPLIT'
UPDATE LTQ_DEMOSearchTasks SET Status='Finished' WHERE ID='134'
LTQ_DEMO task ID:134 Status='Finished'2015-08-06 16:37:49
update LTQ_DEMOSearchResults set DataFiles='/mnt/thegpm/gpm/archive/LTQ_DEMO/task134/27_13_WASL_pelletB_GI_searched.txt', Date=now() where WellID='27' and TaskID='134' and SearchEngines='MSPLIT'
update LTQ_DEMOSearchResults set DataFiles='/mnt/thegpm/gpm/archive/LTQ_DEMO/task134/184_Swath_EIF4aJune7-Biorep1_GI_searched.txt', Date=now() where WellID='184' and TaskID='134' and SearchEngines='MSPLIT'
UPDATE LTQ_DEMOSearchTasks SET Status='Finished' WHERE ID='134'
LTQ_DEMO task ID:134 Status='Finished'2015-08-06 16:38:16
UPDATE LTQ_DEMOSearchTasks SET Status='Error' WHERE ID='134'
Returned from MSPLIT log file
------------------------------
MSGFDB search begun
MSGFDB search complete
Spectral library generated
Archival spectral library generated
MSPLIT archive search begun
MSPLIT archive search complete
MSPLIT DDA-generated library search begun
MSPLIT DDA-generated library search complete
Complete

TaskID: 134
Task PID: 32152
>>>Task is not running<<<
>>>ERROR RESULTS FOLDER: /mnt/thegpm/gpm/archive/LTQ_DEMO/task134<<<
LTQ_DEMO task ID:134 Status='Finished'2015-08-06 16:55:40
UPDATE LTQ_DEMOSearchTasks SET Status='Error' WHERE ID='134'
Returned from MSPLIT log file
------------------------------
MSGFDB search begun
MSGFDB search complete
Spectral library generated
Archival spectral library generated
MSPLIT archive search begun
MSPLIT archive search complete
MSPLIT DDA-generated library search begun
MSPLIT DDA-generated library search complete
Complete

TaskID: 134
Task PID: 32152
>>>Task is not running<<<
>>>ERROR: RESULTS FOLDER /mnt/thegpm/gpm/archive/LTQ_DEMO/task134<<<
LTQ_DEMO task ID:134 Status='Error'2015-08-06 16:59:21
UPDATE LTQ_DEMOSearchTasks SET Status='Error' WHERE ID='134'
Returned from MSPLIT log file
------------------------------
MSGFDB search begun
MSGFDB search complete
Spectral library generated
Archival spectral library generated
MSPLIT archive search begun
MSPLIT archive search complete
MSPLIT DDA-generated library search begun
MSPLIT DDA-generated library search complete
Complete

TaskID: 134
Task PID: 32152
>>>Task is not running<<<
>>>ERROR: RESULTS FOLDER /mnt/thegpm/gpm/archive/LTQ_DEMO/task134<<<
LTQ_DEMO task ID:134 Status='Error'2015-08-06 16:59:37
UPDATE LTQ_DEMOSearchTasks SET Status='Error' WHERE ID='134'
Returned from MSPLIT log file
------------------------------
MSGFDB search begun
MSGFDB search complete
Spectral library generated
Archival spectral library generated
MSPLIT archive search begun
MSPLIT archive search complete
MSPLIT DDA-generated library search begun
MSPLIT DDA-generated library search complete
Complete

TaskID: 134
Task PID: 32152
>>>Task is not running<<<
>>>ERROR: RESULTS FOLDER /mnt/thegpm/gpm/archive/LTQ_DEMO/task134<<<
no MSPLIT_Results_for_Peakview.txt file created
LTQ_DEMO task ID:134 Status='Error'2015-08-06 17:00:44
update LTQ_DEMOSearchResults set DataFiles='/mnt/thegpm/gpm/archive/LTQ_DEMO/task134/27_13_WASL_pelletB_GI_searched.txt', Date=now() where WellID='27' and TaskID='134' and SearchEngines='MSPLIT'
update LTQ_DEMOSearchResults set DataFiles='/mnt/thegpm/gpm/archive/LTQ_DEMO/task134/184_Swath_EIF4aJune7-Biorep1_GI_searched.txt', Date=now() where WellID='184' and TaskID='134' and SearchEngines='MSPLIT'
UPDATE LTQ_DEMOSearchTasks SET Status='Finished' WHERE ID='134'
LTQ_DEMO task ID:134 Status='Finished'2015-08-06 17:01:20
Table:LTQ_DEMO task ID: 133 has been stopped.

Table:LTQ_DEMO; Task ID: 133; Start Time: 2015-08-12 13:46:03; Raw data files: 2
Created file:12_WASL_pelletA.mzXML

Table:LTQ_DEMO; Task ID: 133; Start Time: 2015-08-12 13:46:30; Raw data files: 2

Table:LTQ_DEMO; Task ID: 133; Start Time: 2015-08-12 13:47:21; Raw data files: 2

Table:LTQ_DEMO; Task ID: 133; Start Time: 2015-08-12 14:44:19; Raw data files: 2

Table:LTQ_DEMO; Task ID: 133; Start Time: 2015-08-12 14:45:42; Raw data files: 2

Table:LTQ_DEMO; Task ID: 133; Start Time: 2015-08-12 14:46:38; Raw data files: 2

Table:LTQ_DEMO; Task ID: 133; Start Time: 2015-08-12 14:47:02; Raw data files: 2

Table:LTQ_DEMO; Task ID: 133; Start Time: 2015-08-12 14:47:22; Raw data files: 2

Table:LTQ_DEMO; Task ID: 133; Start Time: 2015-08-12 14:47:31; Raw data files: 2

Table:LTQ_DEMO; Task ID: 133; Start Time: 2015-08-12 14:48:05; Raw data files: 2

Table:LTQ_DEMO; Task ID: 133; Start Time: 2015-08-12 14:58:33; Raw data files: 2

Table:LTQ_DEMO; Task ID: 133; Start Time: 2015-08-12 14:59:15; Raw data files: 2

Table:LTQ_DEMO; Task ID: 133; Start Time: 2015-08-12 15:00:13; Raw data files: 2

Table:LTQ_DEMO; Task ID: 133; Start Time: 2015-08-17 11:04:01; Raw data files: 2

Table:LTQ_DEMO; Task ID: 133; Start Time: 2015-08-17 11:16:57; Raw data files: 2

Table:LTQ_DEMO; Task ID: 133; Start Time: 2015-08-17 11:18:38; Raw data files: 2

Table:LTQ_DEMO; Task ID: 133; Start Time: 2015-08-17 11:38:33; Raw data files: 2

Table:LTQ_DEMO; Task ID: 133; Start Time: 2015-08-17 11:50:58; Raw data files: 2

Table:LTQ_DEMO; Task ID: 133; Start Time: 2015-08-17 11:55:05; Raw data files: 2

Table:LTQ_DEMO; Task ID: 133; Start Time: 2015-08-17 11:56:01; Raw data files: 2

Table:LTQ_DEMO; Task ID: 133; Start Time: 2015-08-17 13:33:42; Raw data files: 2

Table:LTQ_DEMO; Task ID: 133; Start Time: 2015-08-17 13:34:31; Raw data files: 2

Table:LTQ_DEMO; Task ID: 133; Start Time: 2015-08-17 13:35:06; Raw data files: 2

Table:LTQ_DEMO; Task ID: 133; Start Time: 2015-08-17 13:35:58; Raw data files: 2

Table:LTQ_DEMO; Task ID: 133; Start Time: 2015-08-17 13:41:10; Raw data files: 2

Table:LTQ_DEMO; Task ID: 133; Start Time: 2015-08-17 13:42:11; Raw data files: 2

Table:LTQ_DEMO; Task ID: 133; Start Time: 2015-08-17 13:42:29; Raw data files: 2

Table:LTQ_DEMO; Task ID: 133; Start Time: 2015-08-17 13:43:41; Raw data files: 2
Table:LTQ_DEMO task ID: 131 has been stopped.

Table:LTQ_DEMO; Task ID: 131; Start Time: 2015-08-17 13:49:22; Raw data files: 2
Created file:12_WASL_pelletA.mzXML

Table:LTQ_DEMO; Task ID: 131; Start Time: 2015-08-17 14:07:57; Raw data files: 2

Table:LTQ_DEMO; Task ID: 131; Start Time: 2015-08-17 14:08:20; Raw data files: 2

Table:LTQ_DEMO; Task ID: 131; Start Time: 2015-08-17 14:14:29; Raw data files: 2

Table:LTQ_DEMO; Task ID: 131; Start Time: 2015-08-17 15:10:02; Raw data files: 2

Table:LTQ_DEMO; Task ID: 131; Start Time: 2015-08-17 16:02:45; Raw data files: 2

Table:LTQ_DEMO; Task ID: 131; Start Time: 2015-08-17 16:03:21; Raw data files: 2

Table:LTQ_DEMO; Task ID: 131; Start Time: 2015-08-17 16:11:53; Raw data files: 2

Table:LTQ_DEMO; Task ID: 131; Start Time: 2015-08-17 16:43:30; Raw data files: 2

Table:LTQ_DEMO; Task ID: 131; Start Time: 2015-08-17 16:43:51; Raw data files: 2

Table:LTQ_DEMO; Task ID: 131; Start Time: 2015-08-17 16:46:09; Raw data files: 2

Table:LTQ_DEMO; Task ID: 131; Start Time: 2015-08-17 16:47:59; Raw data files: 2

Table:LTQ_DEMO; Task ID: 131; Start Time: 2015-08-17 16:48:26; Raw data files: 2

Table:LTQ_DEMO; Task ID: 131; Start Time: 2015-08-17 16:49:38; Raw data files: 2

Table:LTQ_DEMO; Task ID: 131; Start Time: 2015-08-18 12:26:34; Raw data files: 2

Table:LTQ_DEMO; Task ID: 131; Start Time: 2015-08-18 12:28:01; Raw data files: 2

Table:LTQ_DEMO; Task ID: 131; Start Time: 2015-08-18 12:28:27; Raw data files: 2

Table:LTQ_DEMO; Task ID: 131; Start Time: 2015-08-18 12:29:00; Raw data files: 2

Table:LTQ_DEMO; Task ID: 131; Start Time: 2015-08-18 12:29:11; Raw data files: 2

Table:LTQ_DEMO; Task ID: 131; Start Time: 2015-08-18 12:31:06; Raw data files: 2

Table:LTQ_DEMO; Task ID: 131; Start Time: 2015-08-18 14:23:17; Raw data files: 2

Table:LTQ_DEMO; Task ID: 131; Start Time: 2015-08-18 14:23:41; Raw data files: 2
Table:LTQ_DEMO task ID:  has been stopped.
UPDATE LTQ_DEMOSearchTasks SET Status='Error' WHERE ID='131'

TaskID: 131
Task PID: 123
>>>Task is not running<<<
>>>ERROR: RESULTS FOLDER /mnt/thegpm/gpm/archive/LTQ_DEMO/task131<<<
no MSPLIT_Results_for_Peakview.txt file created
LTQ_DEMO task ID:131 Status='Error'2015-08-20 13:44:25
Table:LTQ_DEMO task ID: 134 has been stopped.
Table:LTQ_DEMO task ID: 134 has been stopped.
Table:LTQ_DEMO task ID: 134 has been stopped.

Table:LTQ_DEMO; Task ID: 134; Start Time: 2015-08-20 14:14:35; Raw data files: 1

Table:LTQ_DEMO; Task ID: 134; Start Time: 2015-08-20 14:17:11; Raw data files: 1

Table:LTQ_DEMO; Task ID: 134; Start Time: 2015-08-20 14:18:02; Raw data files: 1

Table:LTQ_DEMO; Task ID: 134; Start Time: 2015-08-20 14:20:03; Raw data files: 1

Table:LTQ_DEMO; Task ID: 134; Start Time: 2015-08-20 14:21:52; Raw data files: 1

Table:LTQ_DEMO; Task ID: 134; Start Time: 2015-08-20 14:22:03; Raw data files: 1

Table:LTQ_DEMO; Task ID: 134; Start Time: 2015-08-20 14:22:16; Raw data files: 1

Table:LTQ_DEMO; Task ID: 134; Start Time: 2015-08-20 14:26:08; Raw data files: 1

Table:LTQ_DEMO; Task ID: 134; Start Time: 2015-08-20 14:26:34; Raw data files: 1

Table:LTQ_DEMO; Task ID: 134; Start Time: 2015-08-20 14:27:22; Raw data files: 1

Table:LTQ_DEMO; Task ID: 134; Start Time: 2015-08-20 14:27:34; Raw data files: 1

Table:LTQ_DEMO; Task ID: 134; Start Time: 2015-08-20 14:28:53; Raw data files: 1

Table:LTQ_DEMO; Task ID: 134; Start Time: 2015-08-20 14:31:18; Raw data files: 1

Table:LTQ_DEMO; Task ID: 134; Start Time: 2015-08-20 14:34:47; Raw data files: 1

Table:LTQ_DEMO; Task ID: 134; Start Time: 2015-08-20 14:35:52; Raw data files: 1

Table:LTQ_DEMO; Task ID: 134; Start Time: 2015-08-20 14:36:05; Raw data files: 1

Table:LTQ_DEMO; Task ID: 134; Start Time: 2015-08-20 14:36:18; Raw data files: 1

Table:LTQ_DEMO; Task ID: 134; Start Time: 2015-08-20 14:36:31; Raw data files: 1

Table:LTQ_DEMO; Task ID: 134; Start Time: 2015-08-20 14:36:45; Raw data files: 1

Table:LTQ_DEMO; Task ID: 134; Start Time: 2015-08-20 14:37:45; Raw data files: 1

Table:LTQ_DEMO; Task ID: 134; Start Time: 2015-08-20 14:38:54; Raw data files: 1

Table:LTQ_DEMO; Task ID: 134; Start Time: 2015-08-20 14:42:29; Raw data files: 1
Table:LTQ_DEMO task ID: 134 has been stopped.

Table:LTQ_DEMO; Task ID: 134; Start Time: 2015-08-20 16:00:56; Raw data files: 1
Send to MSPLIT: 2015-08-20 16:00:56
Run MSPLIT on remote server: xtandemserver.mshri.on.ca
RUN MSPLIT-DIA
machine: LTQ_DEMO
IDs: 26
taskID: 134
Search engine: MSGFDB
file ID: 26
file types: MSPLIT_DDA
file path: /mnt/thegpm/Prohits_dev/ProhitsStorage/LTQ_DEMO/Demo_Human_GelFree_P3/12_WASL_pelletA.mzXML
MSGFDB param:  -t 50ppm,50ppm -c13 1 -inst 0 -m 0 -e 1 -minLength 6 -maxLength 40 -minCharge 2 -maxCharge 3 -n 1
MSGFDB param mods: 0.984014,NQ,opt,any,Deamidated (NQ);;15.99491,M,opt,any,Oxidation (M);;
MSGFDB param db: HEK293RefV57cRAPg
MSGFDB param db path: /mnt/thegpm/fasta/HEK293_RefV57_cRAPgene_20130129.fasta
DDA DIR:/mnt/thegpm/gpm/archive/LTQ_DEMO/task134/DDA
DIA DIR: /mnt/thegpm/gpm/archive/LTQ_DEMO/task134/DIA
MSPLIT LIB:Archive+Search
Returned from MSPLIT log file
------------------------------
MSGFDB search begun
MSGFDB search complete
Spectral library generated
Archival spectral library generated
MSPLIT archive search begun
MSPLIT archive search complete
MSPLIT DDA-generated library search begun
MSPLIT DDA-generated library search complete
Complete

TaskID: 134
Task PID: 32152
>>>Task is not running<<<
>>>Task has successfully run<<<
>>>RESULTS FOLDER: /mnt/thegpm/gpm/archive/LTQ_DEMO/task134/Results<<<
MSPLIT_Results_for_Peakview.txt
MSPLIT_Results_for_Openswath.txt
MSPLIT_Results_for_Skyline.txt
27_13_WASL_pelletB_GI_searched.txt
184_Swath_EIF4aJune7-Biorep1_GI_searched.txt
27_13_WASL_pelletB_GI_searched.txt_new
NEW MSPLIT param:FDR:0.02;decoy_fragment_mass_tolerane:0.03;parent_mass_tolerance:25;fragment_mass_tolerance:30;number_scans:35;maxRT:0.1;minRT:0.01

12_WASL_pelletA, /mnt/thegpm/Prohits_dev/ProhitsStorage/LTQ_DEMO/Demo_Human_GelFree_P3/, .mzXML

>>>MSPLIT TASK FOLDER: /mnt/thegpm/gpm/archive/LTQ_DEMO/task134<<<
>>>TASK PID: 15122.xtandemserver.mshri.on.ca<<<


Table:LTQ_DEMO; Task ID: 134; Start Time: 2015-08-20 16:04:29; Raw data files: 1
Send to MSPLIT: 2015-08-20 16:04:29

Table:LTQ_DEMO; Task ID: 134; Start Time: 2015-08-20 16:05:17; Raw data files: 1
Send to MSPLIT: 2015-08-20 16:05:17

Table:LTQ_DEMO; Task ID: 134; Start Time: 2015-08-20 16:05:42; Raw data files: 1
Send to MSPLIT: 2015-08-20 16:05:42
Run MSPLIT on remote server: xtandemserver.mshri.on.ca
RUN MSPLIT-DIA
machine: LTQ_DEMO
IDs: 26
taskID: 134
Search engine: MSGFDB
file ID: 26
file types: MSPLIT_DDA
file path: /mnt/thegpm/Prohits_dev/ProhitsStorage/LTQ_DEMO/Demo_Human_GelFree_P3/12_WASL_pelletA.mzXML
MSGFDB param:  -t 50ppm,50ppm -c13 1 -inst 0 -m 0 -e 1 -minLength 6 -maxLength 40 -minCharge 2 -maxCharge 3 -n 1
MSGFDB param mods: 0.984014,NQ,opt,any,Deamidated (NQ);;15.99491,M,opt,any,Oxidation (M);;
MSGFDB param db: HEK293RefV57cRAPg
MSGFDB param db path: /mnt/thegpm/fasta/HEK293_RefV57_cRAPgene_20130129.fasta
DDA DIR:/mnt/thegpm/gpm/archive/LTQ_DEMO/task134/DDA
DIA DIR: /mnt/thegpm/gpm/archive/LTQ_DEMO/task134/DIA
MSPLIT LIB:Archive+Search
Returned from MSPLIT log file
------------------------------
MSGFDB search begun
MSGFDB search complete
Spectral library generated
Archival spectral library generated
MSPLIT archive search begun
MSPLIT archive search complete
MSPLIT DDA-generated library search begun
MSPLIT DDA-generated library search complete
Complete
MSGFDB search begun
MSGFDB search complete
Spectral library generated

TaskID: 134
Task PID: 32152
>>>Task is not running<<<
>>>Task has successfully run<<<
>>>RESULTS FOLDER: /mnt/thegpm/gpm/archive/LTQ_DEMO/task134/Results<<<
MSPLIT_Results_for_Peakview.txt
MSPLIT_Results_for_Openswath.txt
MSPLIT_Results_for_Skyline.txt
27_13_WASL_pelletB_GI_searched.txt
184_Swath_EIF4aJune7-Biorep1_GI_searched.txt
27_13_WASL_pelletB_GI_searched.txt_new
NEW MSPLIT param:FDR:0.02;decoy_fragment_mass_tolerane:0.03;parent_mass_tolerance:25;fragment_mass_tolerance:30;number_scans:35;maxRT:0.1;minRT:0.01

12_WASL_pelletA, /mnt/thegpm/Prohits_dev/ProhitsStorage/LTQ_DEMO/Demo_Human_GelFree_P3/, .mzXML

>>>MSPLIT TASK FOLDER: /mnt/thegpm/gpm/archive/LTQ_DEMO/task134<<<
>>>TASK PID: 15123.xtandemserver.mshri.on.ca<<<


Table:LTQ_DEMO; Task ID: 134; Start Time: 2015-08-20 16:07:08; Raw data files: 1
Send to MSPLIT: 2015-08-20 16:07:08
Run MSPLIT on remote server: xtandemserver.mshri.on.ca
RUN MSPLIT-DIA
machine: LTQ_DEMO
IDs: 26
taskID: 134
Search engine: MSGFDB
file ID: 26
file types: MSPLIT_DDA
file path: /mnt/thegpm/Prohits_dev/ProhitsStorage/LTQ_DEMO/Demo_Human_GelFree_P3/12_WASL_pelletA.mzXML
MSGFDB param:  -t 50ppm,50ppm -c13 1 -inst 0 -m 0 -e 1 -minLength 6 -maxLength 40 -minCharge 2 -maxCharge 3 -n 1
MSGFDB param mods: 0.984014,NQ,opt,any,Deamidated (NQ);;15.99491,M,opt,any,Oxidation (M);;
MSGFDB param db: HEK293RefV57cRAPg
MSGFDB param db path: /mnt/thegpm/fasta/HEK293_RefV57_cRAPgene_20130129.fasta
DDA DIR:/mnt/thegpm/gpm/archive/LTQ_DEMO/task134/DDA
DIA DIR: /mnt/thegpm/gpm/archive/LTQ_DEMO/task134/DIA
MSPLIT LIB:Archive+Search
Returned from MSPLIT log file
------------------------------
MSGFDB search begun
MSGFDB search complete
Spectral library generated
Archival spectral library generated
MSPLIT archive search begun
MSPLIT archive search complete
MSPLIT DDA-generated library search begun
MSPLIT DDA-generated library search complete
Complete
MSGFDB search begun
MSGFDB search complete
Spectral library generated

TaskID: 134
Task PID: 32152
>>>Task is not running<<<
>>>Task has successfully run<<<
>>>RESULTS FOLDER: /mnt/thegpm/gpm/archive/LTQ_DEMO/task134/Results<<<
MSPLIT_Results_for_Peakview.txt
MSPLIT_Results_for_Openswath.txt
MSPLIT_Results_for_Skyline.txt
27_13_WASL_pelletB_GI_searched.txt
184_Swath_EIF4aJune7-Biorep1_GI_searched.txt
27_13_WASL_pelletB_GI_searched.txt_new
NEW MSPLIT param:FDR:0.02;decoy_fragment_mass_tolerane:0.03;parent_mass_tolerance:25;fragment_mass_tolerance:30;number_scans:35;maxRT:0.1;minRT:0.01

12_WASL_pelletA, /mnt/thegpm/Prohits_dev/ProhitsStorage/LTQ_DEMO/Demo_Human_GelFree_P3/, .mzXML
command created

Table:LTQ_DEMO; Task ID: 134; Start Time: 2015-08-20 16:10:30; Raw data files: 1
Send to MSPLIT: 2015-08-20 16:10:30
Run MSPLIT on remote server: xtandemserver.mshri.on.ca
RUN MSPLIT-DIA
machine: LTQ_DEMO
IDs: 26
taskID: 134
Search engine: MSGFDB
file ID: 26
file types: MSPLIT_DDA
file path: /mnt/thegpm/Prohits_dev/ProhitsStorage/LTQ_DEMO/Demo_Human_GelFree_P3/12_WASL_pelletA.mzXML
MSGFDB param:  -t 50ppm,50ppm -c13 1 -inst 0 -m 0 -e 1 -minLength 6 -maxLength 40 -minCharge 2 -maxCharge 3 -n 1
MSGFDB param mods: 0.984014,NQ,opt,any,Deamidated (NQ);;15.99491,M,opt,any,Oxidation (M);;
MSGFDB param db: HEK293RefV57cRAPg
MSGFDB param db path: /mnt/thegpm/fasta/HEK293_RefV57_cRAPgene_20130129.fasta
DDA DIR:/mnt/thegpm/gpm/archive/LTQ_DEMO/task134/DDA
DIA DIR: /mnt/thegpm/gpm/archive/LTQ_DEMO/task134/DIA
MSPLIT LIB:Archive+Search
Returned from MSPLIT log file
------------------------------
MSGFDB search begun
MSGFDB search complete
Spectral library generated
Archival spectral library generated
MSPLIT archive search begun
MSPLIT archive search complete
MSPLIT DDA-generated library search begun
MSPLIT DDA-generated library search complete
Complete
MSGFDB search begun
MSGFDB search complete
Spectral library generated

TaskID: 134
Task PID: 32152
>>>Task is not running<<<
>>>Task has successfully run<<<
>>>RESULTS FOLDER: /mnt/thegpm/gpm/archive/LTQ_DEMO/task134/Results<<<
MSPLIT_Results_for_Peakview.txt
MSPLIT_Results_for_Openswath.txt
MSPLIT_Results_for_Skyline.txt
27_13_WASL_pelletB_GI_searched.txt
184_Swath_EIF4aJune7-Biorep1_GI_searched.txt
27_13_WASL_pelletB_GI_searched.txt_new
NEW MSPLIT param:FDR:0.02;decoy_fragment_mass_tolerane:0.03;parent_mass_tolerance:25;fragment_mass_tolerance:30;number_scans:35;maxRT:0.1;minRT:0.01

12_WASL_pelletA, /mnt/thegpm/Prohits_dev/ProhitsStorage/LTQ_DEMO/Demo_Human_GelFree_P3/, .mzXML
command created

Table:LTQ_DEMO; Task ID: 134; Start Time: 2015-08-20 16:15:02; Raw data files: 1
Send to MSPLIT: 2015-08-20 16:15:02
Run MSPLIT on remote server: xtandemserver.mshri.on.ca
RUN MSPLIT-DIA
machine: LTQ_DEMO
IDs: 26
taskID: 134
Search engine: MSGFDB
file ID: 26
file types: MSPLIT_DDA
file path: /mnt/thegpm/Prohits_dev/ProhitsStorage/LTQ_DEMO/Demo_Human_GelFree_P3/12_WASL_pelletA.mzXML
MSGFDB param:  -t 50ppm,50ppm -c13 1 -inst 0 -m 0 -e 1 -minLength 6 -maxLength 40 -minCharge 2 -maxCharge 3 -n 1
MSGFDB param mods: 0.984014,NQ,opt,any,Deamidated (NQ);;15.99491,M,opt,any,Oxidation (M);;
MSGFDB param db: HEK293RefV57cRAPg
MSGFDB param db path: /mnt/thegpm/fasta/HEK293_RefV57_cRAPgene_20130129.fasta
DDA DIR:/mnt/thegpm/gpm/archive/LTQ_DEMO/task134/DDA
DIA DIR: /mnt/thegpm/gpm/archive/LTQ_DEMO/task134/DIA
MSPLIT LIB:Archive+Search
Returned from MSPLIT log file
------------------------------
MSGFDB search begun
MSGFDB search complete
Spectral library generated
Archival spectral library generated
MSPLIT archive search begun
MSPLIT archive search complete
MSPLIT DDA-generated library search begun
MSPLIT DDA-generated library search complete
Complete
MSGFDB search begun
MSGFDB search complete
Spectral library generated
Archival spectral library generated
MSPLIT archive search begun

TaskID: 134
Task PID: 32152
>>>Task is not running<<<
>>>Task has successfully run<<<
>>>RESULTS FOLDER: /mnt/thegpm/gpm/archive/LTQ_DEMO/task134/Results<<<
MSPLIT_Results_for_Peakview.txt
MSPLIT_Results_for_Openswath.txt
MSPLIT_Results_for_Skyline.txt
27_13_WASL_pelletB_GI_searched.txt
184_Swath_EIF4aJune7-Biorep1_GI_searched.txt
27_13_WASL_pelletB_GI_searched.txt_new
NEW MSPLIT param:FDR:0.02;decoy_fragment_mass_tolerane:0.03;parent_mass_tolerance:25;fragment_mass_tolerance:30;number_scans:35;maxRT:0.1;minRT:0.01

12_WASL_pelletA, /mnt/thegpm/Prohits_dev/ProhitsStorage/LTQ_DEMO/Demo_Human_GelFree_P3/, .mzXML
command created
Table:LTQ_DEMO task ID: 133 has been stopped.

Table:LTQ_DEMO; Task ID: 133; Start Time: 2015-08-20 16:18:20; Raw data files: 3
Created file:12_WASL_pelletA.mzXML
Warning: the file dosen't exist: /mnt/thegpm/Prohits_dev/ProhitsStorage/LTQ_DEMO/Demo_Human_GelFree_P3/14_RAF1_pelletA.RAW

Table:LTQ_DEMO; Task ID: 133. File cannot be converted. The task has been stopped. /mnt/thegpm/Prohits_dev/ProhitsStorage/LTQ_DEMO/Demo_Human_GelFree_P3/14_RAF1_pelletA.RAW

Table:LTQ_DEMO; Task ID: 133; Start Time: 2015-08-20 16:24:00; Raw data files: 3
Warning: the file dosen't exist: /mnt/thegpm/Prohits_dev/ProhitsStorage/LTQ_DEMO/Demo_Human_GelFree_P3/14_RAF1_pelletA.RAW

Table:LTQ_DEMO; Task ID: 133. File cannot be converted. The task has been stopped. /mnt/thegpm/Prohits_dev/ProhitsStorage/LTQ_DEMO/Demo_Human_GelFree_P3/14_RAF1_pelletA.RAW
Table:LTQ_DEMO task ID: 133 has been stopped.

Table:LTQ_DEMO; Task ID: 133; Start Time: 2015-08-20 16:25:56; Raw data files: 2

Table:LTQ_DEMO; Task ID: 133; Start Time: 2015-08-20 16:26:23; Raw data files: 2

Table:LTQ_DEMO; Task ID: 133; Start Time: 2015-08-20 16:34:45; Raw data files: 2
RUN MSPLIT-DIA
machine: LTQ_DEMO
IDs: 26,27
taskID: 133
Search engine: MSGFDB
file ID: 26,27
file types: MSPLIT,MSPLIT
file path: /mnt/thegpm/Prohits_dev/ProhitsStorage/LTQ_DEMO/Demo_Human_GelFree_P3/12_WASL_pelletA.mzXML,/mnt/thegpm/Prohits_dev/ProhitsStorage/LTQ_DEMO/Demo_Human_GelFree_P3/13_WASL_pelletB.mzXML
MSGFDB param:  -t 50ppm,50ppm -c13 1 -inst 0 -m 0 -e 1 -minLength 6 -maxLength 40 -minCharge 2 -maxCharge 3 -n 1
MSGFDB param mods: 0.984014,NQ,opt,any,Deamidated (NQ);;15.99491,M,opt,any,Oxidation (M);;
MSGFDB param db: HEK293RefV57cRAPg
MSGFDB param db path: /mnt/thegpm/fasta/HEK293_RefV57_cRAPgene_20130129.fasta
DDA DIR:/mnt/thegpm/gpm/archive/LTQ_DEMO/task133/DDA
DIA DIR: /mnt/thegpm/gpm/archive/LTQ_DEMO/task133/DIA
MSPLIT LIB:Human_SWATH_Atlas_V1.mgf

TaskID: 133
Task PID: 123
>>>Task is not running<<<
>>>ERROR: RESULTS FOLDER /mnt/thegpm/gpm/archive/LTQ_DEMO/task133<<<
no MSPLIT_Results_for_Peakview.txt file createdNEW MSPLIT param:FDR:0.02;decoy_fragment_mass_tolerane:0.03;parent_mass_tolerance:25;fragment_mass_tolerance:30;number_scans:35;maxRT:0.1;minRT:0.01

12_WASL_pelletA, /mnt/thegpm/Prohits_dev/ProhitsStorage/LTQ_DEMO/Demo_Human_GelFree_P3/, .mzXML

13_WASL_pelletB, /mnt/thegpm/Prohits_dev/ProhitsStorage/LTQ_DEMO/Demo_Human_GelFree_P3/, .mzXML
command created
returned from MSPLIT server table='LTQ_DEMO', taskID='133'
Table:LTQ_DEMO; Task ID: 133; End Time: 2015-08-20 16:34:45

Table:LTQ_DEMO; Task ID: 133; Start Time: 2015-08-20 16:35:52; Raw data files: 2
Created file:13_WASL_pelletB.mzXML
RUN MSPLIT-DIA
machine: LTQ_DEMO
IDs: 26,27
taskID: 133
Search engine: MSGFDB
file ID: 26,27
file types: MSPLIT,MSPLIT
file path: /mnt/thegpm/Prohits_dev/ProhitsStorage/LTQ_DEMO/Demo_Human_GelFree_P3/12_WASL_pelletA.mzXML,/mnt/thegpm/Prohits_dev/ProhitsStorage/LTQ_DEMO/Demo_Human_GelFree_P3/13_WASL_pelletB.mzXML
MSGFDB param:  -t 50ppm,50ppm -c13 1 -inst 0 -m 0 -e 1 -minLength 6 -maxLength 40 -minCharge 2 -maxCharge 3 -n 1
MSGFDB param mods: 0.984014,NQ,opt,any,Deamidated (NQ);;15.99491,M,opt,any,Oxidation (M);;
MSGFDB param db: HEK293RefV57cRAPg
MSGFDB param db path: /mnt/thegpm/fasta/HEK293_RefV57_cRAPgene_20130129.fasta
DDA DIR:/mnt/thegpm/gpm/archive/LTQ_DEMO/task133/DDA
DIA DIR: /mnt/thegpm/gpm/archive/LTQ_DEMO/task133/DIA
MSPLIT LIB:Human_SWATH_Atlas_V1.mgf

TaskID: 133
Task PID: 123
>>>Task is not running<<<
>>>ERROR: RESULTS FOLDER /mnt/thegpm/gpm/archive/LTQ_DEMO/task133<<<
no MSPLIT_Results_for_Peakview.txt file createdNEW MSPLIT param:FDR:0.02;decoy_fragment_mass_tolerane:0.03;parent_mass_tolerance:25;fragment_mass_tolerance:30;number_scans:35;maxRT:0.1;minRT:0.01

12_WASL_pelletA, /mnt/thegpm/Prohits_dev/ProhitsStorage/LTQ_DEMO/Demo_Human_GelFree_P3/, .mzXML

13_WASL_pelletB, /mnt/thegpm/Prohits_dev/ProhitsStorage/LTQ_DEMO/Demo_Human_GelFree_P3/, .mzXML
command created
returned from MSPLIT server table='LTQ_DEMO', taskID='133'
Table:LTQ_DEMO; Task ID: 133; End Time: 2015-08-20 16:36:03

Table:LTQ_DEMO; Task ID: 133; Start Time: 2015-08-20 16:40:14; Raw data files: 2
RUN MSPLIT-DIA
machine: LTQ_DEMO
IDs: 26,27
taskID: 133
Search engine: MSGFDB
file ID: 26,27
file types: MSPLIT,MSPLIT
file path: /mnt/thegpm/Prohits_dev/ProhitsStorage/LTQ_DEMO/Demo_Human_GelFree_P3/12_WASL_pelletA.mzXML,/mnt/thegpm/Prohits_dev/ProhitsStorage/LTQ_DEMO/Demo_Human_GelFree_P3/13_WASL_pelletB.mzXML
MSGFDB param:  -t 50ppm,50ppm -c13 1 -inst 0 -m 0 -e 1 -minLength 6 -maxLength 40 -minCharge 2 -maxCharge 3 -n 1
MSGFDB param mods: 0.984014,NQ,opt,any,Deamidated (NQ);;15.99491,M,opt,any,Oxidation (M);;
MSGFDB param db: HEK293RefV57cRAPg
MSGFDB param db path: /mnt/thegpm/fasta/HEK293_RefV57_cRAPgene_20130129.fasta
DDA DIR:/mnt/thegpm/gpm/archive/LTQ_DEMO/task133/DDA
DIA DIR: /mnt/thegpm/gpm/archive/LTQ_DEMO/task133/DIA
MSPLIT LIB:Human_SWATH_Atlas_V1.mgf

TaskID: 133
Task PID: 123
>>>Task is not running<<<
>>>ERROR: RESULTS FOLDER /mnt/thegpm/gpm/archive/LTQ_DEMO/task133<<<
no MSPLIT_Results_for_Peakview.txt file createdNEW MSPLIT param:FDR:0.02;decoy_fragment_mass_tolerane:0.03;parent_mass_tolerance:25;fragment_mass_tolerance:30;number_scans:35;maxRT:0.1;minRT:0.01

12_WASL_pelletA, /mnt/thegpm/Prohits_dev/ProhitsStorage/LTQ_DEMO/Demo_Human_GelFree_P3/, .mzXML

13_WASL_pelletB, /mnt/thegpm/Prohits_dev/ProhitsStorage/LTQ_DEMO/Demo_Human_GelFree_P3/, .mzXML
command created
returned from MSPLIT server table='LTQ_DEMO', taskID='133'
Table:LTQ_DEMO; Task ID: 133; End Time: 2015-08-20 16:40:14

Table:LTQ_DEMO; Task ID: 133; Start Time: 2015-08-20 16:43:48; Raw data files: 2
RUN MSPLIT-DIA
machine: LTQ_DEMO
IDs: 26,27
taskID: 133
Search engine: MSGFDB
file ID: 26,27
file types: MSPLIT,MSPLIT
file path: /mnt/thegpm/Prohits_dev/ProhitsStorage/LTQ_DEMO/Demo_Human_GelFree_P3/12_WASL_pelletA.mzXML,/mnt/thegpm/Prohits_dev/ProhitsStorage/LTQ_DEMO/Demo_Human_GelFree_P3/13_WASL_pelletB.mzXML
MSGFDB param:  -t 50ppm,50ppm -c13 1 -inst 0 -m 0 -e 1 -minLength 6 -maxLength 40 -minCharge 2 -maxCharge 3 -n 1
MSGFDB param mods: 0.984014,NQ,opt,any,Deamidated (NQ);;15.99491,M,opt,any,Oxidation (M);;
MSGFDB param db: HEK293RefV57cRAPg
MSGFDB param db path: /mnt/thegpm/fasta/HEK293_RefV57_cRAPgene_20130129.fasta
DDA DIR:/mnt/thegpm/gpm/archive/LTQ_DEMO/task133/DDA
DIA DIR: /mnt/thegpm/gpm/archive/LTQ_DEMO/task133/DIA
MSPLIT LIB:Human_SWATH_Atlas_V1.mgf

TaskID: 133
Task PID: 123
>>>Task is not running<<<
>>>ERROR: RESULTS FOLDER /mnt/thegpm/gpm/archive/LTQ_DEMO/task133<<<
no MSPLIT_Results_for_Peakview.txt file createdNEW MSPLIT param:FDR:0.02;decoy_fragment_mass_tolerane:0.03;parent_mass_tolerance:25;fragment_mass_tolerance:30;number_scans:35;maxRT:0.1;minRT:0.01

12_WASL_pelletA, /mnt/thegpm/Prohits_dev/ProhitsStorage/LTQ_DEMO/Demo_Human_GelFree_P3/, .mzXML

13_WASL_pelletB, /mnt/thegpm/Prohits_dev/ProhitsStorage/LTQ_DEMO/Demo_Human_GelFree_P3/, .mzXML
command created
returned from MSPLIT server table='LTQ_DEMO', taskID='133'
Table:LTQ_DEMO; Task ID: 133; End Time: 2015-08-20 16:43:48
update LTQ_DEMOSearchResults set DataFiles='/mnt/thegpm/gpm/archive/LTQ_DEMO/task134/Results/27_13_WASL_pelletB_GI_searched.txt', Date=now() where WellID='27' and TaskID='134' and SearchEngines='MSPLIT'
update LTQ_DEMOSearchResults set DataFiles='/mnt/thegpm/gpm/archive/LTQ_DEMO/task134/Results/184_Swath_EIF4aJune7-Biorep1_GI_searched.txt', Date=now() where WellID='184' and TaskID='134' and SearchEngines='MSPLIT'
update LTQ_DEMOSearchResults set DataFiles='/mnt/thegpm/gpm/archive/LTQ_DEMO/task134/Results/26_12_WASL_pelletA_GI_searched.txt', Date=now() where WellID='26' and TaskID='134' and SearchEngines='MSPLIT'
UPDATE LTQ_DEMOSearchTasks SET Status='Finished' WHERE ID='134'
LTQ_DEMO task ID:134 Status='Finished'2015-08-24 14:47:04
update LTQ_DEMOSearchResults set DataFiles='/mnt/thegpm/gpm/archive/LTQ_DEMO/task134/Results/27_13_WASL_pelletB_GI_searched.txt', Date=now() where WellID='27' and TaskID='134' and SearchEngines='MSPLIT'
update LTQ_DEMOSearchResults set DataFiles='/mnt/thegpm/gpm/archive/LTQ_DEMO/task134/Results/184_Swath_EIF4aJune7-Biorep1_GI_searched.txt', Date=now() where WellID='184' and TaskID='134' and SearchEngines='MSPLIT'
update LTQ_DEMOSearchResults set DataFiles='/mnt/thegpm/gpm/archive/LTQ_DEMO/task134/Results/26_12_WASL_pelletA_GI_searched.txt', Date=now() where WellID='26' and TaskID='134' and SearchEngines='MSPLIT'
UPDATE LTQ_DEMOSearchTasks SET Status='Finished' WHERE ID='134'
LTQ_DEMO task ID:134 Status='Finished'2015-08-24 14:47:13
update LTQ_DEMOSearchResults set DataFiles='/mnt/thegpm/gpm/archive/LTQ_DEMO/task134/Results/27_13_WASL_pelletB_GI_searched.txt', Date=now() where WellID='27' and TaskID='134' and SearchEngines='MSPLIT'
update LTQ_DEMOSearchResults set DataFiles='/mnt/thegpm/gpm/archive/LTQ_DEMO/task134/Results/184_Swath_EIF4aJune7-Biorep1_GI_searched.txt', Date=now() where WellID='184' and TaskID='134' and SearchEngines='MSPLIT'
update LTQ_DEMOSearchResults set DataFiles='/mnt/thegpm/gpm/archive/LTQ_DEMO/task134/Results/26_12_WASL_pelletA_GI_searched.txt', Date=now() where WellID='26' and TaskID='134' and SearchEngines='MSPLIT'
UPDATE LTQ_DEMOSearchTasks SET Status='Finished' WHERE ID='134'
LTQ_DEMO task ID:134 Status='Finished'2015-08-24 14:52:25
update LTQ_DEMOSearchResults set DataFiles='/mnt/thegpm/gpm/archive/LTQ_DEMO/task134/Results/27_13_WASL_pelletB_GI_searched.txt', Date=now() where WellID='27' and TaskID='134' and SearchEngines='MSPLIT'
update LTQ_DEMOSearchResults set DataFiles='/mnt/thegpm/gpm/archive/LTQ_DEMO/task134/Results/184_Swath_EIF4aJune7-Biorep1_GI_searched.txt', Date=now() where WellID='184' and TaskID='134' and SearchEngines='MSPLIT'
update LTQ_DEMOSearchResults set DataFiles='/mnt/thegpm/gpm/archive/LTQ_DEMO/task134/Results/26_12_WASL_pelletA_GI_searched.txt', Date=now() where WellID='26' and TaskID='134' and SearchEngines='MSPLIT'
UPDATE LTQ_DEMOSearchTasks SET Status='Finished' WHERE ID='134'
LTQ_DEMO task ID:134 Status='Finished'2015-08-24 14:53:08
update LTQ_DEMOSearchResults set DataFiles='/mnt/thegpm/gpm/archive/LTQ_DEMO/task134/Results/27_13_WASL_pelletB_GI_searched.txt', Date=now() where WellID='27' and TaskID='134' and (SearchEngines='MSPLIT' or SearchEngines='MSPLIT_DDA')
update LTQ_DEMOSearchResults set DataFiles='/mnt/thegpm/gpm/archive/LTQ_DEMO/task134/Results/184_Swath_EIF4aJune7-Biorep1_GI_searched.txt', Date=now() where WellID='184' and TaskID='134' and (SearchEngines='MSPLIT' or SearchEngines='MSPLIT_DDA')
update LTQ_DEMOSearchResults set DataFiles='/mnt/thegpm/gpm/archive/LTQ_DEMO/task134/Results/26_12_WASL_pelletA_GI_searched.txt', Date=now() where WellID='26' and TaskID='134' and (SearchEngines='MSPLIT' or SearchEngines='MSPLIT_DDA')
UPDATE LTQ_DEMOSearchTasks SET Status='Finished' WHERE ID='134'
LTQ_DEMO task ID:134 Status='Finished'2015-08-24 14:55:22
UPDATE LTQ_DEMOSearchTasks SET Status='Error' WHERE ID='131'

TaskID: 131
Task PID: 123
>>>Task is not running<<<
>>>ERROR: RESULTS FOLDER /mnt/thegpm/gpm/archive/LTQ_DEMO/task131<<<
no MSPLIT_Results_for_Peakview.txt file created
LTQ_DEMO task ID:131 Status='Error'2015-08-25 8:37:22
update  set DataFiles='/mnt/thegpm/gpm/archive/LTQ_DEMO/task134/Results/27_13_WASL_pelletB_GI_searched.txt', Date=now() where WellID='27' and TaskID='' and (SearchEngines='MSPLIT' or SearchEngines='MSPLIT_DDA')
update  set DataFiles='/mnt/thegpm/gpm/archive/LTQ_DEMO/task134/Results/184_Swath_EIF4aJune7-Biorep1_GI_searched.txt', Date=now() where WellID='184' and TaskID='' and (SearchEngines='MSPLIT' or SearchEngines='MSPLIT_DDA')
update  set DataFiles='/mnt/thegpm/gpm/archive/LTQ_DEMO/task134/Results/26_12_WASL_pelletA_GI_searched.txt', Date=now() where WellID='26' and TaskID='' and (SearchEngines='MSPLIT' or SearchEngines='MSPLIT_DDA')
UPDATE  SET Status='Finished' WHERE ID=''
LTQ_DEMO task ID: Status='Finished'2015-08-26 14:44:09
update LTQ_DEMOSearchResults set DataFiles='/mnt/thegpm/gpm/archive/LTQ_DEMO/task134/Results/27_13_WASL_pelletB_GI_searched.txt', Date=now() where WellID='27' and TaskID='' and (SearchEngines='MSPLIT' or SearchEngines='MSPLIT_DDA')
update LTQ_DEMOSearchResults set DataFiles='/mnt/thegpm/gpm/archive/LTQ_DEMO/task134/Results/184_Swath_EIF4aJune7-Biorep1_GI_searched.txt', Date=now() where WellID='184' and TaskID='' and (SearchEngines='MSPLIT' or SearchEngines='MSPLIT_DDA')
update LTQ_DEMOSearchResults set DataFiles='/mnt/thegpm/gpm/archive/LTQ_DEMO/task134/Results/26_12_WASL_pelletA_GI_searched.txt', Date=now() where WellID='26' and TaskID='' and (SearchEngines='MSPLIT' or SearchEngines='MSPLIT_DDA')
UPDATE LTQ_DEMOSearchTasks SET Status='Finished' WHERE ID=''
LTQ_DEMO task ID: Status='Finished'2015-08-26 14:44:59
update LTQ_DEMOSearchResults set DataFiles='/mnt/thegpm/gpm/archive/LTQ_DEMO/task134/Results/27_13_WASL_pelletB_GI_searched.txt', Date=now() where WellID='27' and TaskID='134' and (SearchEngines='MSPLIT' or SearchEngines='MSPLIT_DDA')
update LTQ_DEMOSearchResults set DataFiles='/mnt/thegpm/gpm/archive/LTQ_DEMO/task134/Results/184_Swath_EIF4aJune7-Biorep1_GI_searched.txt', Date=now() where WellID='184' and TaskID='134' and (SearchEngines='MSPLIT' or SearchEngines='MSPLIT_DDA')
update LTQ_DEMOSearchResults set DataFiles='/mnt/thegpm/gpm/archive/LTQ_DEMO/task134/Results/26_12_WASL_pelletA_GI_searched.txt', Date=now() where WellID='26' and TaskID='134' and (SearchEngines='MSPLIT' or SearchEngines='MSPLIT_DDA')
UPDATE LTQ_DEMOSearchTasks SET Status='Finished' WHERE ID=''
LTQ_DEMO task ID: Status='Finished'2015-08-26 14:46:25
update LTQ_DEMOSearchResults set DataFiles='/mnt/thegpm/gpm/archive/LTQ_DEMO/task134/Results/27_13_WASL_pelletB_GI_searched.txt', Date=now() where WellID='27' and TaskID='134' and (SearchEngines='MSPLIT' or SearchEngines='MSPLIT_DDA')
update LTQ_DEMOSearchResults set DataFiles='/mnt/thegpm/gpm/archive/LTQ_DEMO/task134/Results/184_Swath_EIF4aJune7-Biorep1_GI_searched.txt', Date=now() where WellID='184' and TaskID='134' and (SearchEngines='MSPLIT' or SearchEngines='MSPLIT_DDA')
update LTQ_DEMOSearchResults set DataFiles='/mnt/thegpm/gpm/archive/LTQ_DEMO/task134/Results/26_12_WASL_pelletA_GI_searched.txt', Date=now() where WellID='26' and TaskID='134' and (SearchEngines='MSPLIT' or SearchEngines='MSPLIT_DDA')
UPDATE LTQ_DEMOSearchTasks SET Status='Finished' WHERE ID='134'
LTQ_DEMO task ID:134 Status='Finished'2015-08-26 14:47:20
update LTQ_DEMOSearchResults set DataFiles='/mnt/thegpm/gpm/archive/LTQ_DEMO/task134/Results/27_13_WASL_pelletB_GI_searched.txt', Date=now() where WellID='27' and TaskID='134' and (SearchEngines='MSPLIT' or SearchEngines='MSPLIT_DDA')
update LTQ_DEMOSearchResults set DataFiles='/mnt/thegpm/gpm/archive/LTQ_DEMO/task134/Results/184_Swath_EIF4aJune7-Biorep1_GI_searched.txt', Date=now() where WellID='184' and TaskID='134' and (SearchEngines='MSPLIT' or SearchEngines='MSPLIT_DDA')
update LTQ_DEMOSearchResults set DataFiles='/mnt/thegpm/gpm/archive/LTQ_DEMO/task134/Results/26_12_WASL_pelletA_GI_searched.txt', Date=now() where WellID='26' and TaskID='134' and (SearchEngines='MSPLIT' or SearchEngines='MSPLIT_DDA')
UPDATE LTQ_DEMOSearchTasks SET Status='Finished' WHERE ID='134'
LTQ_DEMO task ID:134 Status='Finished'2015-08-26 14:52:08
update LTQ_DEMOSearchResults set DataFiles='/mnt/thegpm/gpm/archive/LTQ_DEMO/task134/Results/27_13_WASL_pelletB_GI_searched.txt', Date=now() where WellID='27' and TaskID='134' and (SearchEngines='MSPLIT' or SearchEngines='MSPLIT_DDA')
update LTQ_DEMOSearchResults set DataFiles='/mnt/thegpm/gpm/archive/LTQ_DEMO/task134/Results/184_Swath_EIF4aJune7-Biorep1_GI_searched.txt', Date=now() where WellID='184' and TaskID='134' and (SearchEngines='MSPLIT' or SearchEngines='MSPLIT_DDA')
update LTQ_DEMOSearchResults set DataFiles='/mnt/thegpm/gpm/archive/LTQ_DEMO/task134/Results/26_12_WASL_pelletA_GI_searched.txt', Date=now() where WellID='26' and TaskID='134' and (SearchEngines='MSPLIT' or SearchEngines='MSPLIT_DDA')
UPDATE LTQ_DEMOSearchTasks SET Status='Finished' WHERE ID='134'
LTQ_DEMO task ID:134 Status='Finished'2015-08-26 14:53:46
update LTQ_DEMOSearchResults set DataFiles='/mnt/thegpm/gpm/archive/LTQ_DEMO/task134/Results/27_13_WASL_pelletB_GI_searched.txt', Date=now() where WellID='27' and TaskID='134' and (SearchEngines='MSPLIT' or SearchEngines='MSPLIT_DDA')
update LTQ_DEMOSearchResults set DataFiles='/mnt/thegpm/gpm/archive/LTQ_DEMO/task134/Results/184_Swath_EIF4aJune7-Biorep1_GI_searched.txt', Date=now() where WellID='184' and TaskID='134' and (SearchEngines='MSPLIT' or SearchEngines='MSPLIT_DDA')
update LTQ_DEMOSearchResults set DataFiles='/mnt/thegpm/gpm/archive/LTQ_DEMO/task134/Results/26_12_WASL_pelletA_GI_searched.txt', Date=now() where WellID='26' and TaskID='134' and (SearchEngines='MSPLIT' or SearchEngines='MSPLIT_DDA')
UPDATE LTQ_DEMOSearchTasks SET Status='Finished' WHERE ID='134'
LTQ_DEMO task ID:134 Status='Finished'2015-08-26 14:54:08
update LTQ_DEMOSearchResults set DataFiles='/mnt/thegpm/gpm/archive/LTQ_DEMO/task134/Results/27_13_WASL_pelletB_GI_searched.txt', Date=now() where WellID='27' and TaskID='134' and (SearchEngines='MSPLIT' or SearchEngines='MSPLIT_DDA')
update LTQ_DEMOSearchResults set DataFiles='/mnt/thegpm/gpm/archive/LTQ_DEMO/task134/Results/184_Swath_EIF4aJune7-Biorep1_GI_searched.txt', Date=now() where WellID='184' and TaskID='134' and (SearchEngines='MSPLIT' or SearchEngines='MSPLIT_DDA')
update LTQ_DEMOSearchResults set DataFiles='/mnt/thegpm/gpm/archive/LTQ_DEMO/task134/Results/26_12_WASL_pelletA_GI_searched.txt', Date=now() where WellID='26' and TaskID='134' and (SearchEngines='MSPLIT' or SearchEngines='MSPLIT_DDA')
UPDATE LTQ_DEMOSearchTasks SET Status='Finished' WHERE ID='134'
LTQ_DEMO task ID:134 Status='Finished'2015-08-26 15:34:39
Table:LTQ_DEMO task ID: 132 has been stopped.

Table:LTQ_DEMO; Task ID: 132; Start Time: 2015-08-26 16:31:16; Raw data files: 1
update LTQ_DEMOSearchTasks set ProcessID='MSPLIT_15292.xtandemserver.mshri.on.ca', Status='Running' where ID='132'
UPDATE LTQ_DEMOSearchTasks SET Status='Finished' WHERE ID='132'
LTQ_DEMO task ID:132 Status='Finished'2015-08-26 16:40:35

Table:LTQ_DEMO; Task ID: 134; Start Time: 2015-08-26 16:52:55; Raw data files: 1
update LTQ_DEMOSearchTasks set ProcessID='MSPLIT_15294.xtandemserver.mshri.on.ca', Status='Running' where ID='134'
update LTQ_DEMOSearchResults set DataFiles='/mnt/thegpm/gpm/archive/LTQ_DEMO/task134/Results/27_13_WASL_pelletB_GI_searched.txt', Date=now() where WellID='27' and TaskID='134' and (SearchEngines='MSPLIT' or SearchEngines='MSPLIT_DDA')
update LTQ_DEMOSearchResults set DataFiles='/mnt/thegpm/gpm/archive/LTQ_DEMO/task134/Results/184_Swath_EIF4aJune7-Biorep1_GI_searched.txt', Date=now() where WellID='184' and TaskID='134' and (SearchEngines='MSPLIT' or SearchEngines='MSPLIT_DDA')
update LTQ_DEMOSearchResults set DataFiles='/mnt/thegpm/gpm/archive/LTQ_DEMO/task134/Results/26_12_WASL_pelletA_GI_searched.txt', Date=now() where WellID='26' and TaskID='134' and (SearchEngines='MSPLIT' or SearchEngines='MSPLIT_DDA')
UPDATE LTQ_DEMOSearchTasks SET Status='Finished' WHERE ID='134'
LTQ_DEMO task ID:134 Status='Finished'2015-08-26 16:53:01
update LTQ_DEMOSearchResults set DataFiles='/mnt/thegpm/gpm/archive/LTQ_DEMO/task134/Results/27_13_WASL_pelletB_GI_searched.txt', Date=now() where WellID='27' and TaskID='134' and (SearchEngines='MSPLIT' or SearchEngines='MSPLIT_DDA')
update LTQ_DEMOSearchResults set DataFiles='/mnt/thegpm/gpm/archive/LTQ_DEMO/task134/Results/184_Swath_EIF4aJune7-Biorep1_GI_searched.txt', Date=now() where WellID='184' and TaskID='134' and (SearchEngines='MSPLIT' or SearchEngines='MSPLIT_DDA')
update LTQ_DEMOSearchResults set DataFiles='/mnt/thegpm/gpm/archive/LTQ_DEMO/task134/Results/26_12_WASL_pelletA_GI_searched.txt', Date=now() where WellID='26' and TaskID='134' and (SearchEngines='MSPLIT' or SearchEngines='MSPLIT_DDA')
UPDATE LTQ_DEMOSearchTasks SET Status='Finished' WHERE ID='134'
LTQ_DEMO task ID:134 Status='Finished'2015-08-27 10:25:53
update LTQ_DEMOSearchResults set DataFiles='/mnt/thegpm/gpm/archive/LTQ_DEMO/task134/Results/27_13_WASL_pelletB_GI_searched.txt', Date=now() where WellID='27' and TaskID='134' and (SearchEngines='MSPLIT' or SearchEngines='MSPLIT_DDA')
update LTQ_DEMOSearchResults set DataFiles='/mnt/thegpm/gpm/archive/LTQ_DEMO/task134/Results/184_Swath_EIF4aJune7-Biorep1_GI_searched.txt', Date=now() where WellID='184' and TaskID='134' and (SearchEngines='MSPLIT' or SearchEngines='MSPLIT_DDA')
update LTQ_DEMOSearchResults set DataFiles='/mnt/thegpm/gpm/archive/LTQ_DEMO/task134/Results/26_12_WASL_pelletA_GI_searched.txt', Date=now() where WellID='26' and TaskID='134' and (SearchEngines='MSPLIT' or SearchEngines='MSPLIT_DDA')
UPDATE LTQ_DEMOSearchTasks SET Status='Finished' WHERE ID='134'
LTQ_DEMO task ID:134 Status='Finished'2015-08-27 10:26:28
update LTQ_DEMOSearchResults set DataFiles='/mnt/thegpm/gpm/archive/LTQ_DEMO/task134/Results/27_13_WASL_pelletB_GI_searched.txt', Date=now() where WellID='27' and TaskID='134' and (SearchEngines='MSPLIT' or SearchEngines='MSPLIT_DDA')
update LTQ_DEMOSearchResults set DataFiles='/mnt/thegpm/gpm/archive/LTQ_DEMO/task134/Results/184_Swath_EIF4aJune7-Biorep1_GI_searched.txt', Date=now() where WellID='184' and TaskID='134' and (SearchEngines='MSPLIT' or SearchEngines='MSPLIT_DDA')
update LTQ_DEMOSearchResults set DataFiles='/mnt/thegpm/gpm/archive/LTQ_DEMO/task134/Results/26_12_WASL_pelletA_GI_searched.txt', Date=now() where WellID='26' and TaskID='134' and (SearchEngines='MSPLIT' or SearchEngines='MSPLIT_DDA')
UPDATE LTQ_DEMOSearchTasks SET Status='Finished' WHERE ID='134'
LTQ_DEMO task ID:134 Status='Finished'2015-08-27 10:30:21

Table:LTQ_DEMO; Task ID: 134; Start Time: 2015-08-27 10:35:35; Raw data files: 0
Table:LTQ_DEMO; Task ID: 134; End Time: 2015-08-27 10:35:35

Table:LTQ_DEMO; Task ID: 133; Start Time: 2015-08-27 10:35:35; Raw data files: 2
update LTQ_DEMOSearchTasks set ProcessID='MSPLIT_15307.xtandemserver.mshri.on.ca', Status='Running' where ID='133'

Table:LTQ_DEMO; Task ID: 134; Start Time: 2015-08-27 10:37:07; Raw data files: 2
the file /mnt/thegpm/Prohits_dev/ProhitsStorage/LTQ_DEMO/Demo_Human_GelFree_P3/12_WASL_pelletA.RAW can not be converted.
Please check if 'http://msconverter1.ad.mshri.on.ca/RawConverter/RawConverter.pl' is working.
Warning: can not convert 12_WASL_pelletA.RAW to mzXML in /mnt/thegpm/Prohits_dev/ProhitsStorage/LTQ_DEMO/Demo_Human_GelFree_P3/
warning: 12_WASL_pelletA.RAW file type willn't be supported by MSPLIT_DDA

Table:LTQ_DEMO; Task ID: 134. File cannot be converted. The task has been stopped. /mnt/thegpm/Prohits_dev/ProhitsStorage/LTQ_DEMO/Demo_Human_GelFree_P3/12_WASL_pelletA.RAW

Table:LTQ_DEMO; Task ID: 134; Start Time: 2015-08-27 10:42:20; Raw data files: 1
update LTQ_DEMOSearchTasks set ProcessID='MSPLIT_15310.xtandemserver.mshri.on.ca', Status='Running' where ID='134'
update LTQ_DEMOSearchResults set DataFiles='/mnt/thegpm/gpm/archive/LTQ_DEMO/task134/Results/27_13_WASL_pelletB_GI_searched.txt', Date=now() where WellID='27' and TaskID='134' and (SearchEngines='MSPLIT' or SearchEngines='MSPLIT_DDA')
update LTQ_DEMOSearchResults set DataFiles='/mnt/thegpm/gpm/archive/LTQ_DEMO/task134/Results/184_Swath_EIF4aJune7-Biorep1_GI_searched.txt', Date=now() where WellID='184' and TaskID='134' and (SearchEngines='MSPLIT' or SearchEngines='MSPLIT_DDA')
update LTQ_DEMOSearchResults set DataFiles='/mnt/thegpm/gpm/archive/LTQ_DEMO/task134/Results/26_12_WASL_pelletA_GI_searched.txt', Date=now() where WellID='26' and TaskID='134' and (SearchEngines='MSPLIT' or SearchEngines='MSPLIT_DDA')

Table:LTQ_DEMO; Task ID: 134; Start Time: 2015-08-27 10:44:13; Raw data files: 1
update LTQ_DEMOSearchTasks set ProcessID='MSPLIT_15311.xtandemserver.mshri.on.ca', Status='Running' where ID='134'
update LTQ_DEMOSearchResults set DataFiles='/mnt/thegpm/gpm/archive/LTQ_DEMO/task134/Results/27_13_WASL_pelletB_GI_searched.txt', Date=now() where WellID='27' and TaskID='134' and (SearchEngines='MSPLIT' or SearchEngines='MSPLIT_DDA')
update LTQ_DEMOSearchResults set DataFiles='/mnt/thegpm/gpm/archive/LTQ_DEMO/task134/Results/184_Swath_EIF4aJune7-Biorep1_GI_searched.txt', Date=now() where WellID='184' and TaskID='134' and (SearchEngines='MSPLIT' or SearchEngines='MSPLIT_DDA')
update LTQ_DEMOSearchResults set DataFiles='/mnt/thegpm/gpm/archive/LTQ_DEMO/task134/Results/26_12_WASL_pelletA_GI_searched.txt', Date=now() where WellID='26' and TaskID='134' and (SearchEngines='MSPLIT' or SearchEngines='MSPLIT_DDA')
UPDATE LTQ_DEMOSearchTasks SET Status='Finished' WHERE ID='134'

Table:LTQ_DEMO; Task ID: 134; Start Time: 2015-08-27 10:45:58; Raw data files: 1
update LTQ_DEMOSearchTasks set ProcessID='MSPLIT_15312.xtandemserver.mshri.on.ca', Status='Running' where ID='134'
update LTQ_DEMOSearchResults set DataFiles='/mnt/thegpm/gpm/archive/LTQ_DEMO/task134/Results/27_13_WASL_pelletB_GI_searched.txt', Date=now() where WellID='27' and TaskID='134' and (SearchEngines='MSPLIT' or SearchEngines='MSPLIT_DDA')
update LTQ_DEMOSearchResults set DataFiles='/mnt/thegpm/gpm/archive/LTQ_DEMO/task134/Results/184_Swath_EIF4aJune7-Biorep1_GI_searched.txt', Date=now() where WellID='184' and TaskID='134' and (SearchEngines='MSPLIT' or SearchEngines='MSPLIT_DDA')
update LTQ_DEMOSearchResults set DataFiles='/mnt/thegpm/gpm/archive/LTQ_DEMO/task134/Results/26_12_WASL_pelletA_GI_searched.txt', Date=now() where WellID='26' and TaskID='134' and (SearchEngines='MSPLIT' or SearchEngines='MSPLIT_DDA')
UPDATE LTQ_DEMOSearchTasks SET Status='Finished' WHERE ID='134'
LTQ_DEMO task ID:134 Status='Finished'2015-08-27 10:46:58
Table:LTQ_DEMO; Task ID: 134; End Time: 2015-08-27 10:46:58

Table:LTQ_DEMO; Task ID: 133; Start Time: 2015-10-5 12:14:44; Raw data files: 2

Table:LTQ_DEMO; Task ID: 133; Start Time: 2015-10-5 12:16:22; Raw data files: 2

Table:LTQ_DEMO; Task ID: 133; Start Time: 2015-10-5 12:18:19; Raw data files: 2

Table:LTQ_DEMO; Task ID: 133; Start Time: 2015-10-5 12:22:40; Raw data files: 2

Table:LTQ_DEMO; Task ID: 133; Start Time: 2015-10-5 13:44:07; Raw data files: 2

Table:LTQ_DEMO; Task ID: 133; Start Time: 2015-10-5 14:03:17; Raw data files: 2

Table:LTQ_DEMO; Task ID: 133; Start Time: 2015-10-5 14:11:40; Raw data files: 2

Table:LTQ_DEMO; Task ID: 133; Start Time: 2015-10-5 14:11:54; Raw data files: 2

Table:LTQ_DEMO; Task ID: 133; Start Time: 2015-10-5 14:12:39; Raw data files: 2
Table:TEST task ID: 1 has been stopped.
Table:TEST task ID: 1 has been stopped.
Table:LTQ_DEMO task ID: 133 has been stopped.

Table:LTQ_DEMO; Task ID: 135; Start Time: 2015-10-15 11:27:57; Raw data files: 4

Table:LTQ_DEMO; Task ID: 135; Start Time: 2015-10-15 11:40:22; Raw data files: 4
Created file:G01_12236.mgf
update LTQ_DEMOSearchResults set DataFiles='../data/20151015/F035201.dat', Date=now() where WellID='226' and TaskID='135' and SearchEngines='Mascot'
update LTQ_DEMOSearchResults set DataFiles='/gpm/archive/LTQ_DEMO/task135/226_G01_12236_gpm.xml', Date=now() where WellID='226' and TaskID='135' and SearchEngines='GPM'
update LTQ_DEMOSearchResults set DataFiles='/mnt/thegpm/Prohits_dev/EXT/thegpm/gpm/archive/LTQ_DEMO/task135/226_G01_12236_comet.pep.xml', Date=now() where WellID='226' and TaskID='135' and SearchEngines='COMET'
update LTQ_DEMOSearchResults set DataFiles='/mnt/thegpm/Prohits_dev/EXT/thegpm/gpm/archive/LTQ_DEMO/task135/226_G01_12236_msgfpl.pep.xml', Date=now() where WellID='226' and TaskID='135' and SearchEngines='MSGFPL'
<font color=black>TPP shell Process ID:20067
</font>--the TPP task (77) is running in the background. Click the 'Reload' button for results.
Table:LTQ_DEMO; Task ID: 135; End Time: 2015-10-15 11:42:40

Table:LTQ_DEMO; Task ID: 136; Start Time: 2015-10-15 11:51:26; Raw data files: 4
Created file:A01_12762.mgf
update LTQ_DEMOSearchResults set DataFiles='../data/20151015/F035202.dat', Date=now() where WellID='225' and TaskID='136' and SearchEngines='Mascot'
update LTQ_DEMOSearchResults set DataFiles='/gpm/archive/LTQ_DEMO/task136/225_A01_12762_gpm.xml', Date=now() where WellID='225' and TaskID='136' and SearchEngines='GPM'
update LTQ_DEMOSearchResults set DataFiles='/mnt/thegpm/Prohits_dev/EXT/thegpm/gpm/archive/LTQ_DEMO/task136/225_A01_12762_comet.pep.xml', Date=now() where WellID='225' and TaskID='136' and SearchEngines='COMET'
update LTQ_DEMOSearchResults set DataFiles='/mnt/thegpm/Prohits_dev/EXT/thegpm/gpm/archive/LTQ_DEMO/task136/225_A01_12762_msgfpl.pep.xml', Date=now() where WellID='225' and TaskID='136' and SearchEngines='MSGFPL'
<font color=black>TPP shell Process ID:20569
</font>--the TPP task (78) is running in the background. Click the 'Reload' button for results.
Table:LTQ_DEMO; Task ID: 136; End Time: 2015-10-15 11:53:22

Table:LTQ_DEMO; Task ID: 137; Start Time: 2015-10-22 14:33:04; Raw data files: 4
Created file:29934_CTCF_i2N_112414_BR1.mgf
update LTQ_DEMOSearchResults set DataFiles='../data/20151022/F035314.dat', Date=now() where WellID='232' and TaskID='137' and SearchEngines='Mascot'
update LTQ_DEMOSearchResults set DataFiles='/gpm/archive/LTQ_DEMO/task137/232_29934_CTCF_i2N_112414_BR1_gpm.xml', Date=now() where WellID='232' and TaskID='137' and SearchEngines='GPM'
update LTQ_DEMOSearchResults set DataFiles='/mnt/thegpm/Prohits_dev/EXT/thegpm/gpm/archive/LTQ_DEMO/task137/232_29934_CTCF_i2N_112414_BR1_comet.pep.xml', Date=now() where WellID='232' and TaskID='137' and SearchEngines='COMET'
update LTQ_DEMOSearchResults set DataFiles='/mnt/thegpm/Prohits_dev/EXT/thegpm/gpm/archive/LTQ_DEMO/task137/232_29934_CTCF_i2N_112414_BR1_msgfpl.pep.xml', Date=now() where WellID='232' and TaskID='137' and SearchEngines='MSGFPL'
<font color=black>TPP shell Process ID:8167
</font>--the TPP task (79) is running in the background. Click the 'Reload' button for results.
Table:LTQ_DEMO; Task ID: 137; End Time: 2015-10-22 15:48:20
Table:LTQ_DEMO task ID: 137 has been stopped.

Table:LTQ_DEMO; Task ID: 137; Start Time: 2015-10-27 12:04:26; Raw data files: 4

Table:LTQ_DEMO; Task ID: 137; Start Time: 2015-10-27 12:20:08; Raw data files: 4

Table:LTQ_DEMO; Task ID: 137; Start Time: 2015-10-27 12:20:52; Raw data files: 4

Table:LTQ_DEMO; Task ID: 137; Start Time: 2015-10-27 12:22:46; Raw data files: 4

Table:LTQ_DEMO; Task ID: 137; Start Time: 2015-10-27 12:24:00; Raw data files: 4

Table:LTQ_DEMO; Task ID: 137; Start Time: 2015-10-27 14:23:50; Raw data files: 4
update LTQ_DEMOSearchResults set DataFiles='/mnt/thegpm/Prohits_dev/EXT/thegpm/gpm/archive/LTQ_DEMO/task137/232_29934_CTCF_i2N_112414_BR1_msgfpl.pep.xml', Date=now() where WellID='232' and TaskID='137' and SearchEngines='MSGFPL'
update LTQ_DEMOSearchResults set DataFiles='/mnt/thegpm/Prohits_dev/EXT/thegpm/gpm/archive/LTQ_DEMO/task137/232_29934_CTCF_i2N_112414_BR1_comet.pep.xml', Date=now() where WellID='232' and TaskID='137' and SearchEngines='COMET'
update LTQ_DEMOSearchResults set DataFiles='/gpm/archive/LTQ_DEMO/task137/232_29934_CTCF_i2N_112414_BR1_gpm.xml', Date=now() where WellID='232' and TaskID='137' and SearchEngines='GPM'

Table:LTQ_DEMO; Task ID: 137; Start Time: 2015-10-27 14:38:07; Raw data files: 4

Table:LTQ_DEMO; Task ID: 137; Start Time: 2015-10-27 14:42:13; Raw data files: 4
update LTQ_DEMOSearchResults set DataFiles='/mnt/thegpm/Prohits_dev/EXT/thegpm/gpm/archive/LTQ_DEMO/task137/232_29934_CTCF_i2N_112414_BR1_msgfpl.pep.xml', Date=now() where WellID='232' and TaskID='137' and SearchEngines='MSGFPL'

Table:LTQ_DEMO; Task ID: 137; Start Time: 2015-10-27 14:54:47; Raw data files: 3
update LTQ_DEMOSearchResults set DataFiles='/mnt/thegpm/Prohits_dev/EXT/thegpm/gpm/archive/LTQ_DEMO/task137/232_29934_CTCF_i2N_112414_BR1_comet.pep.xml', Date=now() where WellID='232' and TaskID='137' and SearchEngines='COMET'
update LTQ_DEMOSearchResults set DataFiles='/gpm/archive/LTQ_DEMO/task137/232_29934_CTCF_i2N_112414_BR1_gpm.xml', Date=now() where WellID='232' and TaskID='137' and SearchEngines='GPM'
update LTQ_DEMOSearchResults set DataFiles='../data/20151027/F035351.dat', Date=now() where WellID='232' and TaskID='137' and SearchEngines='Mascot'
<font color=black>TPP shell Process ID:20571
</font>--the TPP task (79) is running in the background. Click the 'Reload' button for results.
Table:LTQ_DEMO; Task ID: 137; End Time: 2015-10-27 15:13:56

Table:LTQ_DEMO; Task ID: 138; Start Time: 2015-11-3 11:30:12; Raw data files: 4

Table:LTQ_DEMO; Task ID: 138; Start Time: 2015-11-3 11:32:10; Raw data files: 4
Created file:H02_25576.mgf

Table:LTQ_DEMO; Task ID: 138; Start Time: 2015-11-3 11:33:50; Raw data files: 4

Table:LTQ_DEMO; Task ID: 138; Start Time: 2015-11-3 11:34:29; Raw data files: 4

Table:LTQ_DEMO; Task ID: 138; Start Time: 2015-11-3 11:35:48; Raw data files: 4

Table:LTQ_DEMO; Task ID: 138; Start Time: 2015-11-3 11:36:20; Raw data files: 4

Table:LTQ_DEMO; Task ID: 138; Start Time: 2015-11-3 11:36:49; Raw data files: 4

Table:LTQ_DEMO; Task ID: 138; Start Time: 2015-11-3 11:38:23; Raw data files: 4

Table:LTQ_DEMO; Task ID: 138; Start Time: 2015-11-3 11:39:11; Raw data files: 4

Table:LTQ_DEMO; Task ID: 138; Start Time: 2015-11-3 11:39:26; Raw data files: 4

Table:LTQ_DEMO; Task ID: 138; Start Time: 2015-11-3 11:41:40; Raw data files: 4

Table:LTQ_DEMO; Task ID: 138; Start Time: 2015-11-3 11:42:19; Raw data files: 4

Table:LTQ_DEMO; Task ID: 138; Start Time: 2015-11-3 11:44:30; Raw data files: 4
Created file:H02_25576.mgf

Table:LTQ_DEMO; Task ID: 138; Start Time: 2015-11-3 11:45:07; Raw data files: 4

Table:LTQ_DEMO; Task ID: 138; Start Time: 2015-11-3 11:47:41; Raw data files: 4

Table:LTQ_DEMO; Task ID: 138; Start Time: 2015-11-3 11:52:33; Raw data files: 4
update LTQ_DEMOSearchResults set DataFiles='../data/20151103/F035475.dat', Date=now() where WellID='231' and TaskID='138' and SearchEngines='Mascot'

Table:LTQ_DEMO; Task ID: 138; Start Time: 2015-11-3 11:54:35; Raw data files: 3
update LTQ_DEMOSearchResults set DataFiles='/gpm/archive/LTQ_DEMO/task138/231_H02_25576_gpm.xml', Date=now() where WellID='231' and TaskID='138' and SearchEngines='GPM'

Table:LTQ_DEMO; Task ID: 138; Start Time: 2015-11-3 11:54:53; Raw data files: 2
update LTQ_DEMOSearchResults set DataFiles='/var/www/html/Prohits/EXT/thegpm/gpm/archive/LTQ_DEMO/task138/231_H02_25576_comet.pep.xml', Date=now() where WellID='231' and TaskID='138' and SearchEngines='COMET'

Table:LTQ_DEMO; Task ID: 138; Start Time: 2015-11-3 11:55:23; Raw data files: 1
update LTQ_DEMOSearchResults set DataFiles='/var/www/html/Prohits/EXT/thegpm/gpm/archive/LTQ_DEMO/task138/231_H02_25576_msgfpl.pep.xml', Date=now() where WellID='231' and TaskID='138' and SearchEngines='MSGFPL'

Table:LTQ_DEMO; Task ID: 138; Start Time: 2015-11-3 12:06:39; Raw data files: 0
This function is stopped. It is on debug mode. If you are Prohtis administrator, copy following line and run it on the server shell.<br>
/usr/bin/php /var/www/html/Prohits/msManager/tppTask/tpp_task_shell.php LTQ_DEMO 80 http://10.197.160.102:80/Prohits/msManager/tppTask/tpp_task_shell.php

Table:LTQ_DEMO; Task ID: 138; End Time: 2015-11-03 12:06:39

Table:LTQ_DEMO; Task ID: 139; Start Time: 2015-11-3 12:39:04; Raw data files: 3
Created file:29934_CTCF_i2N_112414_BR1.mzML.gz
update LTQ_DEMOSearchResults set DataFiles='/gpm/archive/LTQ_DEMO/task139/232_29934_CTCF_i2N_112414_BR1_gpm.xml', Date=now() where WellID='232' and TaskID='139' and SearchEngines='GPM'
update LTQ_DEMOSearchResults set DataFiles='/var/www/html/Prohits/EXT/thegpm/gpm/archive/LTQ_DEMO/task139/232_29934_CTCF_i2N_112414_BR1_comet.pep.xml', Date=now() where WellID='232' and TaskID='139' and SearchEngines='COMET'
update LTQ_DEMOSearchResults set DataFiles='/var/www/html/Prohits/EXT/thegpm/gpm/archive/LTQ_DEMO/task139/232_29934_CTCF_i2N_112414_BR1_msgfpl.pep.xml', Date=now() where WellID='232' and TaskID='139' and SearchEngines='MSGFPL'
<font color=black>TPP shell Process ID:9051
</font>--the TPP task (81) is running in the background. Click the 'Reload' button for results.
Table:LTQ_DEMO; Task ID: 139; End Time: 2015-11-03 14:02:54

Table:LTQ_DEMO; Task ID: 140; Start Time: 2015-11-3 15:28:59; Raw data files: 3
DIAUmpire SE has been successfully run: (/var/www/html/Prohits/EXT/thegpm/gpm/archive/LTQ_DEMO/244_Swath_MEPCEJune7-Biorep2b/244_Swath_MEPCEJune7-Biorep2b)
created file: /var/www/html/Prohits/ProhitsStorage/LTQ_DEMO/Uploaded/244_Swath_MEPCEJune7-Biorep2b_Q1.mgf
created file: /var/www/html/Prohits/ProhitsStorage/LTQ_DEMO/Uploaded/244_Swath_MEPCEJune7-Biorep2b_Q2.mgf
created file: /var/www/html/Prohits/ProhitsStorage/LTQ_DEMO/Uploaded/244_Swath_MEPCEJune7-Biorep2b_Q3.mgf
update LTQ_DEMOSearchResults set DataFiles='/gpm/archive/LTQ_DEMO/task140/244_Swath_MEPCEJune7-Biorep2b_gpm/244_Swath_MEPCEJune7-Biorep2b_Q1.gpm.xml;/gpm/archive/LTQ_DEMO/task140/244_Swath_MEPCEJune7-Biorep2b_gpm/244_Swath_MEPCEJune7-Biorep2b_Q2.gpm.xml;/gpm/archive/LTQ_DEMO/task140/244_Swath_MEPCEJune7-Biorep2b_gpm/244_Swath_MEPCEJune7-Biorep2b_Q3.gpm.xml', Date=now() where WellID='244' and TaskID='140' and SearchEngines='GPM'
Previouse DIAUmpireSE results '/var/www/html/Prohits/EXT/thegpm/gpm/archive/LTQ_DEMO/244_Swath_MEPCEJune7-Biorep2b/244_Swath_MEPCEJune7-Biorep2b' will be used.
update LTQ_DEMOSearchResults set DataFiles='/var/www/html/Prohits/EXT/thegpm/gpm/archive/LTQ_DEMO/task140/244_Swath_MEPCEJune7-Biorep2b_comet/244_Swath_MEPCEJune7-Biorep2b_Q1.pep.xml;/var/www/html/Prohits/EXT/thegpm/gpm/archive/LTQ_DEMO/task140/244_Swath_MEPCEJune7-Biorep2b_comet/244_Swath_MEPCEJune7-Biorep2b_Q2.pep.xml;/var/www/html/Prohits/EXT/thegpm/gpm/archive/LTQ_DEMO/task140/244_Swath_MEPCEJune7-Biorep2b_comet/244_Swath_MEPCEJune7-Biorep2b_Q3.pep.xml', Date=now() where WellID='244' and TaskID='140' and SearchEngines='COMET'
Previouse DIAUmpireSE results '/var/www/html/Prohits/EXT/thegpm/gpm/archive/LTQ_DEMO/244_Swath_MEPCEJune7-Biorep2b/244_Swath_MEPCEJune7-Biorep2b' will be used.
update LTQ_DEMOSearchResults set DataFiles='/var/www/html/Prohits/EXT/thegpm/gpm/archive/LTQ_DEMO/task140/244_Swath_MEPCEJune7-Biorep2b_msgfpl/244_Swath_MEPCEJune7-Biorep2b_Q1.pep.xml;/var/www/html/Prohits/EXT/thegpm/gpm/archive/LTQ_DEMO/task140/244_Swath_MEPCEJune7-Biorep2b_msgfpl/244_Swath_MEPCEJune7-Biorep2b_Q2.pep.xml;/var/www/html/Prohits/EXT/thegpm/gpm/archive/LTQ_DEMO/task140/244_Swath_MEPCEJune7-Biorep2b_msgfpl/244_Swath_MEPCEJune7-Biorep2b_Q3.pep.xml', Date=now() where WellID='244' and TaskID='140' and SearchEngines='MSGFPL'
<font color=black>TPP shell Process ID:15486
</font>--the TPP task (82) is running in the background. Click the 'Reload' button for results.
Table:LTQ_DEMO; Task ID: 140; End Time: 2015-11-03 16:15:14

Table:LTQ_DEMO; Task ID: 141; Start Time: 2015-11-4 15:09:52; Raw data files: 1

Table:LTQ_DEMO; Task ID: 141; Start Time: 2015-11-4 15:50:55; Raw data files: 1

Table:LTQ_DEMO; Task ID: 141; Start Time: 2015-11-4 15:55:35; Raw data files: 1

Table:LTQ_DEMO; Task ID: 141; Start Time: 2015-11-4 15:56:40; Raw data files: 1

Table:LTQ_DEMO; Task ID: 141; Start Time: 2015-11-4 15:57:51; Raw data files: 1

Table:LTQ_DEMO; Task ID: 141; Start Time: 2015-11-4 16:00:49; Raw data files: 1

Table:LTQ_DEMO; Task ID: 141; Start Time: 2015-11-4 16:03:59; Raw data files: 1

Table:LTQ_DEMO; Task ID: 141; Start Time: 2015-11-4 16:13:24; Raw data files: 1

Table:LTQ_DEMO; Task ID: 141; Start Time: 2015-11-4 16:14:29; Raw data files: 1

Table:LTQ_DEMO; Task ID: 141; Start Time: 2015-11-5 9:54:14; Raw data files: 1
update LTQ_DEMOSearchTasks set ProcessID='MSPLIT_25442', Status='Running' where ID='141'
update LTQ_DEMOSearchResults set DataFiles='/var/www/html/Prohits/EXT/thegpm/gpm/archive/LTQ_DEMO/task141/Results/244_Swath_MEPCEJune7-Biorep2b_GI_searched.txt', Date=now() where WellID='244' and TaskID='141' and (SearchEngines='MSPLIT' or SearchEngines='MSPLIT_DDA')
UPDATE LTQ_DEMOSearchTasks SET Status='Finished' WHERE ID='141'
LTQ_DEMO task ID:141 Status='Finished'2015-11-05 10:05:40
update LTQ_DEMOSearchResults set DataFiles='/var/www/html/Prohits/EXT/thegpm/gpm/archive/LTQ_DEMO/task141/Results/244_Swath_MEPCEJune7-Biorep2b_GI_searched.txt', Date=now() where WellID='244' and TaskID='141' and (SearchEngines='MSPLIT' or SearchEngines='MSPLIT_DDA')
UPDATE LTQ_DEMOSearchTasks SET Status='Finished' WHERE ID='141'
LTQ_DEMO task ID:141 Status='Finished'2015-11-05 10:44:55
update LTQ_DEMOSearchResults set DataFiles='/var/www/html/Prohits/EXT/thegpm/gpm/archive/LTQ_DEMO/task141/Results/244_Swath_MEPCEJune7-Biorep2b_GI_searched.txt', Date=now() where WellID='244' and TaskID='141' and (SearchEngines='MSPLIT' or SearchEngines='MSPLIT_DDA')
UPDATE LTQ_DEMOSearchTasks SET Status='Finished' WHERE ID='141'
LTQ_DEMO task ID:141 Status='Finished'2015-11-05 10:45:16
update LTQ_DEMOSearchResults set DataFiles='/var/www/html/Prohits/EXT/thegpm/gpm/archive/LTQ_DEMO/task141/Results/244_Swath_MEPCEJune7-Biorep2b_GI_searched.txt', Date=now() where WellID='244' and TaskID='141' and (SearchEngines='MSPLIT' or SearchEngines='MSPLIT_DDA')
UPDATE LTQ_DEMOSearchTasks SET Status='Finished' WHERE ID='141'
LTQ_DEMO task ID:141 Status='Finished'2015-11-05 10:50:05
LTQ_DEMO task ID:141 Status='Finished'2015-11-05 10:54:35

Table:LTQ_DEMO; Task ID: 141; Start Time: 2015-11-5 11:07:21; Raw data files: 0
Table:LTQ_DEMO; Task ID: 141; End Time: 2015-11-05 11:07:21

Table:LTQ_DEMO; Task ID: 141; Start Time: 2015-11-5 11:08:28; Raw data files: 1
update LTQ_DEMOSearchTasks set ProcessID='MSPLIT_25978', Status='Running' where ID='141'
UPDATE LTQ_DEMOSearchTasks SET Status='Error' WHERE ID='141'

TaskID: 141
Task PID: 25978
>>>Task is not running<<<
>>>ERROR: RESULTS FOLDER /var/www/html/Prohits/EXT/thegpm/gpm/archive/LTQ_DEMO/task141<<<
no MSPLIT_Results_for_Peakview.txt file created
LTQ_DEMO task ID:141 Status='Error'2015-11-05 11:08:53
UPDATE LTQ_DEMOSearchTasks SET Status='Error' WHERE ID='141'
Returned from MSPLIT log file
------------------------------
Variable windows specified
Library search begun

TaskID: 141
Task PID: 25978
ps 25978 | grep '^25978 ' | grep /var/www/html/Prohits/EXT/MSPLIT-DIA/msplit_dia.bash$
>>>Task is not running<<<
>>>ERROR: RESULTS FOLDER /var/www/html/Prohits/EXT/thegpm/gpm/archive/LTQ_DEMO/task141<<<
no MSPLIT_Results_for_Peakview.txt file created
LTQ_DEMO task ID:141 Status='Error'2015-11-05 11:14:40

Table:LTQ_DEMO; Task ID: 142; Start Time: 2015-11-5 15:13:48; Raw data files: 1
RUN MSPLIT-DIA
machine: LTQ_DEMO
IDs: 244
taskID: 142
Search engine: 
file ID: 244
file types: MSPLIT
file path: /var/www/html/Prohits/ProhitsStorage/LTQ_DEMO/Uploaded/Swath_MEPCEJune7-Biorep2b.mzXML
MSGFDB param: 
MSGFDB param mods: 0.984014,NQ,opt,any,Deamidated (NQ);;15.99491,M,opt,any,Oxidation (M);;
MSGFDB param db: HUMAN_RefV57cRAPg
MSGFDB param db path: /var/www/html/Prohits/EXT/thegpm/fasta/HUMAN_RefV57_cRAPgene_20130129.fasta
DDA DIR:/var/www/html/Prohits/EXT/thegpm/gpm/archive/LTQ_DEMO/task142/DDA
DIA DIR: /var/www/html/Prohits/EXT/thegpm/gpm/archive/LTQ_DEMO/task142/DIA
MSPLIT LIB:Human_SWATH_Atlas_V1.mgf
NEW MSPLIT param:FDR:0.02;decoy_fragment_mass_tolerane:0.03;parent_mass_tolerance:25;fragment_mass_tolerance:30;number_scans:35;maxRT:0.1;minRT:0.01

Swath_MEPCEJune7-Biorep2b, /var/www/html/Prohits/ProhitsStorage/LTQ_DEMO/Uploaded/, .mzXML
wget --post-data="SID=rawDataConverter&tableName=LTQ_DEMO&ID=244&clicked=yes&filePath=/var/www/html/Prohits/ProhitsStorage/LTQ_DEMO/Uploaded/Swath_MEPCEJune7-Biorep2b.mzXML" --output-document="/var/www/html/Prohits/EXT/thegpm/gpm/archive/LTQ_DEMO/task142/DIA/244_Swath_MEPCEJune7-Biorep2b.mzXML" http://10.197.160.102:80/Prohits/msManager/autoBackup/download_raw_file.php


ADDED FILES: SID=rawDataConverter&tableName=LTQ_DEMO&ID=244&clicked=yes&filePath=/var/www/html/Prohits/ProhitsStorage/LTQ_DEMO/Uploaded/Swath_MEPCEJune7-Biorep2b.mzXML
command created
returned from MSPLIT server table='LTQ_DEMO', taskID='142'
Table:LTQ_DEMO; Task ID: 142; End Time: 2015-11-05 15:13:54

Table:LTQ_DEMO; Task ID: 142; Start Time: 2015-11-5 15:14:51; Raw data files: 1

Table:LTQ_DEMO; Task ID: 142; Start Time: 2015-11-5 15:15:36; Raw data files: 1

Table:LTQ_DEMO; Task ID: 142; Start Time: 2015-11-5 15:17:33; Raw data files: 1

Table:LTQ_DEMO; Task ID: 142; Start Time: 2015-11-5 15:22:33; Raw data files: 1

Table:LTQ_DEMO; Task ID: 142; Start Time: 2015-11-5 15:23:42; Raw data files: 1

Table:LTQ_DEMO; Task ID: 142; Start Time: 2015-11-5 15:26:21; Raw data files: 1

Table:LTQ_DEMO; Task ID: 142; Start Time: 2015-11-5 15:27:23; Raw data files: 1

Table:LTQ_DEMO; Task ID: 142; Start Time: 2015-11-5 15:29:51; Raw data files: 1

Table:LTQ_DEMO; Task ID: 142; Start Time: 2015-11-5 15:30:51; Raw data files: 1

Table:LTQ_DEMO; Task ID: 142; Start Time: 2015-11-5 15:31:33; Raw data files: 1

Table:LTQ_DEMO; Task ID: 142; Start Time: 2015-11-5 15:32:51; Raw data files: 1

Table:LTQ_DEMO; Task ID: 142; Start Time: 2015-11-5 15:43:46; Raw data files: 1

Table:LTQ_DEMO; Task ID: 142; Start Time: 2015-11-5 15:50:52; Raw data files: 1

Table:LTQ_DEMO; Task ID: 142; Start Time: 2015-11-5 15:57:16; Raw data files: 1

Table:LTQ_DEMO; Task ID: 142; Start Time: 2015-11-5 16:08:03; Raw data files: 1

Table:LTQ_DEMO; Task ID: 142; Start Time: 2015-11-5 16:09:32; Raw data files: 1

Table:LTQ_DEMO; Task ID: 142; Start Time: 2015-11-5 16:22:03; Raw data files: 1

Table:LTQ_DEMO; Task ID: 142; Start Time: 2015-11-5 16:24:21; Raw data files: 1

Table:LTQ_DEMO; Task ID: 142; Start Time: 2015-11-5 16:26:59; Raw data files: 1

Table:LTQ_DEMO; Task ID: 142; Start Time: 2015-11-5 16:28:06; Raw data files: 1

Table:LTQ_DEMO; Task ID: 142; Start Time: 2015-11-5 16:34:39; Raw data files: 1

Table:LTQ_DEMO; Task ID: 142; Start Time: 2015-11-5 16:39:55; Raw data files: 1

Table:LTQ_DEMO; Task ID: 142; Start Time: 2015-11-5 16:46:34; Raw data files: 1

Table:LTQ_DEMO; Task ID: 142; Start Time: 2015-11-5 16:51:20; Raw data files: 1

Table:LTQ_DEMO; Task ID: 142; Start Time: 2015-11-5 16:54:27; Raw data files: 1

Table:LTQ_DEMO; Task ID: 142; Start Time: 2015-11-5 16:55:08; Raw data files: 1
update LTQ_DEMOSearchTasks set ProcessID='MSPLIT_30229', Status='Running' where ID='142'
UPDATE LTQ_DEMOSearchTasks SET Status='Finished' WHERE ID='141'
LTQ_DEMO task ID:141 Status='Finished'2015-11-05 16:56:25
UPDATE LTQ_DEMOSearchTasks SET Status='Finished' WHERE ID='141'
LTQ_DEMO task ID:141 Status='Finished'2015-11-05 16:56:35
UPDATE LTQ_DEMOSearchTasks SET Status='Finished' WHERE ID='141'
LTQ_DEMO task ID:141 Status='Finished'2015-11-05 16:56:39
UPDATE LTQ_DEMOSearchTasks SET Status='Finished' WHERE ID='141'
LTQ_DEMO task ID:141 Status='Finished'2015-11-05 16:58:39
update LTQ_DEMOSearchResults set DataFiles='/var/www/html/Prohits/EXT/thegpm/gpm/archive/LTQ_DEMO/task142/Results/244_Swath_MEPCEJune7-Biorep2bMSPLITfiltered.txt', Date=now() where WellID='244' and TaskID='142' and (SearchEngines='MSPLIT' or SearchEngines='MSPLIT_DDA')
UPDATE LTQ_DEMOSearchTasks SET Status='Finished' WHERE ID='142'
LTQ_DEMO task ID:142 Status='Finished'2015-11-05 17:03:02
LTQ_DEMO task ID:142 Status='Finished'2015-11-05 17:03:54
LTQ_DEMO task ID:142 Status='Finished'2015-11-05 17:04:05
LTQ_DEMO task ID:142 Status='Finished'2015-11-05 17:05:04
LTQ_DEMO task ID:142 Status='Finished'2015-11-05 17:05:13
LTQ_DEMO task ID:142 Status='Finished'2015-11-05 17:05:54
LTQ_DEMO task ID:142 Status='Finished'2015-11-05 17:08:29
LTQ_DEMO task ID:142 Status='Finished'2015-11-05 17:09:01
LTQ_DEMO task ID:142 Status='Finished'2015-11-05 17:10:47
update LTQ_DEMOSearchResults set DataFiles='/var/www/html/Prohits/EXT/thegpm/gpm/archive/LTQ_DEMO/task142/Results/244_Swath_MEPCEJune7-Biorep2bMSPLITfiltered.txt', Date=now() where WellID='244' and TaskID='142' and (SearchEngines='MSPLIT' or SearchEngines='MSPLIT_DDA')
UPDATE LTQ_DEMOSearchTasks SET Status='Finished' WHERE ID='142'
LTQ_DEMO task ID:142 Status='Finished'2015-11-05 17:25:09
Table:LTQ_DEMO; Task ID: 142; End Time: 2015-11-05 17:25:09

Table:LTQ_DEMO; Task ID: 142; Start Time: 2015-11-6 11:14:29; Raw data files: 1

Table:LTQ_DEMO; Task ID: 142; Start Time: 2015-11-6 11:30:00; Raw data files: 1
update LTQ_DEMOSearchTasks set ProcessID='MSPLIT_3946', Status='Running' where ID='142'
Table:LTQ_DEMO; Task ID: 142; End Time: 2015-11-06 12:00:00
UPDATE LTQ_DEMOSearchTasks SET Status='Finished' WHERE ID='142'
LTQ_DEMO task ID:142 Status='Finished'2015-11-06 12:16:51

Table:LTQ_DEMO; Task ID: 142; Start Time: 2015-11-6 12:39:40; Raw data files: 1
update LTQ_DEMOSearchTasks set ProcessID='MSPLIT_5030', Status='Running' where ID='142'
Table:LTQ_DEMO; Task ID: 142; End Time: 2015-11-06 13:09:40
update LTQ_DEMOSearchResults set DataFiles='/244_Swath_MEPCEJune7-Biorep2bMSPLITfiltered.txt', Date=now() where WellID='244' and TaskID='142' and (SearchEngines='MSPLIT' or SearchEngines='MSPLIT_DDA')
UPDATE LTQ_DEMOSearchTasks SET Status='Finished' WHERE ID='142'
LTQ_DEMO task ID:142 Status='Finished'2015-11-09 15:57:19

Table:LTQ_DEMO; Task ID: 1; Start Time: 2015-11-23 17:31:08; Raw data files: 10
Created file:30_TPK2.mgf
Table:LTQ_DEMO task ID: 2 has been stopped.

Table:LTQ_DEMO; Task ID: 2; Start Time: 2015-11-23 17:42:39; Raw data files: 8
update LTQ_DEMOSearchResults set DataFiles='../data/20151123/F035974.dat', Date=now() where WellID='3' and TaskID='1' and SearchEngines='Mascot'
Created file:8_MEPCE.mgf
update LTQ_DEMOSearchResults set DataFiles='/var/www/html/Prohits/EXT/thegpm/gpm/archive/LTQ_DEMO/task1/3_30_TPK2_comet.pep.xml', Date=now() where WellID='3' and TaskID='1' and SearchEngines='COMET'
Created file:201_AVO1_HA.mgf
update LTQ_DEMOSearchResults set DataFiles='../data/20151123/F035976.dat', Date=now() where WellID='4' and TaskID='1' and SearchEngines='Mascot'
update LTQ_DEMOSearchResults set DataFiles='/var/www/html/Prohits/EXT/thegpm/gpm/archive/LTQ_DEMO/task1/4_201_AVO1_HA_comet.pep.xml', Date=now() where WellID='4' and TaskID='1' and SearchEngines='COMET'
Created file:32_ALK2.mgf
update LTQ_DEMOSearchResults set DataFiles='../data/20151123/F035975.dat', Date=now() where WellID='8' and TaskID='2' and SearchEngines='Mascot'
update LTQ_DEMOSearchResults set DataFiles='/var/www/html/Prohits/EXT/thegpm/gpm/archive/LTQ_DEMO/task2/8_8_MEPCE_comet.pep.xml', Date=now() where WellID='8' and TaskID='2' and SearchEngines='COMET'
Created file:14_RAF1.mzML
update LTQ_DEMOSearchResults set DataFiles='../data/20151123/F035977.dat', Date=now() where WellID='5' and TaskID='1' and SearchEngines='Mascot'
update LTQ_DEMOSearchResults set DataFiles='/var/www/html/Prohits/EXT/thegpm/gpm/archive/LTQ_DEMO/task1/5_32_ALK2_comet.pep.xml', Date=now() where WellID='5' and TaskID='1' and SearchEngines='COMET'
update LTQ_DEMOSearchResults set DataFiles='/var/www/html/Prohits/EXT/thegpm/gpm/archive/LTQ_DEMO/task2/9_14_RAF1_comet.pep.xml', Date=now() where WellID='9' and TaskID='2' and SearchEngines='COMET'
Created file:202_TPK2.mgf
update LTQ_DEMOSearchResults set DataFiles='../data/20151123/F035979.dat', Date=now() where WellID='6' and TaskID='1' and SearchEngines='Mascot'
update LTQ_DEMOSearchResults set DataFiles='/var/www/html/Prohits/EXT/thegpm/gpm/archive/LTQ_DEMO/task1/6_202_TPK2_comet.pep.xml', Date=now() where WellID='6' and TaskID='1' and SearchEngines='COMET'
Created file:200_NET1_HA.mgf
update LTQ_DEMOSearchResults set DataFiles='../data/20151123/F035978.dat', Date=now() where WellID='9' and TaskID='2' and SearchEngines='Mascot'
Created file:12_WASL.mzML
update LTQ_DEMOSearchResults set DataFiles='/var/www/html/Prohits/EXT/thegpm/gpm/archive/LTQ_DEMO/task2/10_12_WASL_comet.pep.xml', Date=now() where WellID='10' and TaskID='2' and SearchEngines='COMET'
update LTQ_DEMOSearchResults set DataFiles='../data/20151123/F035980.dat', Date=now() where WellID='7' and TaskID='1' and SearchEngines='Mascot'
update LTQ_DEMOSearchResults set DataFiles='/var/www/html/Prohits/EXT/thegpm/gpm/archive/LTQ_DEMO/task1/7_200_NET1_HA_comet.pep.xml', Date=now() where WellID='7' and TaskID='1' and SearchEngines='COMET'
<font color=black>TPP shell Process ID:28443
</font>--the TPP task (1) is running in the background. Click the 'Reload' button for results.
Table:LTQ_DEMO; Task ID: 1; End Time: 2015-11-23 18:34:57
update LTQ_DEMOSearchResults set DataFiles='../data/20151123/F035981.dat', Date=now() where WellID='10' and TaskID='2' and SearchEngines='Mascot'
Created file:16_FLAG_Alone.mzML
update LTQ_DEMOSearchResults set DataFiles='/var/www/html/Prohits/EXT/thegpm/gpm/archive/LTQ_DEMO/task2/11_16_FLAG_Alone_comet.pep.xml', Date=now() where WellID='11' and TaskID='2' and SearchEngines='COMET'
update LTQ_DEMOSearchResults set DataFiles='../data/20151123/F035983.dat', Date=now() where WellID='11' and TaskID='2' and SearchEngines='Mascot'
<font color=black>TPP shell Process ID:29649
</font>--the TPP task (2) is running in the background. Click the 'Reload' button for results.
Table:LTQ_DEMO; Task ID: 2; End Time: 2015-11-23 19:36:49

Table:LTQ_DEMO; Task ID: 2; Start Time: 2015-11-24 9:59:54; Raw data files: 4
update LTQ_DEMOSearchResults set DataFiles='../data/20151124/F035986.dat', Date=now() where WellID='8' and TaskID='2' and SearchEngines='Mascot'
update LTQ_DEMOSearchResults set DataFiles='../data/20151124/F035987.dat', Date=now() where WellID='9' and TaskID='2' and SearchEngines='Mascot'
update LTQ_DEMOSearchResults set DataFiles='../data/20151124/F035988.dat', Date=now() where WellID='10' and TaskID='2' and SearchEngines='Mascot'
update LTQ_DEMOSearchResults set DataFiles='../data/20151124/F035989.dat', Date=now() where WellID='11' and TaskID='2' and SearchEngines='Mascot'
<font color=black>TPP shell Process ID:6532
</font>--the TPP task (2) is running in the background. Click the 'Reload' button for results.
Table:LTQ_DEMO; Task ID: 2; End Time: 2015-11-24 11:28:29

Table:LTQ_DEMO; Task ID: 3; Start Time: 2015-11-24 14:33:43; Raw data files: 2
Table:LTQ_DEMO task ID: 3 has been stopped.

Table:LTQ_DEMO; Task ID: 3; Start Time: 2015-11-24 14:35:58; Raw data files: 2
Table:LTQ_DEMO task ID: 3 has been stopped.

Table:LTQ_DEMO; Task ID: 3; Start Time: 2015-11-24 14:41:51; Raw data files: 2

Table:LTQ_DEMO; Task ID: 3; Start Time: 2015-11-24 14:58:16; Raw data files: 2

Table:LTQ_DEMO; Task ID: 3; Start Time: 2015-11-24 14:59:31; Raw data files: 2

Table:LTQ_DEMO; Task ID: 3; Start Time: 2015-11-24 15:02:14; Raw data files: 2

Table:LTQ_DEMO; Task ID: 3; Start Time: 2015-11-24 15:02:26; Raw data files: 2

Table:LTQ_DEMO; Task ID: 3; Start Time: 2015-11-24 15:03:44; Raw data files: 2

Table:LTQ_DEMO; Task ID: 3; Start Time: 2015-11-24 15:04:27; Raw data files: 2

Table:LTQ_DEMO; Task ID: 3; Start Time: 2015-11-24 15:04:59; Raw data files: 2

Table:LTQ_DEMO; Task ID: 3; Start Time: 2015-11-24 15:05:41; Raw data files: 2

Table:LTQ_DEMO; Task ID: 3; Start Time: 2015-11-24 15:10:11; Raw data files: 2
update LTQ_DEMOSearchTasks set ProcessID='MSPLIT_10155', Status='Running' where ID='3'

Table:LTQ_DEMO; Task ID: 4; Start Time: 2015-11-24 15:15:37; Raw data files: 4
Created file:Swath_EIF4aJune7-Biorep2.mzML.gz
update LTQ_DEMOSearchResults set DataFiles='/gpm/archive/LTQ_DEMO/task4/45_Swath_EIF4aJune7-Biorep2_gpm.xml', Date=now() where WellID='45' and TaskID='4' and SearchEngines='GPM'
update LTQ_DEMOSearchResults set DataFiles='/var/www/html/Prohits/EXT/thegpm/gpm/archive/LTQ_DEMO/task4/45_Swath_EIF4aJune7-Biorep2_comet.pep.xml', Date=now() where WellID='45' and TaskID='4' and SearchEngines='COMET'
Created file:Swath_MEPCEJune7-Biorep3.mzML.gz
update LTQ_DEMOSearchResults set DataFiles='/gpm/archive/LTQ_DEMO/task4/46_Swath_MEPCEJune7-Biorep3_gpm.xml', Date=now() where WellID='46' and TaskID='4' and SearchEngines='GPM'
update LTQ_DEMOSearchResults set DataFiles='/var/www/html/Prohits/EXT/thegpm/gpm/archive/LTQ_DEMO/task4/46_Swath_MEPCEJune7-Biorep3_comet.pep.xml', Date=now() where WellID='46' and TaskID='4' and SearchEngines='COMET'
<font color=black>TPP shell Process ID:11154
</font>--the TPP task (3) is running in the background. Click the 'Reload' button for results.
Table:LTQ_DEMO; Task ID: 4; End Time: 2015-11-24 17:47:47
update LTQ_DEMOSearchResults set DataFiles='/var/www/html/Prohits/EXT/thegpm/gpm/archive/LTQ_DEMO/task3/Results/46_Swath_MEPCEJune7-Biorep3MSPLITfiltered.txt', Date=now() where WellID='46' and TaskID='3' and (SearchEngines='MSPLIT' or SearchEngines='MSPLIT_DDA')
update LTQ_DEMOSearchResults set DataFiles='/var/www/html/Prohits/EXT/thegpm/gpm/archive/LTQ_DEMO/task3/Results/45_Swath_EIF4aJune7-Biorep2MSPLITfiltered.txt', Date=now() where WellID='45' and TaskID='3' and (SearchEngines='MSPLIT' or SearchEngines='MSPLIT_DDA')
UPDATE LTQ_DEMOSearchTasks SET Status='Finished' WHERE ID='3'
LTQ_DEMO task ID:3 Status='Finished'2015-11-24 20:30:56
Table:LTQ_DEMO; Task ID: 3; End Time: 2015-11-24 20:30:56

Table:LTQ_DEMO; Task ID: 5; Start Time: 2015-11-25 10:31:10; Raw data files: 4
DIAUmpire SE has been successfully run: (/var/www/html/Prohits/EXT/thegpm/gpm/archive/LTQ_DEMO/45_Swath_EIF4aJune7-Biorep2/45_Swath_EIF4aJune7-Biorep2)
created file: /var/www/html/Prohits/ProhitsStorage/LTQ_DEMO/Human_P3/45_Swath_EIF4aJune7-Biorep2_Q1.mgf
created file: /var/www/html/Prohits/ProhitsStorage/LTQ_DEMO/Human_P3/45_Swath_EIF4aJune7-Biorep2_Q2.mgf
created file: /var/www/html/Prohits/ProhitsStorage/LTQ_DEMO/Human_P3/45_Swath_EIF4aJune7-Biorep2_Q3.mgf
update LTQ_DEMOSearchResults set DataFiles='/gpm/archive/LTQ_DEMO/task5/45_Swath_EIF4aJune7-Biorep2_gpm/45_Swath_EIF4aJune7-Biorep2_Q1.gpm.xml;/gpm/archive/LTQ_DEMO/task5/45_Swath_EIF4aJune7-Biorep2_gpm/45_Swath_EIF4aJune7-Biorep2_Q2.gpm.xml;/gpm/archive/LTQ_DEMO/task5/45_Swath_EIF4aJune7-Biorep2_gpm/45_Swath_EIF4aJune7-Biorep2_Q3.gpm.xml', Date=now() where WellID='45' and TaskID='5' and SearchEngines='GPM'
Previouse DIAUmpireSE results '/var/www/html/Prohits/EXT/thegpm/gpm/archive/LTQ_DEMO/45_Swath_EIF4aJune7-Biorep2/45_Swath_EIF4aJune7-Biorep2' will be used.
update LTQ_DEMOSearchResults set DataFiles='/var/www/html/Prohits/EXT/thegpm/gpm/archive/LTQ_DEMO/task5/45_Swath_EIF4aJune7-Biorep2_comet/45_Swath_EIF4aJune7-Biorep2_Q1.pep.xml;/var/www/html/Prohits/EXT/thegpm/gpm/archive/LTQ_DEMO/task5/45_Swath_EIF4aJune7-Biorep2_comet/45_Swath_EIF4aJune7-Biorep2_Q2.pep.xml;/var/www/html/Prohits/EXT/thegpm/gpm/archive/LTQ_DEMO/task5/45_Swath_EIF4aJune7-Biorep2_comet/45_Swath_EIF4aJune7-Biorep2_Q3.pep.xml', Date=now() where WellID='45' and TaskID='5' and SearchEngines='COMET'
DIAUmpire SE has been successfully run: (/var/www/html/Prohits/EXT/thegpm/gpm/archive/LTQ_DEMO/46_Swath_MEPCEJune7-Biorep3/46_Swath_MEPCEJune7-Biorep3)
created file: /var/www/html/Prohits/ProhitsStorage/LTQ_DEMO/Human_P3/46_Swath_MEPCEJune7-Biorep3_Q1.mgf
created file: /var/www/html/Prohits/ProhitsStorage/LTQ_DEMO/Human_P3/46_Swath_MEPCEJune7-Biorep3_Q2.mgf
created file: /var/www/html/Prohits/ProhitsStorage/LTQ_DEMO/Human_P3/46_Swath_MEPCEJune7-Biorep3_Q3.mgf
update LTQ_DEMOSearchResults set DataFiles='/gpm/archive/LTQ_DEMO/task5/46_Swath_MEPCEJune7-Biorep3_gpm/46_Swath_MEPCEJune7-Biorep3_Q1.gpm.xml;/gpm/archive/LTQ_DEMO/task5/46_Swath_MEPCEJune7-Biorep3_gpm/46_Swath_MEPCEJune7-Biorep3_Q2.gpm.xml;/gpm/archive/LTQ_DEMO/task5/46_Swath_MEPCEJune7-Biorep3_gpm/46_Swath_MEPCEJune7-Biorep3_Q3.gpm.xml', Date=now() where WellID='46' and TaskID='5' and SearchEngines='GPM'
Previouse DIAUmpireSE results '/var/www/html/Prohits/EXT/thegpm/gpm/archive/LTQ_DEMO/46_Swath_MEPCEJune7-Biorep3/46_Swath_MEPCEJune7-Biorep3' will be used.
update LTQ_DEMOSearchResults set DataFiles='/var/www/html/Prohits/EXT/thegpm/gpm/archive/LTQ_DEMO/task5/46_Swath_MEPCEJune7-Biorep3_comet/46_Swath_MEPCEJune7-Biorep3_Q1.pep.xml;/var/www/html/Prohits/EXT/thegpm/gpm/archive/LTQ_DEMO/task5/46_Swath_MEPCEJune7-Biorep3_comet/46_Swath_MEPCEJune7-Biorep3_Q2.pep.xml;/var/www/html/Prohits/EXT/thegpm/gpm/archive/LTQ_DEMO/task5/46_Swath_MEPCEJune7-Biorep3_comet/46_Swath_MEPCEJune7-Biorep3_Q3.pep.xml', Date=now() where WellID='46' and TaskID='5' and SearchEngines='COMET'
<font color=black>TPP shell Process ID:25978
</font>--the TPP task (4) is running in the background. Click the 'Reload' button for results.
Table:LTQ_DEMO; Task ID: 5; End Time: 2015-11-25 11:20:34

Table:LTQ_DEMO; Task ID: 5; Start Time: 2015-11-26 11:58:21; Raw data files: 2
Created file:Swath_EIF4aJune7-Biorep2.mzXML.gz
Previouse DIAUmpireSE results '/var/www/html/Prohits/EXT/thegpm/gpm/archive/LTQ_DEMO/45_Swath_EIF4aJune7-Biorep2/45_Swath_EIF4aJune7-Biorep2' will be used.
update LTQ_DEMOSearchResults set DataFiles='/var/www/html/Prohits/EXT/thegpm/gpm/archive/LTQ_DEMO/task5/45_Swath_EIF4aJune7-Biorep2_comet/45_Swath_EIF4aJune7-Biorep2_Q1.pep.xml;/var/www/html/Prohits/EXT/thegpm/gpm/archive/LTQ_DEMO/task5/45_Swath_EIF4aJune7-Biorep2_comet/45_Swath_EIF4aJune7-Biorep2_Q2.pep.xml;/var/www/html/Prohits/EXT/thegpm/gpm/archive/LTQ_DEMO/task5/45_Swath_EIF4aJune7-Biorep2_comet/45_Swath_EIF4aJune7-Biorep2_Q3.pep.xml', Date=now() where WellID='45' and TaskID='5' and SearchEngines='COMET'
Previouse DIAUmpireSE results '/var/www/html/Prohits/EXT/thegpm/gpm/archive/LTQ_DEMO/45_Swath_EIF4aJune7-Biorep2/45_Swath_EIF4aJune7-Biorep2' will be used.
update LTQ_DEMOSearchResults set DataFiles='/gpm/archive/LTQ_DEMO/task5/45_Swath_EIF4aJune7-Biorep2_gpm/45_Swath_EIF4aJune7-Biorep2_Q1.gpm.xml;/gpm/archive/LTQ_DEMO/task5/45_Swath_EIF4aJune7-Biorep2_gpm/45_Swath_EIF4aJune7-Biorep2_Q2.gpm.xml;/gpm/archive/LTQ_DEMO/task5/45_Swath_EIF4aJune7-Biorep2_gpm/45_Swath_EIF4aJune7-Biorep2_Q3.gpm.xml', Date=now() where WellID='45' and TaskID='5' and SearchEngines='GPM'
<font color=black>TPP shell Process ID:15078
</font>--the TPP task (4) is running in the background. Click the 'Reload' button for results.
Table:LTQ_DEMO; Task ID: 5; End Time: 2015-11-26 12:47:12

Table:LTQ_DEMO; Task ID: 5; Start Time: 2015-11-26 14:00:40; Raw data files: 4
DIAUmpire SE has been successfully run: (/var/www/html/Prohits/EXT/thegpm/gpm/archive/LTQ_DEMO/45_Swath_EIF4aJune7-Biorep2/45_Swath_EIF4aJune7-Biorep2)
created file: /var/www/html/Prohits/ProhitsStorage/LTQ_DEMO/Human_P3/45_Swath_EIF4aJune7-Biorep2_Q1.mgf
created file: /var/www/html/Prohits/ProhitsStorage/LTQ_DEMO/Human_P3/45_Swath_EIF4aJune7-Biorep2_Q2.mgf
created file: /var/www/html/Prohits/ProhitsStorage/LTQ_DEMO/Human_P3/45_Swath_EIF4aJune7-Biorep2_Q3.mgf
update LTQ_DEMOSearchResults set DataFiles='/var/www/html/Prohits/EXT/thegpm/gpm/archive/LTQ_DEMO/task5/45_Swath_EIF4aJune7-Biorep2_comet/45_Swath_EIF4aJune7-Biorep2_Q1.pep.xml;/var/www/html/Prohits/EXT/thegpm/gpm/archive/LTQ_DEMO/task5/45_Swath_EIF4aJune7-Biorep2_comet/45_Swath_EIF4aJune7-Biorep2_Q2.pep.xml;/var/www/html/Prohits/EXT/thegpm/gpm/archive/LTQ_DEMO/task5/45_Swath_EIF4aJune7-Biorep2_comet/45_Swath_EIF4aJune7-Biorep2_Q3.pep.xml', Date=now() where WellID='45' and TaskID='5' and SearchEngines='COMET'
Previouse DIAUmpireSE results '/var/www/html/Prohits/EXT/thegpm/gpm/archive/LTQ_DEMO/45_Swath_EIF4aJune7-Biorep2/45_Swath_EIF4aJune7-Biorep2' will be used.
update LTQ_DEMOSearchResults set DataFiles='/gpm/archive/LTQ_DEMO/task5/45_Swath_EIF4aJune7-Biorep2_gpm/45_Swath_EIF4aJune7-Biorep2_Q1.gpm.xml;/gpm/archive/LTQ_DEMO/task5/45_Swath_EIF4aJune7-Biorep2_gpm/45_Swath_EIF4aJune7-Biorep2_Q2.gpm.xml;/gpm/archive/LTQ_DEMO/task5/45_Swath_EIF4aJune7-Biorep2_gpm/45_Swath_EIF4aJune7-Biorep2_Q3.gpm.xml', Date=now() where WellID='45' and TaskID='5' and SearchEngines='GPM'
Created file:Swath_MEPCEJune7-Biorep3.mzXML.gz
DIAUmpire SE has been successfully run: (/var/www/html/Prohits/EXT/thegpm/gpm/archive/LTQ_DEMO/46_Swath_MEPCEJune7-Biorep3/46_Swath_MEPCEJune7-Biorep3)
created file: /var/www/html/Prohits/ProhitsStorage/LTQ_DEMO/Human_P3/46_Swath_MEPCEJune7-Biorep3_Q1.mgf
created file: /var/www/html/Prohits/ProhitsStorage/LTQ_DEMO/Human_P3/46_Swath_MEPCEJune7-Biorep3_Q2.mgf
created file: /var/www/html/Prohits/ProhitsStorage/LTQ_DEMO/Human_P3/46_Swath_MEPCEJune7-Biorep3_Q3.mgf
update LTQ_DEMOSearchResults set DataFiles='/gpm/archive/LTQ_DEMO/task5/46_Swath_MEPCEJune7-Biorep3_gpm/46_Swath_MEPCEJune7-Biorep3_Q1.gpm.xml;/gpm/archive/LTQ_DEMO/task5/46_Swath_MEPCEJune7-Biorep3_gpm/46_Swath_MEPCEJune7-Biorep3_Q2.gpm.xml;/gpm/archive/LTQ_DEMO/task5/46_Swath_MEPCEJune7-Biorep3_gpm/46_Swath_MEPCEJune7-Biorep3_Q3.gpm.xml', Date=now() where WellID='46' and TaskID='5' and SearchEngines='GPM'
Previouse DIAUmpireSE results '/var/www/html/Prohits/EXT/thegpm/gpm/archive/LTQ_DEMO/46_Swath_MEPCEJune7-Biorep3/46_Swath_MEPCEJune7-Biorep3' will be used.
update LTQ_DEMOSearchResults set DataFiles='/var/www/html/Prohits/EXT/thegpm/gpm/archive/LTQ_DEMO/task5/46_Swath_MEPCEJune7-Biorep3_comet/46_Swath_MEPCEJune7-Biorep3_Q1.pep.xml;/var/www/html/Prohits/EXT/thegpm/gpm/archive/LTQ_DEMO/task5/46_Swath_MEPCEJune7-Biorep3_comet/46_Swath_MEPCEJune7-Biorep3_Q2.pep.xml;/var/www/html/Prohits/EXT/thegpm/gpm/archive/LTQ_DEMO/task5/46_Swath_MEPCEJune7-Biorep3_comet/46_Swath_MEPCEJune7-Biorep3_Q3.pep.xml', Date=now() where WellID='46' and TaskID='5' and SearchEngines='COMET'
<font color=black>TPP shell Process ID:32164
</font>--the TPP task (4) is running in the background. Click the 'Reload' button for results.
Table:LTQ_DEMO; Task ID: 5; End Time: 2015-11-26 15:13:49

Table:LTQ_DEMO; Task ID: 6; Start Time: 2015-12-1 11:26:16; Raw data files: 6

Table:LTQ_DEMO; Task ID: 6; Start Time: 2015-12-1 11:29:23; Raw data files: 6

Table:LTQ_DEMO; Task ID: 6; Start Time: 2015-12-1 11:36:14; Raw data files: 6

Table:LTQ_DEMO; Task ID: 6; Start Time: 2015-12-1 11:53:20; Raw data files: 6

Table:LTQ_DEMO; Task ID: 6; Start Time: 2015-12-1 11:53:56; Raw data files: 6

Table:LTQ_DEMO; Task ID: 6; Start Time: 2015-12-1 11:54:44; Raw data files: 6

Table:LTQ_DEMO; Task ID: 6; Start Time: 2015-12-1 11:57:23; Raw data files: 6
Created file:G01_12236.mgf

Table:LTQ_DEMO; Task ID: 6; Start Time: 2015-12-1 11:57:47; Raw data files: 6

Table:LTQ_DEMO; Task ID: 6; Start Time: 2015-12-1 11:57:51; Raw data files: 6

Table:LTQ_DEMO; Task ID: 6; Start Time: 2015-12-1 11:57:52; Raw data files: 6

Table:LTQ_DEMO; Task ID: 6; Start Time: 2015-12-1 11:58:25; Raw data files: 6
update LTQ_DEMOSearchResults set DataFiles='../data/20151201/F036033.dat', Date=now() where WellID='55' and TaskID='6' and SearchEngines='Mascot'

Table:LTQ_DEMO; Task ID: 6; Start Time: 2015-12-1 11:59:48; Raw data files: 5

Table:LTQ_DEMO; Task ID: 6; Start Time: 2015-12-1 12:01:23; Raw data files: 5
Created file:G01_12236.mzML
update LTQ_DEMOSearchResults set DataFiles='/gpm/archive/LTQ_DEMO/task6/55_G01_12236_gpm.xml', Date=now() where WellID='55' and TaskID='6' and SearchEngines='GPM'

Table:LTQ_DEMO; Task ID: 6; Start Time: 2015-12-1 12:03:01; Raw data files: 5

Table:LTQ_DEMO; Task ID: 6; Start Time: 2015-12-1 12:03:11; Raw data files: 5
update LTQ_DEMOSearchResults set DataFiles='/gpm/archive/LTQ_DEMO/task6/55_G01_12236_gpm.xml', Date=now() where WellID='55' and TaskID='6' and SearchEngines='GPM'

Table:LTQ_DEMO; Task ID: 6; Start Time: 2015-12-1 12:03:27; Raw data files: 4

Table:LTQ_DEMO; Task ID: 6; Start Time: 2015-12-1 12:03:42; Raw data files: 4
update LTQ_DEMOSearchResults set DataFiles='/var/www/html/Prohits/EXT/thegpm/gpm/archive/LTQ_DEMO/task6/55_G01_12236_comet.pep.xml', Date=now() where WellID='55' and TaskID='6' and SearchEngines='COMET'

Table:LTQ_DEMO; Task ID: 6; Start Time: 2015-12-1 12:04:59; Raw data files: 3
Created file:A01_12762.mgf

Table:LTQ_DEMO; Task ID: 6; Start Time: 2015-12-1 12:05:04; Raw data files: 3

Table:LTQ_DEMO; Task ID: 6; Start Time: 2015-12-1 12:05:13; Raw data files: 3
update LTQ_DEMOSearchResults set DataFiles='../data/20151201/F036034.dat', Date=now() where WellID='56' and TaskID='6' and SearchEngines='Mascot'

Table:LTQ_DEMO; Task ID: 6; Start Time: 2015-12-1 12:05:35; Raw data files: 2

Table:LTQ_DEMO; Task ID: 6; Start Time: 2015-12-1 12:05:54; Raw data files: 2

Table:LTQ_DEMO; Task ID: 6; Start Time: 2015-12-1 12:06:11; Raw data files: 2
update LTQ_DEMOSearchResults set DataFiles='/gpm/archive/LTQ_DEMO/task6/56_A01_12762_gpm.xml', Date=now() where WellID='56' and TaskID='6' and SearchEngines='GPM'

Table:LTQ_DEMO; Task ID: 6; Start Time: 2015-12-1 12:06:22; Raw data files: 1

Table:LTQ_DEMO; Task ID: 6; Start Time: 2015-12-1 12:06:35; Raw data files: 1
update LTQ_DEMOSearchResults set DataFiles='/var/www/html/Prohits/EXT/thegpm/gpm/archive/LTQ_DEMO/task6/56_A01_12762_comet.pep.xml', Date=now() where WellID='56' and TaskID='6' and SearchEngines='COMET'