

TPP task start: 74 -- LTQ_DEMO searchTaskID=123 -- 2015-07-29 14:08:13
wellID=31 searchTask=123 MSGFPL.

TPP task start: 74 -- LTQ_DEMO searchTaskID=123 -- 2015-07-29 14:17:15
wellID=31 searchTask=123 MSGFPL.

TPP task start: 74 -- LTQ_DEMO searchTaskID=123 -- 2015-07-29 14:19:10
wellID=31 searchTask=123 MSGFPL.

TPP task start: 74 -- LTQ_DEMO searchTaskID=123 -- 2015-07-29 14:20:49
wellID=31 searchTask=123 MSGFPL.

TPP task start: 74 -- LTQ_DEMO searchTaskID=123 -- 2015-07-29 14:21:03
wellID=31 searchTask=123 MSGFPL.

TPP task start: 74 -- LTQ_DEMO searchTaskID=123 -- 2015-07-29 14:28:23
wellID=31 searchTask=123 MSGFPL.

TPP task start: 74 -- LTQ_DEMO searchTaskID=123 -- 2015-07-29 14:28:44
wellID=31 searchTask=123 MSGFPL.

TPP task start: 74 -- LTQ_DEMO searchTaskID=123 -- 2015-07-29 14:50:43
wellID=31 searchTask=123 MSGFPL.

TPP task start: 74 -- LTQ_DEMO searchTaskID=123 -- 2015-07-29 14:52:22
wellID=31 searchTask=123 MSGFPL.

TPP task start: 74 -- LTQ_DEMO searchTaskID=123 -- 2015-07-29 14:53:33
wellID=31 searchTask=123 MSGFPL.

TPP task start: 74 -- LTQ_DEMO searchTaskID=123 -- 2015-07-29 14:54:06
wellID=31 searchTask=123 MSGFPL.

TPP task start: 74 -- LTQ_DEMO searchTaskID=123 -- 2015-07-29 14:56:12
wellID=31 searchTask=123 MSGFPL.

TPP task start: 74 -- LTQ_DEMO searchTaskID=123 -- 2015-07-29 14:57:35
wellID=31 searchTask=123 MSGFPL.

TPP task start: 74 -- LTQ_DEMO searchTaskID=123 -- 2015-07-29 15:00:24
wellID=31 searchTask=123 MSGFPL.

TPP task start: 74 -- LTQ_DEMO searchTaskID=123 -- 2015-07-29 15:00:39
wellID=31 searchTask=123 MSGFPL.

TPP task start: 74 -- LTQ_DEMO searchTaskID=123 -- 2015-07-29 15:01:15
wellID=31 searchTask=123 MSGFPL.

TPP task start: 74 -- LTQ_DEMO searchTaskID=123 -- 2015-07-29 15:20:38
wellID=31 searchTask=123 MSGFPL.

TPP task start: 74 -- LTQ_DEMO searchTaskID=123 -- 2015-07-29 15:23:07
wellID=31 searchTask=123 MSGFPL.

TPP task start: 74 -- LTQ_DEMO searchTaskID=123 -- 2015-07-29 15:23:31
wellID=31 searchTask=123 MSGFPL.

TPP task start: 74 -- LTQ_DEMO searchTaskID=123 -- 2015-07-29 15:27:02
wellID=31 searchTask=123 MSGFPL.

TPP task start: 74 -- LTQ_DEMO searchTaskID=123 -- 2015-07-29 15:27:27
wellID=31 searchTask=123 MSGFPL.

TPP task start: 74 -- LTQ_DEMO searchTaskID=123 -- 2015-07-29 15:27:49
wellID=31 searchTask=123 MSGFPL.

TPP task start: 74 -- LTQ_DEMO searchTaskID=123 -- 2015-07-29 15:28:42
wellID=31 searchTask=123 MSGFPL.

TPP task start: 74 -- LTQ_DEMO searchTaskID=123 -- 2015-07-29 15:29:51
wellID=31 searchTask=123 MSGFPL.

TPP task start: 74 -- LTQ_DEMO searchTaskID=123 -- 2015-07-29 15:31:12
wellID=31 searchTask=123 MSGFPL.

TPP task start: 74 -- LTQ_DEMO searchTaskID=123 -- 2015-07-29 15:32:41
wellID=31 searchTask=123 MSGFPL.

TPP task start: 74 -- LTQ_DEMO searchTaskID=123 -- 2015-07-29 15:34:22
wellID=31 searchTask=123 MSGFPL.

TPP task start: 74 -- LTQ_DEMO searchTaskID=123 -- 2015-07-29 15:36:17
wellID=31 searchTask=123 MSGFPL.

TPP task start: 74 -- LTQ_DEMO searchTaskID=123 -- 2015-07-29 15:38:48
wellID=31 searchTask=123 MSGFPL.

TPP task start: 74 -- LTQ_DEMO searchTaskID=123 -- 2015-07-29 15:39:16
wellID=31 searchTask=123 MSGFPL.
update `LTQ_DEMOtppResults` set `pepXML`='/mnt/thegpm/Prohits_dev/EXT/thegpm/gpm/archive/LTQ_DEMO/task123/tpp74/31_16_FLAG_alone_pelletC_msgfpl.pep.inter.xml', `protXML`='/mnt/thegpm/Prohits_dev/EXT/thegpm/gpm/archive/LTQ_DEMO/task123/tpp74/31_16_FLAG_alone_pelletC_msgfpl.pep.inter.prot.xml', `Date`=now()  where TppTaskID='74' and SearchEngine='MSGFPL' and WellID='31'
End TPP task: 74 -- 2015-07-29 15:39:18

TPP task start: 75 -- LTQ_DEMO searchTaskID=124 -- 2015-07-29 15:55:53
wellID=31 searchTask=124 COMET.
update `LTQ_DEMOtppResults` set `pepXML`='/mnt/thegpm/Prohits_dev/EXT/thegpm/gpm/archive/LTQ_DEMO/task124/tpp75/31_16_FLAG_alone_pelletC_comet.pep.inter.xml', `protXML`='/mnt/thegpm/Prohits_dev/EXT/thegpm/gpm/archive/LTQ_DEMO/task124/tpp75/31_16_FLAG_alone_pelletC_comet.pep.inter.prot.xml', `Date`=now()  where TppTaskID='75' and SearchEngine='COMET' and WellID='31'
wellID=31 searchTask=124 GPM.
update `LTQ_DEMOtppResults` set `pepXML`='/mnt/thegpm/Prohits_dev/EXT/thegpm/gpm/archive/LTQ_DEMO/task124/tpp75/31_16_FLAG_alone_pelletC_gpm.pep.inter.xml', `protXML`='/mnt/thegpm/Prohits_dev/EXT/thegpm/gpm/archive/LTQ_DEMO/task124/tpp75/31_16_FLAG_alone_pelletC_gpm.pep.inter.prot.xml', `Date`=now()  where TppTaskID='75' and SearchEngine='GPM' and WellID='31'
wellID=31 searchTask=124 Mascot.
update `LTQ_DEMOtppResults` set `pepXML`='/mnt/thegpm/Prohits_dev/EXT/thegpm/gpm/archive/LTQ_DEMO/task124/tpp75/31_16_FLAG_alone_pelletC_mascot.pep.inter.xml', `protXML`='/mnt/thegpm/Prohits_dev/EXT/thegpm/gpm/archive/LTQ_DEMO/task124/tpp75/31_16_FLAG_alone_pelletC_mascot.pep.inter.prot.xml', `Date`=now()  where TppTaskID='75' and SearchEngine='Mascot' and WellID='31'
wellID=31 searchTask=124 iProphet.
update `LTQ_DEMOtppResults` set `pepXML`='/mnt/thegpm/Prohits_dev/EXT/thegpm/gpm/archive/LTQ_DEMO/task124/tpp75/31_16_FLAG_alone_pelletC_combined.pep.inter.xml', `protXML`='/mnt/thegpm/Prohits_dev/EXT/thegpm/gpm/archive/LTQ_DEMO/task124/tpp75/31_16_FLAG_alone_pelletC_combined.pep.inter.iproph.prot.xml', `Date`=now()  where TppTaskID='75' and SearchEngine='iProphet' and WellID='31'
End TPP task: 75 -- 2015-07-29 15:56:03

TPP task start: 76 -- LTQ_DEMO searchTaskID=125 -- 2015-07-30 11:03:47
wellID=223 searchTask=125 COMET.
update `LTQ_DEMOtppResults` set `pepXML`='/mnt/thegpm/Prohits_dev/EXT/thegpm/gpm/archive/LTQ_DEMO/task125/223_16144_ZL_CDK4_WT_BR1_SWATH_TOF1chp_P36_comet/COMET_combined.pep.inter.xml', `protXML`='/mnt/thegpm/Prohits_dev/EXT/thegpm/gpm/archive/LTQ_DEMO/task125/223_16144_ZL_CDK4_WT_BR1_SWATH_TOF1chp_P36_comet/COMET_combined.pep.inter.prot.xml', `Date`=now()  where TppTaskID='76' and SearchEngine='COMET' and WellID='223'

TPP task start: 76 -- LTQ_DEMO searchTaskID=125 -- 2015-07-30 11:07:49
wellID=223 searchTask=125 GPM.
update `LTQ_DEMOtppResults` set `pepXML`='/mnt/thegpm/Prohits_dev/EXT/thegpm/gpm/archive/LTQ_DEMO/task125/223_16144_ZL_CDK4_WT_BR1_SWATH_TOF1chp_P36_gpm/GPM_combined.pep.inter.xml', `protXML`='/mnt/thegpm/Prohits_dev/EXT/thegpm/gpm/archive/LTQ_DEMO/task125/223_16144_ZL_CDK4_WT_BR1_SWATH_TOF1chp_P36_gpm/GPM_combined.pep.inter.prot.xml', `Date`=now()  where TppTaskID='76' and SearchEngine='GPM' and WellID='223'

TPP task start: 76 -- LTQ_DEMO searchTaskID=125 -- 2015-07-30 11:58:17
wellID=223 searchTask=125 Mascot.
no inter file created(). please read log file for detail: /mnt/thegpm/Prohits_dev/EXT/thegpm/gpm/archive/LTQ_DEMO/task125/TPPtask.log
update `LTQ_DEMOtppResults` set `pepXML`='NoPepXML', `protXML`='NoProtXML', `Date`=now()  where TppTaskID='76' and SearchEngine='Mascot' and WellID='223'

TPP task start: 76 -- LTQ_DEMO searchTaskID=125 -- 2015-07-30 12:05:09
wellID=223 searchTask=125 MSGFPL.
update `LTQ_DEMOtppResults` set `pepXML`='/mnt/thegpm/Prohits_dev/EXT/thegpm/gpm/archive/LTQ_DEMO/task125/223_16144_ZL_CDK4_WT_BR1_SWATH_TOF1chp_P36_msgfpl/MSGFPL_combined.pep.inter.xml', `protXML`='/mnt/thegpm/Prohits_dev/EXT/thegpm/gpm/archive/LTQ_DEMO/task125/223_16144_ZL_CDK4_WT_BR1_SWATH_TOF1chp_P36_msgfpl/MSGFPL_combined.pep.inter.prot.xml', `Date`=now()  where TppTaskID='76' and SearchEngine='MSGFPL' and WellID='223'

TPP task start: 76 -- LTQ_DEMO searchTaskID=125 -- 2015-07-30 12:14:22
Warning: LTQ_DEMO iProphet may not completed for raw file ID: 223. (Search taskID: 125 TPP ID: 76) -- 2015-07-30 12:14:22
Mascot has no TPP results.
wellID=223 searchTask=125 iProphet.
update `LTQ_DEMOtppResults` set `pepXML`='/mnt/thegpm/Prohits_dev/EXT/thegpm/gpm/archive/LTQ_DEMO/task125/tpp76/interact-223_16144_ZL_CDK4_WT_BR1_SWATH_TOF1chp_P36_Q3.pep.xml', `protXML`='/mnt/thegpm/Prohits_dev/EXT/thegpm/gpm/archive/LTQ_DEMO/task125/tpp76/223_16144_ZL_CDK4_WT_BR1_SWATH_TOF1chp_P36.pep.inter.iproph.prot.xml', `Date`=now()  where TppTaskID='76' and SearchEngine='iProphet' and WellID='223'
End TPP task: 76 -- 2015-07-30 12:15:11

TPP task start: 76 -- LTQ_DEMO searchTaskID=125 -- 2015-07-30 12:16:15
wellID=223 searchTask=125 Mascot.
update `LTQ_DEMOtppResults` set `pepXML`='/mnt/thegpm/Prohits_dev/EXT/thegpm/gpm/archive/LTQ_DEMO/task125/223_16144_ZL_CDK4_WT_BR1_SWATH_TOF1chp_P36_mascot/Mascot_combined.pep.inter.xml', `protXML`='/mnt/thegpm/Prohits_dev/EXT/thegpm/gpm/archive/LTQ_DEMO/task125/223_16144_ZL_CDK4_WT_BR1_SWATH_TOF1chp_P36_mascot/Mascot_combined.pep.inter.prot.xml', `Date`=now()  where TppTaskID='76' and SearchEngine='Mascot' and WellID='223'

TPP task start: 76 -- LTQ_DEMO searchTaskID=125 -- 2015-07-30 12:18:56
wellID=223 searchTask=125 iProphet.
update `LTQ_DEMOtppResults` set `pepXML`='/mnt/thegpm/Prohits_dev/EXT/thegpm/gpm/archive/LTQ_DEMO/task125/tpp76/interact-223_16144_ZL_CDK4_WT_BR1_SWATH_TOF1chp_P36_Q3.pep.xml', `protXML`='/mnt/thegpm/Prohits_dev/EXT/thegpm/gpm/archive/LTQ_DEMO/task125/tpp76/223_16144_ZL_CDK4_WT_BR1_SWATH_TOF1chp_P36.pep.inter.iproph.prot.xml', `Date`=now()  where TppTaskID='76' and SearchEngine='iProphet' and WellID='223'
End TPP task: 76 -- 2015-07-30 12:19:46

TPP task start: 77 -- LTQ_DEMO searchTaskID=135 -- 2015-10-15 11:42:40
wellID=226 searchTask=135 COMET.
update `LTQ_DEMOtppResults` set `pepXML`='/mnt/thegpm/Prohits_dev/EXT/thegpm/gpm/archive/LTQ_DEMO/task135/tpp77/226_G01_12236_comet.pep.inter.xml', `protXML`='/mnt/thegpm/Prohits_dev/EXT/thegpm/gpm/archive/LTQ_DEMO/task135/tpp77/226_G01_12236_comet.pep.inter.prot.xml', `Date`=now()  where TppTaskID='77' and SearchEngine='COMET' and WellID='226'
wellID=226 searchTask=135 GPM.
update `LTQ_DEMOtppResults` set `pepXML`='/mnt/thegpm/Prohits_dev/EXT/thegpm/gpm/archive/LTQ_DEMO/task135/tpp77/226_G01_12236_gpm.pep.inter.xml', `protXML`='/mnt/thegpm/Prohits_dev/EXT/thegpm/gpm/archive/LTQ_DEMO/task135/tpp77/226_G01_12236_gpm.pep.inter.prot.xml', `Date`=now()  where TppTaskID='77' and SearchEngine='GPM' and WellID='226'
wellID=226 searchTask=135 Mascot.
update `LTQ_DEMOtppResults` set `pepXML`='/mnt/thegpm/Prohits_dev/EXT/thegpm/gpm/archive/LTQ_DEMO/task135/tpp77/226_G01_12236_mascot.pep.inter.xml', `protXML`='/mnt/thegpm/Prohits_dev/EXT/thegpm/gpm/archive/LTQ_DEMO/task135/tpp77/226_G01_12236_mascot.pep.inter.prot.xml', `Date`=now()  where TppTaskID='77' and SearchEngine='Mascot' and WellID='226'
wellID=226 searchTask=135 MSGFPL.
update `LTQ_DEMOtppResults` set `pepXML`='/mnt/thegpm/Prohits_dev/EXT/thegpm/gpm/archive/LTQ_DEMO/task135/tpp77/226_G01_12236_msgfpl.pep.inter.xml', `protXML`='/mnt/thegpm/Prohits_dev/EXT/thegpm/gpm/archive/LTQ_DEMO/task135/tpp77/226_G01_12236_msgfpl.pep.inter.prot.xml', `Date`=now()  where TppTaskID='77' and SearchEngine='MSGFPL' and WellID='226'
wellID=226 searchTask=135 iProphet.
update `LTQ_DEMOtppResults` set `pepXML`='/mnt/thegpm/Prohits_dev/EXT/thegpm/gpm/archive/LTQ_DEMO/task135/tpp77/226_G01_12236_combined.pep.inter.xml', `protXML`='/mnt/thegpm/Prohits_dev/EXT/thegpm/gpm/archive/LTQ_DEMO/task135/tpp77/226_G01_12236_combined.pep.inter.iproph.prot.xml', `Date`=now()  where TppTaskID='77' and SearchEngine='iProphet' and WellID='226'
End TPP task: 77 -- 2015-10-15 11:42:51

TPP task start: 78 -- LTQ_DEMO searchTaskID=136 -- 2015-10-15 11:53:22
wellID=225 searchTask=136 COMET.
update `LTQ_DEMOtppResults` set `pepXML`='/mnt/thegpm/Prohits_dev/EXT/thegpm/gpm/archive/LTQ_DEMO/task136/tpp78/225_A01_12762_comet.pep.inter.xml', `protXML`='/mnt/thegpm/Prohits_dev/EXT/thegpm/gpm/archive/LTQ_DEMO/task136/tpp78/225_A01_12762_comet.pep.inter.prot.xml', `Date`=now()  where TppTaskID='78' and SearchEngine='COMET' and WellID='225'
wellID=225 searchTask=136 GPM.
update `LTQ_DEMOtppResults` set `pepXML`='/mnt/thegpm/Prohits_dev/EXT/thegpm/gpm/archive/LTQ_DEMO/task136/tpp78/225_A01_12762_gpm.pep.inter.xml', `protXML`='/mnt/thegpm/Prohits_dev/EXT/thegpm/gpm/archive/LTQ_DEMO/task136/tpp78/225_A01_12762_gpm.pep.inter.prot.xml', `Date`=now()  where TppTaskID='78' and SearchEngine='GPM' and WellID='225'
wellID=225 searchTask=136 Mascot.
update `LTQ_DEMOtppResults` set `pepXML`='/mnt/thegpm/Prohits_dev/EXT/thegpm/gpm/archive/LTQ_DEMO/task136/tpp78/225_A01_12762_mascot.pep.inter.xml', `protXML`='/mnt/thegpm/Prohits_dev/EXT/thegpm/gpm/archive/LTQ_DEMO/task136/tpp78/225_A01_12762_mascot.pep.inter.prot.xml', `Date`=now()  where TppTaskID='78' and SearchEngine='Mascot' and WellID='225'
wellID=225 searchTask=136 MSGFPL.
update `LTQ_DEMOtppResults` set `pepXML`='/mnt/thegpm/Prohits_dev/EXT/thegpm/gpm/archive/LTQ_DEMO/task136/tpp78/225_A01_12762_msgfpl.pep.inter.xml', `protXML`='/mnt/thegpm/Prohits_dev/EXT/thegpm/gpm/archive/LTQ_DEMO/task136/tpp78/225_A01_12762_msgfpl.pep.inter.prot.xml', `Date`=now()  where TppTaskID='78' and SearchEngine='MSGFPL' and WellID='225'
wellID=225 searchTask=136 iProphet.
update `LTQ_DEMOtppResults` set `pepXML`='/mnt/thegpm/Prohits_dev/EXT/thegpm/gpm/archive/LTQ_DEMO/task136/tpp78/225_A01_12762_combined.pep.inter.xml', `protXML`='/mnt/thegpm/Prohits_dev/EXT/thegpm/gpm/archive/LTQ_DEMO/task136/tpp78/225_A01_12762_combined.pep.inter.iproph.prot.xml', `Date`=now()  where TppTaskID='78' and SearchEngine='iProphet' and WellID='225'
End TPP task: 78 -- 2015-10-15 11:53:33

TPP task start: 79 -- LTQ_DEMO searchTaskID=137 -- 2015-10-22 15:48:20
wellID=232 searchTask=137 COMET.
update `LTQ_DEMOtppResults` set `pepXML`='/mnt/thegpm/Prohits_dev/EXT/thegpm/gpm/archive/LTQ_DEMO/task137/tpp79/232_29934_CTCF_i2N_112414_BR1_comet.pep.inter.xml', `protXML`='/mnt/thegpm/Prohits_dev/EXT/thegpm/gpm/archive/LTQ_DEMO/task137/tpp79/232_29934_CTCF_i2N_112414_BR1_comet.pep.inter.prot.xml', `Date`=now()  where TppTaskID='79' and SearchEngine='COMET' and WellID='232'
wellID=232 searchTask=137 GPM.
update `LTQ_DEMOtppResults` set `pepXML`='/mnt/thegpm/Prohits_dev/EXT/thegpm/gpm/archive/LTQ_DEMO/task137/tpp79/232_29934_CTCF_i2N_112414_BR1_gpm.pep.inter.xml', `protXML`='/mnt/thegpm/Prohits_dev/EXT/thegpm/gpm/archive/LTQ_DEMO/task137/tpp79/232_29934_CTCF_i2N_112414_BR1_gpm.pep.inter.prot.xml', `Date`=now()  where TppTaskID='79' and SearchEngine='GPM' and WellID='232'
wellID=232 searchTask=137 Mascot.
update `LTQ_DEMOtppResults` set `pepXML`='/mnt/thegpm/Prohits_dev/EXT/thegpm/gpm/archive/LTQ_DEMO/task137/tpp79/232_29934_CTCF_i2N_112414_BR1_mascot.pep.inter.xml', `protXML`='/mnt/thegpm/Prohits_dev/EXT/thegpm/gpm/archive/LTQ_DEMO/task137/tpp79/232_29934_CTCF_i2N_112414_BR1_mascot.pep.inter.prot.xml', `Date`=now()  where TppTaskID='79' and SearchEngine='Mascot' and WellID='232'
wellID=232 searchTask=137 MSGFPL.
no protein prophet file($rsFileNameBase) created. please read log file for detail: /mnt/thegpm/Prohits_dev/EXT/thegpm/gpm/archive/LTQ_DEMO/task137/TPPtask.log
update `LTQ_DEMOtppResults` set `pepXML`='/mnt/thegpm/Prohits_dev/EXT/thegpm/gpm/archive/LTQ_DEMO/task137/tpp79/232_29934_CTCF_i2N_112414_BR1_msgfpl.pep.inter.xml', `protXML`='NoProtXML', `Date`=now()  where TppTaskID='79' and SearchEngine='MSGFPL' and WellID='232'
wellID=232 searchTask=137 iProphet.
no protein prophet file($rsFileNameBase) created. please read log file for detail: /mnt/thegpm/Prohits_dev/EXT/thegpm/gpm/archive/LTQ_DEMO/task137/TPPtask.log
update `LTQ_DEMOtppResults` set `pepXML`='/mnt/thegpm/Prohits_dev/EXT/thegpm/gpm/archive/LTQ_DEMO/task137/tpp79/232_29934_CTCF_i2N_112414_BR1_combined.pep.inter.xml', `protXML`='NoProtXML', `Date`=now()  where TppTaskID='79' and SearchEngine='iProphet' and WellID='232'
End TPP task: 79 -- 2015-10-22 15:49:45

TPP task start: 79 -- LTQ_DEMO searchTaskID=137 -- 2015-10-27 15:13:56
wellID=232 searchTask=137 COMET.
update `LTQ_DEMOtppResults` set `pepXML`='/mnt/thegpm/Prohits_dev/EXT/thegpm/gpm/archive/LTQ_DEMO/task137/tpp79/232_29934_CTCF_i2N_112414_BR1_comet.pep.inter.xml', `protXML`='/mnt/thegpm/Prohits_dev/EXT/thegpm/gpm/archive/LTQ_DEMO/task137/tpp79/232_29934_CTCF_i2N_112414_BR1_comet.pep.inter.prot.xml', `Date`=now()  where TppTaskID='79' and SearchEngine='COMET' and WellID='232'
wellID=232 searchTask=137 GPM.
update `LTQ_DEMOtppResults` set `pepXML`='/mnt/thegpm/Prohits_dev/EXT/thegpm/gpm/archive/LTQ_DEMO/task137/tpp79/232_29934_CTCF_i2N_112414_BR1_gpm.pep.inter.xml', `protXML`='/mnt/thegpm/Prohits_dev/EXT/thegpm/gpm/archive/LTQ_DEMO/task137/tpp79/232_29934_CTCF_i2N_112414_BR1_gpm.pep.inter.prot.xml', `Date`=now()  where TppTaskID='79' and SearchEngine='GPM' and WellID='232'
wellID=232 searchTask=137 Mascot.
update `LTQ_DEMOtppResults` set `pepXML`='/mnt/thegpm/Prohits_dev/EXT/thegpm/gpm/archive/LTQ_DEMO/task137/tpp79/232_29934_CTCF_i2N_112414_BR1_mascot.pep.inter.xml', `protXML`='/mnt/thegpm/Prohits_dev/EXT/thegpm/gpm/archive/LTQ_DEMO/task137/tpp79/232_29934_CTCF_i2N_112414_BR1_mascot.pep.inter.prot.xml', `Date`=now()  where TppTaskID='79' and SearchEngine='Mascot' and WellID='232'
wellID=232 searchTask=137 MSGFPL.
no protein prophet file($rsFileNameBase) created. please read log file for detail: /mnt/thegpm/Prohits_dev/EXT/thegpm/gpm/archive/LTQ_DEMO/task137/TPPtask.log
update `LTQ_DEMOtppResults` set `pepXML`='/mnt/thegpm/Prohits_dev/EXT/thegpm/gpm/archive/LTQ_DEMO/task137/tpp79/232_29934_CTCF_i2N_112414_BR1_msgfpl.pep.inter.xml', `protXML`='NoProtXML', `Date`=now()  where TppTaskID='79' and SearchEngine='MSGFPL' and WellID='232'
wellID=232 searchTask=137 iProphet.
update `LTQ_DEMOtppResults` set `pepXML`='/mnt/thegpm/Prohits_dev/EXT/thegpm/gpm/archive/LTQ_DEMO/task137/tpp79/232_29934_CTCF_i2N_112414_BR1_combined.pep.inter.xml', `protXML`='/mnt/thegpm/Prohits_dev/EXT/thegpm/gpm/archive/LTQ_DEMO/task137/tpp79/232_29934_CTCF_i2N_112414_BR1_combined.pep.inter.iproph.prot.xml', `Date`=now()  where TppTaskID='79' and SearchEngine='iProphet' and WellID='232'
End TPP task: 79 -- 2015-10-27 15:15:35

TPP task start: 80 -- LTQ_DEMO searchTaskID=138 -- 2015-11-3 12:07:48
wellID=231 searchTask=138 COMET.
no protein prophet file($rsFileNameBase) created. please read log file for detail: /var/www/html/Prohits/EXT/thegpm/gpm/archive/LTQ_DEMO/task138/TPPtask.log
update `LTQ_DEMOtppResults` set `pepXML`='/var/www/html/Prohits/EXT/thegpm/gpm/archive/LTQ_DEMO/task138/tpp80/231_H02_25576_comet.pep.inter.xml', `protXML`='NoProtXML', `Date`=now()  where TppTaskID='80' and SearchEngine='COMET' and WellID='231'
wellID=231 searchTask=138 GPM.
update `LTQ_DEMOtppResults` set `pepXML`='/var/www/html/Prohits/EXT/thegpm/gpm/archive/LTQ_DEMO/task138/tpp80/231_H02_25576_gpm.pep.inter.xml', `protXML`='/var/www/html/Prohits/EXT/thegpm/gpm/archive/LTQ_DEMO/task138/tpp80/231_H02_25576_gpm.pep.inter.prot.xml', `Date`=now()  where TppTaskID='80' and SearchEngine='GPM' and WellID='231'
wellID=231 searchTask=138 Mascot.
no protein prophet file($rsFileNameBase) created. please read log file for detail: /var/www/html/Prohits/EXT/thegpm/gpm/archive/LTQ_DEMO/task138/TPPtask.log
update `LTQ_DEMOtppResults` set `pepXML`='/var/www/html/Prohits/EXT/thegpm/gpm/archive/LTQ_DEMO/task138/tpp80/231_H02_25576_mascot.pep.inter.xml', `protXML`='NoProtXML', `Date`=now()  where TppTaskID='80' and SearchEngine='Mascot' and WellID='231'
wellID=231 searchTask=138 MSGFPL.
update `LTQ_DEMOtppResults` set `pepXML`='/var/www/html/Prohits/EXT/thegpm/gpm/archive/LTQ_DEMO/task138/tpp80/231_H02_25576_msgfpl.pep.inter.xml', `protXML`='/var/www/html/Prohits/EXT/thegpm/gpm/archive/LTQ_DEMO/task138/tpp80/231_H02_25576_msgfpl.pep.inter.prot.xml', `Date`=now()  where TppTaskID='80' and SearchEngine='MSGFPL' and WellID='231'
wellID=231 searchTask=138 iProphet.
update `LTQ_DEMOtppResults` set `pepXML`='/var/www/html/Prohits/EXT/thegpm/gpm/archive/LTQ_DEMO/task138/tpp80/231_H02_25576_combined.pep.inter.xml', `protXML`='/var/www/html/Prohits/EXT/thegpm/gpm/archive/LTQ_DEMO/task138/tpp80/231_H02_25576_combined.pep.inter.iproph.prot.xml', `Date`=now()  where TppTaskID='80' and SearchEngine='iProphet' and WellID='231'
End TPP task: 80 -- 2015-11-3 12:07:58

TPP task start: 81 -- LTQ_DEMO searchTaskID=139 -- 2015-11-3 14:02:54
wellID=232 searchTask=139 COMET.
update `LTQ_DEMOtppResults` set `pepXML`='/var/www/html/Prohits/EXT/thegpm/gpm/archive/LTQ_DEMO/task139/tpp81/232_29934_CTCF_i2N_112414_BR1_comet.pep.inter.xml', `protXML`='/var/www/html/Prohits/EXT/thegpm/gpm/archive/LTQ_DEMO/task139/tpp81/232_29934_CTCF_i2N_112414_BR1_comet.pep.inter.prot.xml', `Date`=now()  where TppTaskID='81' and SearchEngine='COMET' and WellID='232'
wellID=232 searchTask=139 GPM.
update `LTQ_DEMOtppResults` set `pepXML`='/var/www/html/Prohits/EXT/thegpm/gpm/archive/LTQ_DEMO/task139/tpp81/232_29934_CTCF_i2N_112414_BR1_gpm.pep.inter.xml', `protXML`='/var/www/html/Prohits/EXT/thegpm/gpm/archive/LTQ_DEMO/task139/tpp81/232_29934_CTCF_i2N_112414_BR1_gpm.pep.inter.prot.xml', `Date`=now()  where TppTaskID='81' and SearchEngine='GPM' and WellID='232'
wellID=232 searchTask=139 MSGFPL.
update `LTQ_DEMOtppResults` set `pepXML`='/var/www/html/Prohits/EXT/thegpm/gpm/archive/LTQ_DEMO/task139/tpp81/232_29934_CTCF_i2N_112414_BR1_msgfpl.pep.inter.xml', `protXML`='/var/www/html/Prohits/EXT/thegpm/gpm/archive/LTQ_DEMO/task139/tpp81/232_29934_CTCF_i2N_112414_BR1_msgfpl.pep.inter.prot.xml', `Date`=now()  where TppTaskID='81' and SearchEngine='MSGFPL' and WellID='232'
wellID=232 searchTask=139 iProphet.
update `LTQ_DEMOtppResults` set `pepXML`='/var/www/html/Prohits/EXT/thegpm/gpm/archive/LTQ_DEMO/task139/tpp81/232_29934_CTCF_i2N_112414_BR1_combined.pep.inter.xml', `protXML`='/var/www/html/Prohits/EXT/thegpm/gpm/archive/LTQ_DEMO/task139/tpp81/232_29934_CTCF_i2N_112414_BR1_combined.pep.inter.iproph.prot.xml', `Date`=now()  where TppTaskID='81' and SearchEngine='iProphet' and WellID='232'
End TPP task: 81 -- 2015-11-3 14:04:18

TPP task start: 82 -- LTQ_DEMO searchTaskID=140 -- 2015-11-3 16:15:14
wellID=244 searchTask=140 COMET.
update `LTQ_DEMOtppResults` set `pepXML`='/var/www/html/Prohits/EXT/thegpm/gpm/archive/LTQ_DEMO/task140/244_Swath_MEPCEJune7-Biorep2b_comet/COMET_combined.pep.inter.xml', `protXML`='/var/www/html/Prohits/EXT/thegpm/gpm/archive/LTQ_DEMO/task140/244_Swath_MEPCEJune7-Biorep2b_comet/COMET_combined.pep.inter.prot.xml', `Date`=now()  where TppTaskID='82' and SearchEngine='COMET' and WellID='244'
wellID=244 searchTask=140 GPM.
update `LTQ_DEMOtppResults` set `pepXML`='/var/www/html/Prohits/EXT/thegpm/gpm/archive/LTQ_DEMO/task140/244_Swath_MEPCEJune7-Biorep2b_gpm/GPM_combined.pep.inter.xml', `protXML`='/var/www/html/Prohits/EXT/thegpm/gpm/archive/LTQ_DEMO/task140/244_Swath_MEPCEJune7-Biorep2b_gpm/GPM_combined.pep.inter.prot.xml', `Date`=now()  where TppTaskID='82' and SearchEngine='GPM' and WellID='244'
wellID=244 searchTask=140 MSGFPL.
update `LTQ_DEMOtppResults` set `pepXML`='/var/www/html/Prohits/EXT/thegpm/gpm/archive/LTQ_DEMO/task140/244_Swath_MEPCEJune7-Biorep2b_msgfpl/MSGFPL_combined.pep.inter.xml', `protXML`='/var/www/html/Prohits/EXT/thegpm/gpm/archive/LTQ_DEMO/task140/244_Swath_MEPCEJune7-Biorep2b_msgfpl/MSGFPL_combined.pep.inter.prot.xml', `Date`=now()  where TppTaskID='82' and SearchEngine='MSGFPL' and WellID='244'
wellID=244 searchTask=140 iProphet.
update `LTQ_DEMOtppResults` set `pepXML`='/var/www/html/Prohits/EXT/thegpm/gpm/archive/LTQ_DEMO/task140/tpp82/interact-244_Swath_MEPCEJune7-Biorep2b_Q3.pep.xml', `protXML`='/var/www/html/Prohits/EXT/thegpm/gpm/archive/LTQ_DEMO/task140/tpp82/244_Swath_MEPCEJune7-Biorep2b.pep.inter.iproph.prot.xml', `Date`=now()  where TppTaskID='82' and SearchEngine='iProphet' and WellID='244'
End TPP task: 82 -- 2015-11-3 16:25:03

TPP task start: 1 -- LTQ_DEMO searchTaskID=1 -- 2015-11-23 18:34:57
wellID=3 searchTask=1 COMET.
update `LTQ_DEMOtppResults` set `pepXML`='/var/www/html/Prohits/EXT/thegpm/gpm/archive/LTQ_DEMO/task1/tpp1/3_30_TPK2_comet.pep.inter.xml', `protXML`='/var/www/html/Prohits/EXT/thegpm/gpm/archive/LTQ_DEMO/task1/tpp1/3_30_TPK2_comet.pep.inter.prot.xml', `Date`=now()  where TppTaskID='1' and SearchEngine='COMET' and WellID='3'
wellID=3 searchTask=1 Mascot.
update `LTQ_DEMOtppResults` set `pepXML`='/var/www/html/Prohits/EXT/thegpm/gpm/archive/LTQ_DEMO/task1/tpp1/3_30_TPK2_mascot.pep.inter.xml', `protXML`='/var/www/html/Prohits/EXT/thegpm/gpm/archive/LTQ_DEMO/task1/tpp1/3_30_TPK2_mascot.pep.inter.prot.xml', `Date`=now()  where TppTaskID='1' and SearchEngine='Mascot' and WellID='3'
wellID=3 searchTask=1 iProphet.
update `LTQ_DEMOtppResults` set `pepXML`='/var/www/html/Prohits/EXT/thegpm/gpm/archive/LTQ_DEMO/task1/tpp1/3_30_TPK2_combined.pep.inter.xml', `protXML`='/var/www/html/Prohits/EXT/thegpm/gpm/archive/LTQ_DEMO/task1/tpp1/3_30_TPK2_combined.pep.inter.iproph.prot.xml', `Date`=now()  where TppTaskID='1' and SearchEngine='iProphet' and WellID='3'
wellID=4 searchTask=1 COMET.
update `LTQ_DEMOtppResults` set `pepXML`='/var/www/html/Prohits/EXT/thegpm/gpm/archive/LTQ_DEMO/task1/tpp1/4_201_AVO1_HA_comet.pep.inter.xml', `protXML`='/var/www/html/Prohits/EXT/thegpm/gpm/archive/LTQ_DEMO/task1/tpp1/4_201_AVO1_HA_comet.pep.inter.prot.xml', `Date`=now()  where TppTaskID='1' and SearchEngine='COMET' and WellID='4'
wellID=4 searchTask=1 Mascot.
update `LTQ_DEMOtppResults` set `pepXML`='/var/www/html/Prohits/EXT/thegpm/gpm/archive/LTQ_DEMO/task1/tpp1/4_201_AVO1_HA_mascot.pep.inter.xml', `protXML`='/var/www/html/Prohits/EXT/thegpm/gpm/archive/LTQ_DEMO/task1/tpp1/4_201_AVO1_HA_mascot.pep.inter.prot.xml', `Date`=now()  where TppTaskID='1' and SearchEngine='Mascot' and WellID='4'
wellID=4 searchTask=1 iProphet.
update `LTQ_DEMOtppResults` set `pepXML`='/var/www/html/Prohits/EXT/thegpm/gpm/archive/LTQ_DEMO/task1/tpp1/4_201_AVO1_HA_combined.pep.inter.xml', `protXML`='/var/www/html/Prohits/EXT/thegpm/gpm/archive/LTQ_DEMO/task1/tpp1/4_201_AVO1_HA_combined.pep.inter.iproph.prot.xml', `Date`=now()  where TppTaskID='1' and SearchEngine='iProphet' and WellID='4'
wellID=5 searchTask=1 COMET.
update `LTQ_DEMOtppResults` set `pepXML`='/var/www/html/Prohits/EXT/thegpm/gpm/archive/LTQ_DEMO/task1/tpp1/5_32_ALK2_comet.pep.inter.xml', `protXML`='/var/www/html/Prohits/EXT/thegpm/gpm/archive/LTQ_DEMO/task1/tpp1/5_32_ALK2_comet.pep.inter.prot.xml', `Date`=now()  where TppTaskID='1' and SearchEngine='COMET' and WellID='5'
wellID=5 searchTask=1 Mascot.
update `LTQ_DEMOtppResults` set `pepXML`='/var/www/html/Prohits/EXT/thegpm/gpm/archive/LTQ_DEMO/task1/tpp1/5_32_ALK2_mascot.pep.inter.xml', `protXML`='/var/www/html/Prohits/EXT/thegpm/gpm/archive/LTQ_DEMO/task1/tpp1/5_32_ALK2_mascot.pep.inter.prot.xml', `Date`=now()  where TppTaskID='1' and SearchEngine='Mascot' and WellID='5'
wellID=5 searchTask=1 iProphet.
update `LTQ_DEMOtppResults` set `pepXML`='/var/www/html/Prohits/EXT/thegpm/gpm/archive/LTQ_DEMO/task1/tpp1/5_32_ALK2_combined.pep.inter.xml', `protXML`='/var/www/html/Prohits/EXT/thegpm/gpm/archive/LTQ_DEMO/task1/tpp1/5_32_ALK2_combined.pep.inter.iproph.prot.xml', `Date`=now()  where TppTaskID='1' and SearchEngine='iProphet' and WellID='5'
wellID=6 searchTask=1 COMET.
update `LTQ_DEMOtppResults` set `pepXML`='/var/www/html/Prohits/EXT/thegpm/gpm/archive/LTQ_DEMO/task1/tpp1/6_202_TPK2_comet.pep.inter.xml', `protXML`='/var/www/html/Prohits/EXT/thegpm/gpm/archive/LTQ_DEMO/task1/tpp1/6_202_TPK2_comet.pep.inter.prot.xml', `Date`=now()  where TppTaskID='1' and SearchEngine='COMET' and WellID='6'
wellID=6 searchTask=1 Mascot.
update `LTQ_DEMOtppResults` set `pepXML`='/var/www/html/Prohits/EXT/thegpm/gpm/archive/LTQ_DEMO/task1/tpp1/6_202_TPK2_mascot.pep.inter.xml', `protXML`='/var/www/html/Prohits/EXT/thegpm/gpm/archive/LTQ_DEMO/task1/tpp1/6_202_TPK2_mascot.pep.inter.prot.xml', `Date`=now()  where TppTaskID='1' and SearchEngine='Mascot' and WellID='6'
wellID=6 searchTask=1 iProphet.
update `LTQ_DEMOtppResults` set `pepXML`='/var/www/html/Prohits/EXT/thegpm/gpm/archive/LTQ_DEMO/task1/tpp1/6_202_TPK2_combined.pep.inter.xml', `protXML`='/var/www/html/Prohits/EXT/thegpm/gpm/archive/LTQ_DEMO/task1/tpp1/6_202_TPK2_combined.pep.inter.iproph.prot.xml', `Date`=now()  where TppTaskID='1' and SearchEngine='iProphet' and WellID='6'
wellID=7 searchTask=1 COMET.
update `LTQ_DEMOtppResults` set `pepXML`='/var/www/html/Prohits/EXT/thegpm/gpm/archive/LTQ_DEMO/task1/tpp1/7_200_NET1_HA_comet.pep.inter.xml', `protXML`='/var/www/html/Prohits/EXT/thegpm/gpm/archive/LTQ_DEMO/task1/tpp1/7_200_NET1_HA_comet.pep.inter.prot.xml', `Date`=now()  where TppTaskID='1' and SearchEngine='COMET' and WellID='7'
wellID=7 searchTask=1 Mascot.
update `LTQ_DEMOtppResults` set `pepXML`='/var/www/html/Prohits/EXT/thegpm/gpm/archive/LTQ_DEMO/task1/tpp1/7_200_NET1_HA_mascot.pep.inter.xml', `protXML`='/var/www/html/Prohits/EXT/thegpm/gpm/archive/LTQ_DEMO/task1/tpp1/7_200_NET1_HA_mascot.pep.inter.prot.xml', `Date`=now()  where TppTaskID='1' and SearchEngine='Mascot' and WellID='7'
wellID=7 searchTask=1 iProphet.
update `LTQ_DEMOtppResults` set `pepXML`='/var/www/html/Prohits/EXT/thegpm/gpm/archive/LTQ_DEMO/task1/tpp1/7_200_NET1_HA_combined.pep.inter.xml', `protXML`='/var/www/html/Prohits/EXT/thegpm/gpm/archive/LTQ_DEMO/task1/tpp1/7_200_NET1_HA_combined.pep.inter.iproph.prot.xml', `Date`=now()  where TppTaskID='1' and SearchEngine='iProphet' and WellID='7'
End TPP task: 1 -- 2015-11-23 18:40:44

TPP task start: 2 -- LTQ_DEMO searchTaskID=2 -- 2015-11-23 19:36:49
wellID=8 searchTask=2 COMET.
update `LTQ_DEMOtppResults` set `pepXML`='/var/www/html/Prohits/EXT/thegpm/gpm/archive/LTQ_DEMO/task2/tpp2/8_8_MEPCE_comet.pep.inter.xml', `protXML`='/var/www/html/Prohits/EXT/thegpm/gpm/archive/LTQ_DEMO/task2/tpp2/8_8_MEPCE_comet.pep.inter.prot.xml', `Date`=now()  where TppTaskID='2' and SearchEngine='COMET' and WellID='8'
wellID=8 searchTask=2 Mascot.
update `LTQ_DEMOtppResults` set `pepXML`='/var/www/html/Prohits/EXT/thegpm/gpm/archive/LTQ_DEMO/task2/tpp2/8_8_MEPCE_mascot.pep.inter.xml', `protXML`='/var/www/html/Prohits/EXT/thegpm/gpm/archive/LTQ_DEMO/task2/tpp2/8_8_MEPCE_mascot.pep.inter.prot.xml', `Date`=now()  where TppTaskID='2' and SearchEngine='Mascot' and WellID='8'
wellID=8 searchTask=2 iProphet.
no protein prophet file($rsFileNameBase) created. please read log file for detail: /var/www/html/Prohits/EXT/thegpm/gpm/archive/LTQ_DEMO/task2/TPPtask.log
update `LTQ_DEMOtppResults` set `pepXML`='/var/www/html/Prohits/EXT/thegpm/gpm/archive/LTQ_DEMO/task2/tpp2/8_8_MEPCE_combined.pep.inter.xml', `protXML`='NoProtXML', `Date`=now()  where TppTaskID='2' and SearchEngine='iProphet' and WellID='8'
wellID=9 searchTask=2 COMET.
update `LTQ_DEMOtppResults` set `pepXML`='/var/www/html/Prohits/EXT/thegpm/gpm/archive/LTQ_DEMO/task2/tpp2/9_14_RAF1_comet.pep.inter.xml', `protXML`='/var/www/html/Prohits/EXT/thegpm/gpm/archive/LTQ_DEMO/task2/tpp2/9_14_RAF1_comet.pep.inter.prot.xml', `Date`=now()  where TppTaskID='2' and SearchEngine='COMET' and WellID='9'
wellID=9 searchTask=2 Mascot.
update `LTQ_DEMOtppResults` set `pepXML`='/var/www/html/Prohits/EXT/thegpm/gpm/archive/LTQ_DEMO/task2/tpp2/9_14_RAF1_mascot.pep.inter.xml', `protXML`='/var/www/html/Prohits/EXT/thegpm/gpm/archive/LTQ_DEMO/task2/tpp2/9_14_RAF1_mascot.pep.inter.prot.xml', `Date`=now()  where TppTaskID='2' and SearchEngine='Mascot' and WellID='9'
wellID=9 searchTask=2 iProphet.
no protein prophet file($rsFileNameBase) created. please read log file for detail: /var/www/html/Prohits/EXT/thegpm/gpm/archive/LTQ_DEMO/task2/TPPtask.log
update `LTQ_DEMOtppResults` set `pepXML`='/var/www/html/Prohits/EXT/thegpm/gpm/archive/LTQ_DEMO/task2/tpp2/9_14_RAF1_combined.pep.inter.xml', `protXML`='NoProtXML', `Date`=now()  where TppTaskID='2' and SearchEngine='iProphet' and WellID='9'
wellID=10 searchTask=2 COMET.
update `LTQ_DEMOtppResults` set `pepXML`='/var/www/html/Prohits/EXT/thegpm/gpm/archive/LTQ_DEMO/task2/tpp2/10_12_WASL_comet.pep.inter.xml', `protXML`='/var/www/html/Prohits/EXT/thegpm/gpm/archive/LTQ_DEMO/task2/tpp2/10_12_WASL_comet.pep.inter.prot.xml', `Date`=now()  where TppTaskID='2' and SearchEngine='COMET' and WellID='10'
wellID=10 searchTask=2 Mascot.
update `LTQ_DEMOtppResults` set `pepXML`='/var/www/html/Prohits/EXT/thegpm/gpm/archive/LTQ_DEMO/task2/tpp2/10_12_WASL_mascot.pep.inter.xml', `protXML`='/var/www/html/Prohits/EXT/thegpm/gpm/archive/LTQ_DEMO/task2/tpp2/10_12_WASL_mascot.pep.inter.prot.xml', `Date`=now()  where TppTaskID='2' and SearchEngine='Mascot' and WellID='10'
wellID=10 searchTask=2 iProphet.
no protein prophet file($rsFileNameBase) created. please read log file for detail: /var/www/html/Prohits/EXT/thegpm/gpm/archive/LTQ_DEMO/task2/TPPtask.log
update `LTQ_DEMOtppResults` set `pepXML`='/var/www/html/Prohits/EXT/thegpm/gpm/archive/LTQ_DEMO/task2/tpp2/10_12_WASL_combined.pep.inter.xml', `protXML`='NoProtXML', `Date`=now()  where TppTaskID='2' and SearchEngine='iProphet' and WellID='10'
wellID=11 searchTask=2 COMET.
update `LTQ_DEMOtppResults` set `pepXML`='/var/www/html/Prohits/EXT/thegpm/gpm/archive/LTQ_DEMO/task2/tpp2/11_16_FLAG_Alone_comet.pep.inter.xml', `protXML`='/var/www/html/Prohits/EXT/thegpm/gpm/archive/LTQ_DEMO/task2/tpp2/11_16_FLAG_Alone_comet.pep.inter.prot.xml', `Date`=now()  where TppTaskID='2' and SearchEngine='COMET' and WellID='11'
wellID=11 searchTask=2 Mascot.
update `LTQ_DEMOtppResults` set `pepXML`='/var/www/html/Prohits/EXT/thegpm/gpm/archive/LTQ_DEMO/task2/tpp2/11_16_FLAG_Alone_mascot.pep.inter.xml', `protXML`='/var/www/html/Prohits/EXT/thegpm/gpm/archive/LTQ_DEMO/task2/tpp2/11_16_FLAG_Alone_mascot.pep.inter.prot.xml', `Date`=now()  where TppTaskID='2' and SearchEngine='Mascot' and WellID='11'
wellID=11 searchTask=2 iProphet.
no protein prophet file($rsFileNameBase) created. please read log file for detail: /var/www/html/Prohits/EXT/thegpm/gpm/archive/LTQ_DEMO/task2/TPPtask.log
update `LTQ_DEMOtppResults` set `pepXML`='/var/www/html/Prohits/EXT/thegpm/gpm/archive/LTQ_DEMO/task2/tpp2/11_16_FLAG_Alone_combined.pep.inter.xml', `protXML`='NoProtXML', `Date`=now()  where TppTaskID='2' and SearchEngine='iProphet' and WellID='11'
End TPP task: 2 -- 2015-11-23 19:43:46

TPP task start: 2 -- LTQ_DEMO searchTaskID=2 -- 2015-11-24 11:28:29
wellID=8 searchTask=2 Mascot.
update `LTQ_DEMOtppResults` set `pepXML`='/var/www/html/Prohits/EXT/thegpm/gpm/archive/LTQ_DEMO/task2/tpp2/8_8_MEPCE_mascot.pep.inter.xml', `protXML`='/var/www/html/Prohits/EXT/thegpm/gpm/archive/LTQ_DEMO/task2/tpp2/8_8_MEPCE_mascot.pep.inter.prot.xml', `Date`=now()  where TppTaskID='2' and SearchEngine='Mascot' and WellID='8'
wellID=8 searchTask=2 iProphet.
update `LTQ_DEMOtppResults` set `pepXML`='/var/www/html/Prohits/EXT/thegpm/gpm/archive/LTQ_DEMO/task2/tpp2/8_8_MEPCE_combined.pep.inter.xml', `protXML`='/var/www/html/Prohits/EXT/thegpm/gpm/archive/LTQ_DEMO/task2/tpp2/8_8_MEPCE_combined.pep.inter.iproph.prot.xml', `Date`=now()  where TppTaskID='2' and SearchEngine='iProphet' and WellID='8'
wellID=9 searchTask=2 Mascot.
update `LTQ_DEMOtppResults` set `pepXML`='/var/www/html/Prohits/EXT/thegpm/gpm/archive/LTQ_DEMO/task2/tpp2/9_14_RAF1_mascot.pep.inter.xml', `protXML`='/var/www/html/Prohits/EXT/thegpm/gpm/archive/LTQ_DEMO/task2/tpp2/9_14_RAF1_mascot.pep.inter.prot.xml', `Date`=now()  where TppTaskID='2' and SearchEngine='Mascot' and WellID='9'
wellID=9 searchTask=2 iProphet.
update `LTQ_DEMOtppResults` set `pepXML`='/var/www/html/Prohits/EXT/thegpm/gpm/archive/LTQ_DEMO/task2/tpp2/9_14_RAF1_combined.pep.inter.xml', `protXML`='/var/www/html/Prohits/EXT/thegpm/gpm/archive/LTQ_DEMO/task2/tpp2/9_14_RAF1_combined.pep.inter.iproph.prot.xml', `Date`=now()  where TppTaskID='2' and SearchEngine='iProphet' and WellID='9'
wellID=10 searchTask=2 Mascot.
update `LTQ_DEMOtppResults` set `pepXML`='/var/www/html/Prohits/EXT/thegpm/gpm/archive/LTQ_DEMO/task2/tpp2/10_12_WASL_mascot.pep.inter.xml', `protXML`='/var/www/html/Prohits/EXT/thegpm/gpm/archive/LTQ_DEMO/task2/tpp2/10_12_WASL_mascot.pep.inter.prot.xml', `Date`=now()  where TppTaskID='2' and SearchEngine='Mascot' and WellID='10'
wellID=10 searchTask=2 iProphet.
update `LTQ_DEMOtppResults` set `pepXML`='/var/www/html/Prohits/EXT/thegpm/gpm/archive/LTQ_DEMO/task2/tpp2/10_12_WASL_combined.pep.inter.xml', `protXML`='/var/www/html/Prohits/EXT/thegpm/gpm/archive/LTQ_DEMO/task2/tpp2/10_12_WASL_combined.pep.inter.iproph.prot.xml', `Date`=now()  where TppTaskID='2' and SearchEngine='iProphet' and WellID='10'
wellID=11 searchTask=2 Mascot.
update `LTQ_DEMOtppResults` set `pepXML`='/var/www/html/Prohits/EXT/thegpm/gpm/archive/LTQ_DEMO/task2/tpp2/11_16_FLAG_Alone_mascot.pep.inter.xml', `protXML`='/var/www/html/Prohits/EXT/thegpm/gpm/archive/LTQ_DEMO/task2/tpp2/11_16_FLAG_Alone_mascot.pep.inter.prot.xml', `Date`=now()  where TppTaskID='2' and SearchEngine='Mascot' and WellID='11'
wellID=11 searchTask=2 iProphet.
update `LTQ_DEMOtppResults` set `pepXML`='/var/www/html/Prohits/EXT/thegpm/gpm/archive/LTQ_DEMO/task2/tpp2/11_16_FLAG_Alone_combined.pep.inter.xml', `protXML`='/var/www/html/Prohits/EXT/thegpm/gpm/archive/LTQ_DEMO/task2/tpp2/11_16_FLAG_Alone_combined.pep.inter.iproph.prot.xml', `Date`=now()  where TppTaskID='2' and SearchEngine='iProphet' and WellID='11'
End TPP task: 2 -- 2015-11-24 11:31:58

TPP task start: 3 -- LTQ_DEMO searchTaskID=4 -- 2015-11-24 17:47:48
wellID=45 searchTask=4 COMET.
no protein prophet file($rsFileNameBase) created. please read log file for detail: /var/www/html/Prohits/EXT/thegpm/gpm/archive/LTQ_DEMO/task4/TPPtask.log
update `LTQ_DEMOtppResults` set `pepXML`='/var/www/html/Prohits/EXT/thegpm/gpm/archive/LTQ_DEMO/task4/tpp3/45_Swath_EIF4aJune7-Biorep2_comet.pep.inter.xml', `protXML`='NoProtXML', `Date`=now()  where TppTaskID='3' and SearchEngine='COMET' and WellID='45'
wellID=45 searchTask=4 GPM.
no protein prophet file($rsFileNameBase) created. please read log file for detail: /var/www/html/Prohits/EXT/thegpm/gpm/archive/LTQ_DEMO/task4/TPPtask.log
update `LTQ_DEMOtppResults` set `pepXML`='/var/www/html/Prohits/EXT/thegpm/gpm/archive/LTQ_DEMO/task4/tpp3/45_Swath_EIF4aJune7-Biorep2_gpm.pep.inter.xml', `protXML`='NoProtXML', `Date`=now()  where TppTaskID='3' and SearchEngine='GPM' and WellID='45'
wellID=45 searchTask=4 iProphet.
update `LTQ_DEMOtppResults` set `pepXML`='/var/www/html/Prohits/EXT/thegpm/gpm/archive/LTQ_DEMO/task4/tpp3/45_Swath_EIF4aJune7-Biorep2_combined.pep.inter.xml', `protXML`='/var/www/html/Prohits/EXT/thegpm/gpm/archive/LTQ_DEMO/task4/tpp3/45_Swath_EIF4aJune7-Biorep2_combined.pep.inter.iproph.prot.xml', `Date`=now()  where TppTaskID='3' and SearchEngine='iProphet' and WellID='45'
wellID=46 searchTask=4 COMET.
no protein prophet file($rsFileNameBase) created. please read log file for detail: /var/www/html/Prohits/EXT/thegpm/gpm/archive/LTQ_DEMO/task4/TPPtask.log
update `LTQ_DEMOtppResults` set `pepXML`='/var/www/html/Prohits/EXT/thegpm/gpm/archive/LTQ_DEMO/task4/tpp3/46_Swath_MEPCEJune7-Biorep3_comet.pep.inter.xml', `protXML`='NoProtXML', `Date`=now()  where TppTaskID='3' and SearchEngine='COMET' and WellID='46'
wellID=46 searchTask=4 GPM.
no protein prophet file($rsFileNameBase) created. please read log file for detail: /var/www/html/Prohits/EXT/thegpm/gpm/archive/LTQ_DEMO/task4/TPPtask.log
update `LTQ_DEMOtppResults` set `pepXML`='/var/www/html/Prohits/EXT/thegpm/gpm/archive/LTQ_DEMO/task4/tpp3/46_Swath_MEPCEJune7-Biorep3_gpm.pep.inter.xml', `protXML`='NoProtXML', `Date`=now()  where TppTaskID='3' and SearchEngine='GPM' and WellID='46'
wellID=46 searchTask=4 iProphet.
update `LTQ_DEMOtppResults` set `pepXML`='/var/www/html/Prohits/EXT/thegpm/gpm/archive/LTQ_DEMO/task4/tpp3/46_Swath_MEPCEJune7-Biorep3_combined.pep.inter.xml', `protXML`='/var/www/html/Prohits/EXT/thegpm/gpm/archive/LTQ_DEMO/task4/tpp3/46_Swath_MEPCEJune7-Biorep3_combined.pep.inter.iproph.prot.xml', `Date`=now()  where TppTaskID='3' and SearchEngine='iProphet' and WellID='46'
End TPP task: 3 -- 2015-11-24 18:06:54

TPP task start: 4 -- LTQ_DEMO searchTaskID=5 -- 2015-11-25 11:20:34
wellID=45 searchTask=5 COMET.
update `LTQ_DEMOtppResults` set `pepXML`='/var/www/html/Prohits/EXT/thegpm/gpm/archive/LTQ_DEMO/task5/45_Swath_EIF4aJune7-Biorep2_comet/COMET_combined.pep.inter.xml', `protXML`='/var/www/html/Prohits/EXT/thegpm/gpm/archive/LTQ_DEMO/task5/45_Swath_EIF4aJune7-Biorep2_comet/COMET_combined.pep.inter.prot.xml', `Date`=now()  where TppTaskID='4' and SearchEngine='COMET' and WellID='45'
wellID=45 searchTask=5 GPM.
update `LTQ_DEMOtppResults` set `pepXML`='/var/www/html/Prohits/EXT/thegpm/gpm/archive/LTQ_DEMO/task5/45_Swath_EIF4aJune7-Biorep2_gpm/GPM_combined.pep.inter.xml', `protXML`='/var/www/html/Prohits/EXT/thegpm/gpm/archive/LTQ_DEMO/task5/45_Swath_EIF4aJune7-Biorep2_gpm/GPM_combined.pep.inter.prot.xml', `Date`=now()  where TppTaskID='4' and SearchEngine='GPM' and WellID='45'
wellID=45 searchTask=5 iProphet.
update `LTQ_DEMOtppResults` set `pepXML`='/var/www/html/Prohits/EXT/thegpm/gpm/archive/LTQ_DEMO/task5/tpp4/interact-45_Swath_EIF4aJune7-Biorep2_Q3.pep.xml', `protXML`='/var/www/html/Prohits/EXT/thegpm/gpm/archive/LTQ_DEMO/task5/tpp4/45_Swath_EIF4aJune7-Biorep2.pep.inter.iproph.prot.xml', `Date`=now()  where TppTaskID='4' and SearchEngine='iProphet' and WellID='45'
wellID=46 searchTask=5 COMET.
update `LTQ_DEMOtppResults` set `pepXML`='/var/www/html/Prohits/EXT/thegpm/gpm/archive/LTQ_DEMO/task5/46_Swath_MEPCEJune7-Biorep3_comet/COMET_combined.pep.inter.xml', `protXML`='/var/www/html/Prohits/EXT/thegpm/gpm/archive/LTQ_DEMO/task5/46_Swath_MEPCEJune7-Biorep3_comet/COMET_combined.pep.inter.prot.xml', `Date`=now()  where TppTaskID='4' and SearchEngine='COMET' and WellID='46'
wellID=46 searchTask=5 GPM.
update `LTQ_DEMOtppResults` set `pepXML`='/var/www/html/Prohits/EXT/thegpm/gpm/archive/LTQ_DEMO/task5/46_Swath_MEPCEJune7-Biorep3_gpm/GPM_combined.pep.inter.xml', `protXML`='/var/www/html/Prohits/EXT/thegpm/gpm/archive/LTQ_DEMO/task5/46_Swath_MEPCEJune7-Biorep3_gpm/GPM_combined.pep.inter.prot.xml', `Date`=now()  where TppTaskID='4' and SearchEngine='GPM' and WellID='46'
wellID=46 searchTask=5 iProphet.
update `LTQ_DEMOtppResults` set `pepXML`='/var/www/html/Prohits/EXT/thegpm/gpm/archive/LTQ_DEMO/task5/tpp4/interact-46_Swath_MEPCEJune7-Biorep3_Q3.pep.xml', `protXML`='/var/www/html/Prohits/EXT/thegpm/gpm/archive/LTQ_DEMO/task5/tpp4/46_Swath_MEPCEJune7-Biorep3.pep.inter.iproph.prot.xml', `Date`=now()  where TppTaskID='4' and SearchEngine='iProphet' and WellID='46'
End TPP task: 4 -- 2015-11-25 11:37:54

TPP task start: 4 -- LTQ_DEMO searchTaskID=5 -- 2015-11-26 12:47:12
wellID=45 searchTask=5 COMET.
update `LTQ_DEMOtppResults` set `pepXML`='/var/www/html/Prohits/EXT/thegpm/gpm/archive/LTQ_DEMO/task5/45_Swath_EIF4aJune7-Biorep2_comet/COMET_combined.pep.inter.xml', `protXML`='/var/www/html/Prohits/EXT/thegpm/gpm/archive/LTQ_DEMO/task5/45_Swath_EIF4aJune7-Biorep2_comet/COMET_combined.pep.inter.prot.xml', `Date`=now()  where TppTaskID='4' and SearchEngine='COMET' and WellID='45'
wellID=45 searchTask=5 GPM.
update `LTQ_DEMOtppResults` set `pepXML`='/var/www/html/Prohits/EXT/thegpm/gpm/archive/LTQ_DEMO/task5/45_Swath_EIF4aJune7-Biorep2_gpm/GPM_combined.pep.inter.xml', `protXML`='/var/www/html/Prohits/EXT/thegpm/gpm/archive/LTQ_DEMO/task5/45_Swath_EIF4aJune7-Biorep2_gpm/GPM_combined.pep.inter.prot.xml', `Date`=now()  where TppTaskID='4' and SearchEngine='GPM' and WellID='45'
wellID=45 searchTask=5 iProphet.
update `LTQ_DEMOtppResults` set `pepXML`='/var/www/html/Prohits/EXT/thegpm/gpm/archive/LTQ_DEMO/task5/tpp4/interact-45_Swath_EIF4aJune7-Biorep2_Q3.pep.xml', `protXML`='/var/www/html/Prohits/EXT/thegpm/gpm/archive/LTQ_DEMO/task5/tpp4/45_Swath_EIF4aJune7-Biorep2.pep.inter.iproph.prot.xml', `Date`=now()  where TppTaskID='4' and SearchEngine='iProphet' and WellID='45'
End TPP task: 4 -- 2015-11-26 12:53:49

TPP task start: 4 -- LTQ_DEMO searchTaskID=5 -- 2015-11-26 15:13:49
wellID=45 searchTask=5 COMET.
update `LTQ_DEMOtppResults` set `pepXML`='/var/www/html/Prohits/EXT/thegpm/gpm/archive/LTQ_DEMO/task5/45_Swath_EIF4aJune7-Biorep2_comet/COMET_combined.pep.inter.xml', `protXML`='/var/www/html/Prohits/EXT/thegpm/gpm/archive/LTQ_DEMO/task5/45_Swath_EIF4aJune7-Biorep2_comet/COMET_combined.pep.inter.prot.xml', `Date`=now()  where TppTaskID='4' and SearchEngine='COMET' and WellID='45'
wellID=45 searchTask=5 GPM.
update `LTQ_DEMOtppResults` set `pepXML`='/var/www/html/Prohits/EXT/thegpm/gpm/archive/LTQ_DEMO/task5/45_Swath_EIF4aJune7-Biorep2_gpm/GPM_combined.pep.inter.xml', `protXML`='/var/www/html/Prohits/EXT/thegpm/gpm/archive/LTQ_DEMO/task5/45_Swath_EIF4aJune7-Biorep2_gpm/GPM_combined.pep.inter.prot.xml', `Date`=now()  where TppTaskID='4' and SearchEngine='GPM' and WellID='45'
wellID=45 searchTask=5 iProphet.
update `LTQ_DEMOtppResults` set `pepXML`='/var/www/html/Prohits/EXT/thegpm/gpm/archive/LTQ_DEMO/task5/tpp4/interact-45_Swath_EIF4aJune7-Biorep2_Q3.pep.xml', `protXML`='/var/www/html/Prohits/EXT/thegpm/gpm/archive/LTQ_DEMO/task5/tpp4/45_Swath_EIF4aJune7-Biorep2.pep.inter.iproph.prot.xml', `Date`=now()  where TppTaskID='4' and SearchEngine='iProphet' and WellID='45'
wellID=46 searchTask=5 COMET.
update `LTQ_DEMOtppResults` set `pepXML`='/var/www/html/Prohits/EXT/thegpm/gpm/archive/LTQ_DEMO/task5/46_Swath_MEPCEJune7-Biorep3_comet/COMET_combined.pep.inter.xml', `protXML`='/var/www/html/Prohits/EXT/thegpm/gpm/archive/LTQ_DEMO/task5/46_Swath_MEPCEJune7-Biorep3_comet/COMET_combined.pep.inter.prot.xml', `Date`=now()  where TppTaskID='4' and SearchEngine='COMET' and WellID='46'
wellID=46 searchTask=5 GPM.
update `LTQ_DEMOtppResults` set `pepXML`='/var/www/html/Prohits/EXT/thegpm/gpm/archive/LTQ_DEMO/task5/46_Swath_MEPCEJune7-Biorep3_gpm/GPM_combined.pep.inter.xml', `protXML`='/var/www/html/Prohits/EXT/thegpm/gpm/archive/LTQ_DEMO/task5/46_Swath_MEPCEJune7-Biorep3_gpm/GPM_combined.pep.inter.prot.xml', `Date`=now()  where TppTaskID='4' and SearchEngine='GPM' and WellID='46'
wellID=46 searchTask=5 iProphet.
update `LTQ_DEMOtppResults` set `pepXML`='/var/www/html/Prohits/EXT/thegpm/gpm/archive/LTQ_DEMO/task5/tpp4/interact-46_Swath_MEPCEJune7-Biorep3_Q3.pep.xml', `protXML`='/var/www/html/Prohits/EXT/thegpm/gpm/archive/LTQ_DEMO/task5/tpp4/46_Swath_MEPCEJune7-Biorep3.pep.inter.iproph.prot.xml', `Date`=now()  where TppTaskID='4' and SearchEngine='iProphet' and WellID='46'
End TPP task: 4 -- 2015-11-26 15:26:38